╔═══════╦══════════╦═════════════════╦═══════════════════════╦═══════════════╦══════════════════════════╦═════════════════╗
║   Ind ║ Simbol   ║ Emission        ║ Mkt. Cap.             ║ Price (USD)   ║ GIT commits of 90 days   ║   Underestimate ║
╠═══════╬══════════╬═════════════════╬═══════════════════════╬═══════════════╬══════════════════════════╬═════════════════╣
║     0 ║ CTK      ║ 133,687,317     ║ $132,910,919.96       ║ $0.946        ║ no data                  ║           15942 ║
╠═══════╬══════════╬═════════════════╬═══════════════════════╬═══════════════╬══════════════════════════╬═════════════════╣
║     1 ║ NANO     ║ 133,248,297     ║ $209,090,016.93       ║ $1.5692       ║ 255                      ║            9642 ║
╠═══════╬══════════╬═════════════════╬═══════════════════════╬═══════════════╬══════════════════════════╬═════════════════╣
║     2 ║ SC       ║ 57,769,785,000  ║ $407,643,789.94       ║ $0.0071       ║ no data                  ║            4946 ║
╠═══════╬══════════╬═════════════════╬═══════════════════════╬═══════════════╬══════════════════════════╬═════════════════╣
║     3 ║ ONE      ║ 14,269,278,702  ║ $415,704,288.84       ║ $0.0288       ║ 19                       ║            4914 ║
╠═══════╬══════════╬═════════════════╬═══════════════════════╬═══════════════╬══════════════════════════╬═════════════════╣
║     4 ║ IOTX     ║ 10,000,000,000  ║ $539,052,087.94       ║ $0.0571       ║ 99                       ║            3531 ║
╠═══════╬══════════╬═════════════════╬═══════════════════════╬═══════════════╬══════════════════════════╬═════════════════╣
║     5 ║ NOT      ║ 102,719,221,714 ║ $864,019,001.88       ║ $0.0084       ║ no data                  ║            2327 ║
╠═══════╬══════════╬═════════════════╬═══════════════════════╬═══════════════╬══════════════════════════╬═════════════════╣
║     6 ║ ROSE     ║ 10,000,000,000  ║ $1,154,383,381.16     ║ $0.1154       ║ 96                       ║            1746 ║
╠═══════╬══════════╬═════════════════╬═══════════════════════╬═══════════════╬══════════════════════════╬═════════════════╣
║     7 ║ MIOTA    ║ 3,229,505,319   ║ $1,082,454,388.63     ║ $0.3894       ║ no data                  ║            1603 ║
╠═══════╬══════════╬═════════════════╬═══════════════════════╬═══════════════╬══════════════════════════╬═════════════════╣
║     8 ║ ZEC      ║ 21,000,000      ║ $1,012,476,935.27     ║ $66.9647      ║ 62                       ║            1434 ║
╠═══════╬══════════╬═════════════════╬═══════════════════════╬═══════════════╬══════════════════════════╬═════════════════╣
║     9 ║ FLOW     ║ 1,503,293,597   ║ $1,604,439,932.69     ║ $1.0367       ║ 734                      ║            1294 ║
╠═══════╬══════════╬═════════════════╬═══════════════════════╬═══════════════╬══════════════════════════╬═════════════════╣
║    10 ║ HNT      ║ 223,000,000     ║ $1,459,246,564.69     ║ $8.4397       ║ 27                       ║            1071 ║
╠═══════╬══════════╬═════════════════╬═══════════════════════╬═══════════════╬══════════════════════════╬═════════════════╣
║    11 ║ RUNE     ║ 415,800,965     ║ $2,504,529,182.13     ║ $6.0221       ║ no data                  ║             805 ║
╠═══════╬══════════╬═════════════════╬═══════════════════════╬═══════════════╬══════════════════════════╬═════════════════╣
║    12 ║ CRV      ║ 3,303,030,299   ║ $1,670,457,832.48     ║ $0.7597       ║ no data                  ║             803 ║
╠═══════╬══════════╬═════════════════╬═══════════════════════╬═══════════════╬══════════════════════════╬═════════════════╣
║    13 ║ INJ      ║ 100,000,000     ║ $3,003,753,334.21     ║ $30.0375      ║ no data                  ║             671 ║
╠═══════╬══════════╬═════════════════╬═══════════════════════╬═══════════════╬══════════════════════════╬═════════════════╣
║    14 ║ GRT      ║ 10,797,266,751  ║ $3,034,068,894.77     ║ $0.2809       ║ 32                       ║             665 ║
╠═══════╬══════════╬═════════════════╬═══════════════════════╬═══════════════╬══════════════════════════╬═════════════════╣
║    15 ║ XMR      ║ 18,429,993      ║ $12,976,255.63        ║ $168.3066     ║ 6                        ║             650 ║
╠═══════╬══════════╬═════════════════╬═══════════════════════╬═══════════════╬══════════════════════════╬═════════════════╣
║    16 ║ OM       ║ 888,888,888     ║ $3,191,175,097.85     ║ $3.5901       ║ no data                  ║             632 ║
╠═══════╬══════════╬═════════════════╬═══════════════════════╬═══════════════╬══════════════════════════╬═════════════════╣
║    17 ║ W        ║ 10,000,000,000  ║ $3,301,122,054.42     ║ $0.3301       ║ no data                  ║             611 ║
╠═══════╬══════════╬═════════════════╬═══════════════════════╬═══════════════╬══════════════════════════╬═════════════════╣
║    18 ║ FTM      ║ 3,175,000,000   ║ $3,456,143,905.90     ║ $1.0885       ║ no data                  ║             583 ║
╠═══════╬══════════╬═════════════════╬═══════════════════════╬═══════════════╬══════════════════════════╬═════════════════╣
║    19 ║ ATOM     ║ 390,930,671     ║ $3,936,314,661.91     ║ $9.2508       ║ no data                  ║             557 ║
╠═══════╬══════════╬═════════════════╬═══════════════════════╬═══════════════╬══════════════════════════╬═════════════════╣
║    20 ║ STX      ║ 1,818,000,000   ║ $3,537,703,078.24     ║ $2.275        ║ 1118                     ║             487 ║
╠═══════╬══════════╬═════════════════╬═══════════════════════╬═══════════════╬══════════════════════════╬═════════════════╣
║    21 ║ VET      ║ 86,712,634,466  ║ $4,504,498,616.59     ║ $0.0524       ║ 27                       ║             444 ║
╠═══════╬══════════╬═════════════════╬═══════════════════════╬═══════════════╬══════════════════════════╬═════════════════╣
║    22 ║ PYTH     ║ 9,999,988,994   ║ $4,809,259,566.11     ║ $0.4809       ║ no data                  ║             419 ║
╠═══════╬══════════╬═════════════════╬═══════════════════════╬═══════════════╬══════════════════════════╬═════════════════╣
║    23 ║ ALGO     ║ 10,000,000,000  ║ $5,366,557,165.75     ║ $0.5367       ║ no data                  ║             376 ║
╠═══════╬══════════╬═════════════════╬═══════════════════════╬═══════════════╬══════════════════════════╬═════════════════╣
║    24 ║ CRO      ║ 30,263,013,692  ║ $5,483,832,038.20     ║ $0.1828       ║ no data                  ║             364 ║
╠═══════╬══════════╬═════════════════╬═══════════════════════╬═══════════════╬══════════════════════════╬═════════════════╣
║    25 ║ MATIC    ║ 10,000,000,000  ║ $6,270,546,614.31     ║ $0.6288       ║ 76                       ║             321 ║
╠═══════╬══════════╬═════════════════╬═══════════════════════╬═══════════════╬══════════════════════════╬═════════════════╣
║    26 ║ TIA      ║ 1,039,890,411   ║ $7,866,050,792.00     ║ $7.3278       ║ no data                  ║             265 ║
╠═══════╬══════════╬═════════════════╬═══════════════════════╬═══════════════╬══════════════════════════╬═════════════════╣
║    27 ║ NEAR     ║ 1,188,295,576   ║ $8,247,819,270.33     ║ $6.7428       ║ 332                      ║             252 ║
╠═══════╬══════════╬═════════════════╬═══════════════════════╬═══════════════╬══════════════════════════╬═════════════════╣
║    28 ║ ARB      ║ 10,000,000,000  ║ $9,668,916,605.15     ║ $0.9669       ║ 440                      ║             209 ║
╠═══════╬══════════╬═════════════════╬═══════════════════════╬═══════════════╬══════════════════════════╬═════════════════╣
║    29 ║ OP       ║ 4,294,967,296   ║ $10,398,156,621.19    ║ $2.421        ║ 945                      ║             194 ║
╠═══════╬══════════╬═════════════════╬═══════════════════════╬═══════════════╬══════════════════════════╬═════════════════╣
║    30 ║ BCH      ║ 21,000,000      ║ $10,308,692,287.94    ║ $520.7339     ║ no data                  ║             184 ║
╠═══════╬══════════╬═════════════════╬═══════════════════════╬═══════════════╬══════════════════════════╬═════════════════╣
║    31 ║ JUP      ║ 10,000,000,000  ║ $11,559,101,517.31    ║ $1.1559       ║ no data                  ║             174 ║
╠═══════╬══════════╬═════════════════╬═══════════════════════╬═══════════════╬══════════════════════════╬═════════════════╣
║    32 ║ TAO      ║ 21,000,000      ║ $4,618,944,544.16     ║ $589.3048     ║ no data                  ║             163 ║
╠═══════╬══════════╬═════════════════╬═══════════════════════╬═══════════════╬══════════════════════════╬═════════════════╣
║    33 ║ DOT      ║ 1,437,953,431   ║ $14,102,985,690.83    ║ $9.2486       ║ 936                      ║             152 ║
╠═══════╬══════════╬═════════════════╬═══════════════════════╬═══════════════╬══════════════════════════╬═════════════════╣
║    34 ║ UNI      ║ 1,000,000,000   ║ $13,861,496,359.02    ║ $13.8615      ║ no data                  ║             145 ║
╠═══════╬══════════╬═════════════════╬═══════════════════════╬═══════════════╬══════════════════════════╬═════════════════╣
║    35 ║ APT      ║ 1,093,375,145   ║ $14,481,671,591.20    ║ $12.8284      ║ 513                      ║             144 ║
╠═══════╬══════════╬═════════════════╬═══════════════════════╬═══════════════╬══════════════════════════╬═════════════════╣
║    36 ║ HBAR     ║ 50,000,000,000  ║ $14,441,160,316.56    ║ $0.2888       ║ 440                      ║             140 ║
╠═══════╬══════════╬═════════════════╬═══════════════════════╬═══════════════╬══════════════════════════╬═════════════════╣
║    37 ║ FIL      ║ 1,960,538,665   ║ $4,473,018,406.10     ║ $7.3732       ║ 199                      ║             139 ║
╠═══════╬══════════╬═════════════════╬═══════════════════════╬═══════════════╬══════════════════════════╬═════════════════╣
║    38 ║ TRX      ║ 87,554,275,200  ║ $18,520,708,662.44    ║ $0.2146       ║ 33                       ║             107 ║
╠═══════╬══════════╬═════════════════╬═══════════════════════╬═══════════════╬══════════════════════════╬═════════════════╣
║    39 ║ LINK     ║ 1,000,000,000   ║ $23,895,682,560.66    ║ $23.8957      ║ 889                      ║              84 ║
╠═══════╬══════════╬═════════════════╬═══════════════════════╬═══════════════╬══════════════════════════╬═════════════════╣
║    40 ║ XLM      ║ 50,001,806,812  ║ $27,241,951,491.14    ║ $0.5448       ║ 198                      ║              74 ║
╠═══════╬══════════╬═════════════════╬═══════════════════════╬═══════════════╬══════════════════════════╬═════════════════╣
║    41 ║ WLD      ║ 10,000,000,000  ║ $31,429,393,092.29    ║ $3.1429       ║ no data                  ║              64 ║
╠═══════╬══════════╬═════════════════╬═══════════════════════╬═══════════════╬══════════════════════════╬═════════════════╣
║    42 ║ SUI      ║ 10,000,000,000  ║ $32,505,664,778.87    ║ $3.2506       ║ 1577                     ║              62 ║
╠═══════╬══════════╬═════════════════╬═══════════════════════╬═══════════════╬══════════════════════════╬═════════════════╣
║    43 ║ AVAX     ║ 715,748,719     ║ $21,761,609,695.97    ║ $48.6148      ║ 184                      ║              58 ║
╠═══════╬══════════╬═════════════════╬═══════════════════════╬═══════════════╬══════════════════════════╬═════════════════╣
║    44 ║ ADA      ║ 45,000,000,000  ║ $55,333,891,192.81    ║ $1.2296       ║ no data                  ║              36 ║
╠═══════╬══════════╬═════════════════╬═══════════════════════╬═══════════════╬══════════════════════════╬═════════════════╣
║    45 ║ CFX      ║ 506,595,716,405 ║ $1,249,175,019.44     ║ $0.2243       ║ no data                  ║              18 ║
╠═══════╬══════════╬═════════════════╬═══════════════════════╬═══════════════╬══════════════════════════╬═════════════════╣
║    46 ║ SOL      ║ 574,915,273     ║ $132,107,654,728.27   ║ $224.1273     ║ no data                  ║              16 ║
╠═══════╬══════════╬═════════════════╬═══════════════════════╬═══════════════╬══════════════════════════╬═════════════════╣
║    47 ║ XRP      ║ 100,000,000,000 ║ $275,752,363,333.43   ║ $2.7579       ║ 43                       ║               7 ║
╠═══════╬══════════╬═════════════════╬═══════════════════════╬═══════════════╬══════════════════════════╬═════════════════╣
║    48 ║ ETH      ║ 122,056,395     ║ $435,539,563,664.36   ║ $3616.168     ║ 227                      ║               5 ║
╠═══════╬══════════╬═════════════════╬═══════════════════════╬═══════════════╬══════════════════════════╬═════════════════╣
║    49 ║ BTC      ║ 21,000,000      ║ $1,899,981,370,823.35 ║ $96,004.81    ║ 583                      ║               0 ║
╚═══════╩══════════╩═════════════════╩═══════════════════════╩═══════════════╩══════════════════════════╩═════════════════╝