╔═══════╦══════════╦══════════════════════╦═══════════════════════╦═══════════════╦══════════════════════════╦═════════════════╗
║   Ind ║ Simbol   ║ Circulating supply   ║ Mkt. Cap.             ║ Price (USD)   ║ GIT commits of 90 days   ║   Underestimate ║
╠═══════╬══════════╬══════════════════════╬═══════════════════════╬═══════════════╬══════════════════════════╬═════════════════╣
║     0 ║ MPL      ║ 4,417,985            ║ $213,440,261.05       ║ $21.344       ║ 18                       ║           20566 ║
╠═══════╬══════════╬══════════════════════╬═══════════════════════╬═══════════════╬══════════════════════════╬═════════════════╣
║     1 ║ CTK      ║ 133,687,317          ║ $113,096,217.64       ║ $0.8035       ║ no data                  ║           18054 ║
╠═══════╬══════════╬══════════════════════╬═══════════════════════╬═══════════════╬══════════════════════════╬═════════════════╣
║     2 ║ CFG      ║ 507,587,217          ║ $227,241,579.67       ║ $0.4077       ║ 2                        ║            9371 ║
╠═══════╬══════════╬══════════════════════╬═══════════════════════╬═══════════════╬══════════════════════════╬═════════════════╣
║     3 ║ NANO     ║ 133,248,297          ║ $239,605,548.75       ║ $1.7982       ║ no data                  ║            8094 ║
╠═══════╬══════════╬══════════════════════╬═══════════════════════╬═══════════════╬══════════════════════════╬═════════════════╣
║     4 ║ OP       ║ 125,507,049          ║ $9,653,583,047.18     ║ $2.2477       ║ 944                      ║            6875 ║
╠═══════╬══════════╬══════════════════════╬═══════════════════════╬═══════════════╬══════════════════════════╬═════════════════╣
║     5 ║ SC       ║ 57,769,785,000       ║ $364,791,628.87       ║ $0.0063       ║ no data                  ║            5316 ║
╠═══════╬══════════╬══════════════════════╬═══════════════════════╬═══════════════╬══════════════════════════╬═════════════════╣
║     6 ║ AEVO     ║ 900,249,491          ║ $462,527,047.57       ║ $0.4625       ║ no data                  ║            4658 ║
╠═══════╬══════════╬══════════════════════╬═══════════════════════╬═══════════════╬══════════════════════════╬═════════════════╣
║     7 ║ IOTX     ║ 9,441,369,057        ║ $423,091,754.86       ║ $0.0448       ║ no data                  ║            4584 ║
╠═══════╬══════════╬══════════════════════╬═══════════════════════╬═══════════════╬══════════════════════════╬═════════════════╣
║     8 ║ KSM      ║ 15,810,529           ║ $564,116,247.09       ║ $35.6419      ║ 895                      ║            3441 ║
╠═══════╬══════════╬══════════════════════╬═══════════════════════╬═══════════════╬══════════════════════════╬═════════════════╣
║     9 ║ RSR      ║ 53,473,336,211       ║ $1,372,268,086.39     ║ $0.0137       ║ no data                  ║            2643 ║
╠═══════╬══════════╬══════════════════════╬═══════════════════════╬═══════════════╬══════════════════════════╬═════════════════╣
║    10 ║ NOT      ║ 102,719,221,714      ║ $753,274,938.76       ║ $0.0074       ║ no data                  ║            2568 ║
╠═══════╬══════════╬══════════════════════╬═══════════════════════╬═══════════════╬══════════════════════════╬═════════════════╣
║    11 ║ ROSE     ║ 7,064,132,681        ║ $1,075,877,458.17     ║ $0.1076       ║ no data                  ║            2552 ║
╠═══════╬══════════╬══════════════════════╬═══════════════════════╬═══════════════╬══════════════════════════╬═════════════════╣
║    12 ║ ZK       ║ 3,675,000,000        ║ $2,647,096,387.86     ║ $0.2185       ║ no data                  ║            2415 ║
╠═══════╬══════════╬══════════════════════╬═══════════════════════╬═══════════════╬══════════════════════════╬═════════════════╣
║    13 ║ W        ║ 2,766,268,902        ║ $3,145,339,244.44     ║ $0.3145       ║ no data                  ║            2229 ║
╠═══════╬══════════╬══════════════════════╬═══════════════════════╬═══════════════╬══════════════════════════╬═════════════════╣
║    14 ║ CFX      ║ 4,723,703,483        ║ $1,121,200,784.64     ║ $0.2013       ║ no data                  ║            2040 ║
╠═══════╬══════════╬══════════════════════╬═══════════════════════╬═══════════════╬══════════════════════════╬═════════════════╣
║    15 ║ ZEC      ║ 16,328,268           ║ $887,906,901.63       ║ $58.7257      ║ 62                       ║            2022 ║
╠═══════╬══════════╬══════════════════════╬═══════════════════════╬═══════════════╬══════════════════════════╬═════════════════╣
║    16 ║ MIOTA    ║ 3,229,505,319        ║ $1,017,562,861.11     ║ $0.3661       ║ no data                  ║            1640 ║
╠═══════╬══════════╬══════════════════════╬═══════════════════════╬═══════════════╬══════════════════════════╬═════════════════╣
║    17 ║ HNT      ║ 170,472,132          ║ $1,377,397,728.15     ║ $7.8898       ║ 32                       ║            1442 ║
╠═══════╬══════════╬══════════════════════╬═══════════════════════╬═══════════════╬══════════════════════════╬═════════════════╣
║    18 ║ FLOW     ║ 1,503,293,597        ║ $1,390,718,782.55     ║ $0.8978       ║ 776                      ║            1437 ║
╠═══════╬══════════╬══════════════════════╬═══════════════════════╬═══════════════╬══════════════════════════╬═════════════════╣
║    19 ║ STRK     ║ 2,259,283,720        ║ $6,129,458,738.03     ║ $0.6129       ║ no data                  ║            1401 ║
╠═══════╬══════════╬══════════════════════╬═══════════════════════╬═══════════════╬══════════════════════════╬═════════════════╣
║    20 ║ JUP      ║ 1,350,000,000        ║ $10,468,018,530.69    ║ $1.0468       ║ no data                  ║            1372 ║
╠═══════╬══════════╬══════════════════════╬═══════════════════════╬═══════════════╬══════════════════════════╬═════════════════╣
║    21 ║ CRV      ║ 1,250,228,763        ║ $2,563,354,215.52     ║ $1.1642       ║ no data                  ║            1332 ║
╠═══════╬══════════╬══════════════════════╬═══════════════════════╬═══════════════╬══════════════════════════╬═════════════════╣
║    22 ║ PYTH     ║ 3,624,988,786        ║ $4,023,385,822.42     ║ $0.4023       ║ no data                  ║            1330 ║
╠═══════╬══════════╬══════════════════════╬═══════════════════════╬═══════════════╬══════════════════════════╬═════════════════╣
║    23 ║ RUNE     ║ 340,715,380          ║ $2,587,527,836.15     ║ $6.2195       ║ no data                  ║             915 ║
╠═══════╬══════════╬══════════════════════╬═══════════════════════╬═══════════════╬══════════════════════════╬═════════════════╣
║    24 ║ WLD      ║ 754,009,475          ║ $29,132,281,893.80    ║ $2.9132       ║ no data                  ║             883 ║
╠═══════╬══════════╬══════════════════════╬═══════════════════════╬═══════════════╬══════════════════════════╬═════════════════╣
║    25 ║ SEI      ║ 3,982,916,666        ║ $4,952,437,185.99     ║ $0.5582       ║ 57                       ║             872 ║
╠═══════╬══════════╬══════════════════════╬═══════════════════════╬═══════════════╬══════════════════════════╬═════════════════╣
║    26 ║ GRT      ║ 9,548,531,509        ║ $2,872,022,159.90     ║ $0.2659       ║ no data                  ║             764 ║
╠═══════╬══════════╬══════════════════════╬═══════════════════════╬═══════════════╬══════════════════════════╬═════════════════╣
║    27 ║ INJ      ║ 98,848,019           ║ $2,701,717,363.69     ║ $27.0172      ║ no data                  ║             726 ║
╠═══════╬══════════╬══════════════════════╬═══════════════════════╬═══════════════╬══════════════════════════╬═════════════════╣
║    28 ║ TIA      ║ 446,686,915          ║ $7,289,125,893.91     ║ $6.7797       ║ 19                       ║             640 ║
╠═══════╬══════════╬══════════════════════╬═══════════════════════╬═══════════════╬══════════════════════════╬═════════════════╣
║    29 ║ ATOM     ║ 390,930,671          ║ $3,425,733,903.72     ║ $8.0299       ║ no data                  ║             618 ║
╠═══════╬══════════╬══════════════════════╬═══════════════════════╬═══════════════╬══════════════════════════╬═════════════════╣
║    30 ║ XMR      ║ 18,429,993           ║ $14,092,745.70        ║ $175.2893     ║ 5                        ║             600 ║
╠═══════╬══════════╬══════════════════════╬═══════════════════════╬═══════════════╬══════════════════════════╬═════════════════╣
║    31 ║ FTM      ║ 2,803,634,835        ║ $3,711,472,722.15     ║ $1.169        ║ no data                  ║             592 ║
╠═══════╬══════════╬══════════════════════╬═══════════════════════╬═══════════════╬══════════════════════════╬═════════════════╣
║    32 ║ ALGO     ║ 8,308,506,364        ║ $4,139,550,515.22     ║ $0.414        ║ 31                       ║             564 ║
╠═══════╬══════════╬══════════════════════╬═══════════════════════╬═══════════════╬══════════════════════════╬═════════════════╣
║    33 ║ FIL      ║ 609,812,460          ║ $3,836,436,358.65     ║ $6.2887       ║ 200                      ║             506 ║
╠═══════╬══════════╬══════════════════════╬═══════════════════════╬═══════════════╬══════════════════════════╬═════════════════╣
║    34 ║ OM       ║ 943,444,109          ║ $3,624,547,195.34     ║ $4.0776       ║ no data                  ║             504 ║
╠═══════╬══════════╬══════════════════════╬═══════════════════════╬═══════════════╬══════════════════════════╬═════════════════╣
║    35 ║ STX      ║ 1,818,000,000        ║ $3,381,206,181.64     ║ $2.1728       ║ 1098                     ║             491 ║
╠═══════╬══════════╬══════════════════════╬═══════════════════════╬═══════════════╬══════════════════════════╬═════════════════╣
║    36 ║ ARB      ║ 4,097,359,817        ║ $9,715,468,627.11     ║ $0.9715       ║ no data                  ║             487 ║
╠═══════╬══════════╬══════════════════════╬═══════════════════════╬═══════════════╬══════════════════════════╬═════════════════╣
║    37 ║ CRO      ║ 26,571,560,696       ║ $5,024,724,104.36     ║ $0.1675       ║ no data                  ║             436 ║
╠═══════╬══════════╬══════════════════════╬═══════════════════════╬═══════════════╬══════════════════════════╬═════════════════╣
║    38 ║ VET      ║ 80,985,041,177       ║ $4,890,196,918.56     ║ $0.0569       ║ no data                  ║             421 ║
╠═══════╬══════════╬══════════════════════╬═══════════════════════╬═══════════════╬══════════════════════════╬═════════════════╣
║    39 ║ KAS      ║ 28,704,026,601       ║ $4,101,848,332.62     ║ $0.162        ║ 33                       ║             417 ║
╠═══════╬══════════╬══════════════════════╬═══════════════════════╬═══════════════╬══════════════════════════╬═════════════════╣
║    40 ║ POL      ║ 8,352,869,756        ║ $6,002,844,116.57     ║ $0.5821       ║ no data                  ║             399 ║
╠═══════╬══════════╬══════════════════════╬═══════════════════════╬═══════════════╬══════════════════════════╬═════════════════╣
║    41 ║ APT      ║ 536,084,855          ║ $13,172,802,521.57    ║ $11.6558      ║ 506                      ║             310 ║
╠═══════╬══════════╬══════════════════════╬═══════════════════════╬═══════════════╬══════════════════════════╬═════════════════╣
║    42 ║ NEAR     ║ 1,188,295,576        ║ $8,038,978,664.74     ║ $6.5656       ║ 340                      ║             249 ║
╠═══════╬══════════╬══════════════════════╬═══════════════════════╬═══════════════╬══════════════════════════╬═════════════════╣
║    43 ║ UNI      ║ 600,483,073          ║ $15,921,581,209.51    ║ $15.9216      ║ no data                  ║             203 ║
╠═══════╬══════════╬══════════════════════╬═══════════════════════╬═══════════════╬══════════════════════════╬═════════════════╣
║    44 ║ HBAR     ║ 38,228,257,945       ║ $14,216,789,077.95    ║ $0.2843       ║ 477                      ║             178 ║
╠═══════╬══════════╬══════════════════════╬═══════════════════════╬═══════════════╬══════════════════════════╬═════════════════╣
║    45 ║ SUI      ║ 2,927,660,018        ║ $38,710,647,529.21    ║ $3.8711       ║ 1549                     ║             171 ║
╠═══════╬══════════╬══════════════════════╬═══════════════════════╬═══════════════╬══════════════════════════╬═════════════════╣
║    46 ║ TAO      ║ 21,000,000           ║ $4,585,432,719.17     ║ $581.7075     ║ no data                  ║             159 ║
╠═══════╬══════════╬══════════════════════╬═══════════════════════╬═══════════════╬══════════════════════════╬═════════════════╣
║    47 ║ XLM      ║ 30,161,094,439       ║ $20,278,440,194.99    ║ $0.4056       ║ 170                      ║             159 ║
╠═══════╬══════════╬══════════════════════╬═══════════════════════╬═══════════════╬══════════════════════════╬═════════════════╣
║    48 ║ DOT      ║ 1,527,202,210        ║ $12,952,115,091.80    ║ $8.4809       ║ 114                      ║             150 ║
╠═══════╬══════════╬══════════════════════╬═══════════════════════╬═══════════════╬══════════════════════════╬═════════════════╣
║    49 ║ LINK     ║ 626,849,970          ║ $23,117,096,321.51    ║ $23.1171      ║ 934                      ║             134 ║
╠═══════╬══════════╬══════════════════════╬═══════════════════════╬═══════════════╬══════════════════════════╬═════════════════╣
║    50 ║ AVAX     ║ 447,755,292          ║ $20,318,637,858.05    ║ $45.3784      ║ 168                      ║              95 ║
╠═══════╬══════════╬══════════════════════╬═══════════════════════╬═══════════════╬══════════════════════════╬═════════════════╣
║    51 ║ TRX      ║ 86,262,438,049       ║ $23,260,343,501.83    ║ $0.2697       ║ 31                       ║              83 ║
╠═══════╬══════════╬══════════════════════╬═══════════════════════╬═══════════════╬══════════════════════════╬═════════════════╣
║    52 ║ ADA      ║ 35,102,215,549       ║ $45,405,731,860.91    ║ $1.009        ║ no data                  ║              55 ║
╠═══════╬══════════╬══════════════════════╬═══════════════════════╬═══════════════╬══════════════════════════╬═════════════════╣
║    53 ║ SOL      ║ 476,106,751          ║ $127,426,762,488.37   ║ $216.0387     ║ no data                  ║              19 ║
╠═══════╬══════════╬══════════════════════╬═══════════════════════╬═══════════════╬══════════════════════════╬═════════════════╣
║    54 ║ ETH      ║ 122,056,395          ║ $448,321,191,688.83   ║ $3722.2079    ║ 231                      ║               4 ║
╠═══════╬══════════╬══════════════════════╬═══════════════════════╬═══════════════╬══════════════════════════╬═════════════════╣
║    55 ║ BTC      ║ 19,792,881           ║ $1,939,407,198,577.17 ║ $97,981.62    ║ 573                      ║               0 ║
╚═══════╩══════════╩══════════════════════╩═══════════════════════╩═══════════════╩══════════════════════════╩═════════════════╝