╔═══════╦══════════╦═════════════════╦═══════════════════════╦═══════════════╦══════════════════════════╦═════════════════╗
║   Ind ║ Simbol   ║ Emission        ║ Mkt. Cap.             ║ Price (USD)   ║ GIT commits of 90 days   ║   Underestimate ║
╠═══════╬══════════╬═════════════════╬═══════════════════════╬═══════════════╬══════════════════════════╬═════════════════╣
║     0 ║ MPL      ║ 4,417,985       ║ $220,581,194.70       ║ $22.0581      ║ no data                  ║           21003 ║
╠═══════╬══════════╬═════════════════╬═══════════════════════╬═══════════════╬══════════════════════════╬═════════════════╣
║     1 ║ CTK      ║ 133,687,317     ║ $116,223,675.37       ║ $0.8257       ║ no data                  ║           18541 ║
╠═══════╬══════════╬═════════════════╬═══════════════════════╬═══════════════╬══════════════════════════╬═════════════════╣
║     2 ║ CFG      ║ 507,587,217     ║ $234,728,024.33       ║ $0.4211       ║ 2                        ║            9575 ║
╠═══════╬══════════╬═════════════════╬═══════════════════════╬═══════════════╬══════════════════════════╬═════════════════╣
║     3 ║ NANO     ║ 133,248,297     ║ $245,171,356.40       ║ $1.84         ║ no data                  ║            8348 ║
╠═══════╬══════════╬═════════════════╬═══════════════════════╬═══════════════╬══════════════════════════╬═════════════════╣
║     4 ║ OP       ║ 125,507,049     ║ $9,652,891,113.89     ║ $2.2475       ║ 943                      ║            7256 ║
╠═══════╬══════════╬═════════════════╬═══════════════════════╬═══════════════╬══════════════════════════╬═════════════════╣
║     5 ║ SC       ║ 57,769,785,000  ║ $378,003,437.70       ║ $0.0065       ║ no data                  ║            5415 ║
╠═══════╬══════════╬═════════════════╬═══════════════════════╬═══════════════╬══════════════════════════╬═════════════════╣
║     6 ║ AEVO     ║ 900,249,491     ║ $471,624,423.25       ║ $0.4716       ║ no data                  ║            4821 ║
╠═══════╬══════════╬═════════════════╬═══════════════════════╬═══════════════╬══════════════════════════╬═════════════════╣
║     7 ║ IOTX     ║ 9,441,369,057   ║ $433,104,045.94       ║ $0.0459       ║ 101                      ║            4726 ║
╠═══════╬══════════╬═════════════════╬═══════════════════════╬═══════════════╬══════════════════════════╬═════════════════╣
║     8 ║ KSM      ║ 15,810,529      ║ $575,516,501.84       ║ $36.3642      ║ 889                      ║            3560 ║
╠═══════╬══════════╬═════════════════╬═══════════════════════╬═══════════════╬══════════════════════════╬═════════════════╣
║     9 ║ ROSE     ║ 7,064,132,681   ║ $1,090,463,736.36     ║ $0.109        ║ no data                  ║            2657 ║
╠═══════╬══════════╬═════════════════╬═══════════════════════╬═══════════════╬══════════════════════════╬═════════════════╣
║    10 ║ NOT      ║ 102,719,221,714 ║ $774,857,569.88       ║ $0.0076       ║ no data                  ║            2635 ║
╠═══════╬══════════╬═════════════════╬═══════════════════════╬═══════════════╬══════════════════════════╬═════════════════╣
║    11 ║ ZK       ║ 3,675,000,000   ║ $2,660,650,411.79     ║ $0.2196       ║ no data                  ║            2536 ║
╠═══════╬══════════╬═════════════════╬═══════════════════════╬═══════════════╬══════════════════════════╬═════════════════╣
║    12 ║ W        ║ 2,766,268,902   ║ $3,159,602,542.10     ║ $0.316        ║ no data                  ║            2342 ║
╠═══════╬══════════╬═════════════════╬═══════════════════════╬═══════════════╬══════════════════════════╬═════════════════╣
║    13 ║ ZEC      ║ 16,328,268      ║ $869,732,198.25       ║ $57.5236      ║ 62                       ║            2179 ║
╠═══════╬══════════╬═════════════════╬═══════════════════════╬═══════════════╬══════════════════════════╬═════════════════╣
║    14 ║ CFX      ║ 4,723,703,483   ║ $1,146,909,759.14     ║ $0.2059       ║ 105                      ║            2105 ║
╠═══════╬══════════╬═════════════════╬═══════════════════════╬═══════════════╬══════════════════════════╬═════════════════╣
║    15 ║ MIOTA    ║ 3,229,505,319   ║ $1,067,471,931.19     ║ $0.384        ║ no data                  ║            1650 ║
╠═══════╬══════════╬═════════════════╬═══════════════════════╬═══════════════╬══════════════════════════╬═════════════════╣
║    16 ║ HNT      ║ 170,472,132     ║ $1,315,316,422.45     ║ $7.5342       ║ no data                  ║            1594 ║
╠═══════╬══════════╬═════════════════╬═══════════════════════╬═══════════════╬══════════════════════════╬═════════════════╣
║    17 ║ FLOW     ║ 1,503,293,597   ║ $1,434,728,510.90     ║ $0.9262       ║ 776                      ║            1470 ║
╠═══════╬══════════╬═════════════════╬═══════════════════════╬═══════════════╬══════════════════════════╬═════════════════╣
║    18 ║ STRK     ║ 2,259,283,720   ║ $6,313,252,353.92     ║ $0.6312       ║ no data                  ║            1435 ║
╠═══════╬══════════╬═════════════════╬═══════════════════════╬═══════════════╬══════════════════════════╬═════════════════╣
║    19 ║ JUP      ║ 1,350,000,000   ║ $10,707,686,933.56    ║ $1.0708       ║ no data                  ║            1416 ║
╠═══════╬══════════╬═════════════════╬═══════════════════════╬═══════════════╬══════════════════════════╬═════════════════╣
║    20 ║ CRV      ║ 1,250,228,763   ║ $2,581,979,622.18     ║ $1.1726       ║ no data                  ║            1396 ║
╠═══════╬══════════╬═════════════════╬═══════════════════════╬═══════════════╬══════════════════════════╬═════════════════╣
║    21 ║ PYTH     ║ 3,624,988,786   ║ $4,124,434,134.73     ║ $0.4124       ║ no data                  ║            1369 ║
╠═══════╬══════════╬═════════════════╬═══════════════════════╬═══════════════╬══════════════════════════╬═════════════════╣
║    22 ║ RUNE     ║ 340,715,380     ║ $2,639,093,360.83     ║ $6.3434       ║ no data                  ║             947 ║
╠═══════╬══════════╬═════════════════╬═══════════════════════╬═══════════════╬══════════════════════════╬═════════════════╣
║    23 ║ WLD      ║ 754,009,475     ║ $29,748,334,560.67    ║ $2.9748       ║ no data                  ║             912 ║
╠═══════╬══════════╬═════════════════╬═══════════════════════╬═══════════════╬══════════════════════════╬═════════════════╣
║    24 ║ SEI      ║ 3,982,916,666   ║ $5,004,705,560.46     ║ $0.564        ║ 57                       ║             911 ║
╠═══════╬══════════╬═════════════════╬═══════════════════════╬═══════════════╬══════════════════════════╬═════════════════╣
║    25 ║ GRT      ║ 9,548,531,509   ║ $2,909,286,394.10     ║ $0.2694       ║ no data                  ║             796 ║
╠═══════╬══════════╬═════════════════╬═══════════════════════╬═══════════════╬══════════════════════════╬═════════════════╣
║    26 ║ INJ      ║ 98,848,019      ║ $2,806,627,395.76     ║ $28.0663      ║ no data                  ║             738 ║
╠═══════╬══════════╬═════════════════╬═══════════════════════╬═══════════════╬══════════════════════════╬═════════════════╣
║    27 ║ TIA      ║ 446,686,915     ║ $7,288,057,833.68     ║ $6.779        ║ no data                  ║             676 ║
╠═══════╬══════════╬═════════════════╬═══════════════════════╬═══════════════╬══════════════════════════╬═════════════════╣
║    28 ║ ATOM     ║ 390,930,671     ║ $3,561,104,707.05     ║ $8.3478       ║ no data                  ║             627 ║
╠═══════╬══════════╬═════════════════╬═══════════════════════╬═══════════════╬══════════════════════════╬═════════════════╣
║    29 ║ FTM      ║ 2,803,634,835   ║ $3,730,587,227.13     ║ $1.175        ║ no data                  ║             621 ║
╠═══════╬══════════╬═════════════════╬═══════════════════════╬═══════════════╬══════════════════════════╬═════════════════╣
║    30 ║ XMR      ║ 18,429,993      ║ $14,386,470.95        ║ $179.146      ║ 5                        ║             620 ║
╠═══════╬══════════╬═════════════════╬═══════════════════════╬═══════════════╬══════════════════════════╬═════════════════╣
║    31 ║ ALGO     ║ 8,308,506,364   ║ $4,257,664,565.19     ║ $0.4258       ║ 31                       ║             579 ║
╠═══════╬══════════╬═════════════════╬═══════════════════════╬═══════════════╬══════════════════════════╬═════════════════╣
║    32 ║ OM       ║ 943,444,109     ║ $3,623,032,908.77     ║ $4.0759       ║ no data                  ║             532 ║
╠═══════╬══════════╬═════════════════╬═══════════════════════╬═══════════════╬══════════════════════════╬═════════════════╣
║    33 ║ FIL      ║ 609,812,460     ║ $3,886,061,328.17     ║ $6.3723       ║ 199                      ║             527 ║
╠═══════╬══════════╬═════════════════╬═══════════════════════╬═══════════════╬══════════════════════════╬═════════════════╣
║    34 ║ ARB      ║ 4,097,359,817   ║ $9,754,995,262.83     ║ $0.9755       ║ no data                  ║             512 ║
╠═══════╬══════════╬═════════════════╬═══════════════════════╬═══════════════╬══════════════════════════╬═════════════════╣
║    35 ║ STX      ║ 1,818,000,000   ║ $3,424,096,560.70     ║ $2.2004       ║ 1098                     ║             512 ║
╠═══════╬══════════╬═════════════════╬═══════════════════════╬═══════════════╬══════════════════════════╬═════════════════╣
║    36 ║ CRO      ║ 26,571,560,696  ║ $5,076,290,630.86     ║ $0.1692       ║ no data                  ║             455 ║
╠═══════╬══════════╬═════════════════╬═══════════════════════╬═══════════════╬══════════════════════════╬═════════════════╣
║    37 ║ VET      ║ 80,985,041,177  ║ $4,897,492,602.59     ║ $0.057        ║ no data                  ║             444 ║
╠═══════╬══════════╬═════════════════╬═══════════════════════╬═══════════════╬══════════════════════════╬═════════════════╣
║    38 ║ KAS      ║ 28,704,026,601  ║ $4,122,872,125.67     ║ $0.1628       ║ 33                       ║             438 ║
╠═══════╬══════════╬═════════════════╬═══════════════════════╬═══════════════╬══════════════════════════╬═════════════════╣
║    39 ║ POL      ║ 8,352,869,756   ║ $6,046,742,078.00     ║ $0.5863       ║ no data                  ║             418 ║
╠═══════╬══════════╬═════════════════╬═══════════════════════╬═══════════════╬══════════════════════════╬═════════════════╣
║    40 ║ APT      ║ 536,084,855     ║ $13,277,659,690.77    ║ $11.749       ║ 506                      ║             325 ║
╠═══════╬══════════╬═════════════════╬═══════════════════════╬═══════════════╬══════════════════════════╬═════════════════╣
║    41 ║ NEAR     ║ 1,188,295,576   ║ $8,230,627,753.59     ║ $6.7221       ║ no data                  ║             256 ║
╠═══════╬══════════╬═════════════════╬═══════════════════════╬═══════════════╬══════════════════════════╬═════════════════╣
║    42 ║ UNI      ║ 600,483,073     ║ $15,753,221,859.33    ║ $15.7532      ║ no data                  ║             216 ║
╠═══════╬══════════╬═════════════════╬═══════════════════════╬═══════════════╬══════════════════════════╬═════════════════╣
║    43 ║ HBAR     ║ 38,228,257,945  ║ $14,543,170,852.45    ║ $0.2909       ║ 475                      ║             184 ║
╠═══════╬══════════╬═════════════════╬═══════════════════════╬═══════════════╬══════════════════════════╬═════════════════╣
║    44 ║ SUI      ║ 2,927,660,018   ║ $38,033,758,285.88    ║ $3.8034       ║ 1542                     ║             184 ║
╠═══════╬══════════╬═════════════════╬═══════════════════════╬═══════════════╬══════════════════════════╬═════════════════╣
║    45 ║ TAO      ║ 21,000,000      ║ $4,598,002,353.25     ║ $583.3815     ║ no data                  ║             167 ║
╠═══════╬══════════╬═════════════════╬═══════════════════════╬═══════════════╬══════════════════════════╬═════════════════╣
║    46 ║ XLM      ║ 30,161,094,439  ║ $20,615,034,974.74    ║ $0.4123       ║ 170                      ║             165 ║
╠═══════╬══════════╬═════════════════╬═══════════════════════╬═══════════════╬══════════════════════════╬═════════════════╣
║    47 ║ DOT      ║ 1,527,202,210   ║ $13,123,565,226.45    ║ $8.5932       ║ 114                      ║             156 ║
╠═══════╬══════════╬═════════════════╬═══════════════════════╬═══════════════╬══════════════════════════╬═════════════════╣
║    48 ║ LINK     ║ 626,849,970     ║ $23,152,195,935.67    ║ $23.1522      ║ 924                      ║             141 ║
╠═══════╬══════════╬═════════════════╬═══════════════════════╬═══════════════╬══════════════════════════╬═════════════════╣
║    49 ║ AVAX     ║ 447,755,292     ║ $20,348,507,562.48    ║ $45.4456      ║ 168                      ║             101 ║
╠═══════╬══════════╬═════════════════╬═══════════════════════╬═══════════════╬══════════════════════════╬═════════════════╣
║    50 ║ TRX      ║ 86,262,438,049  ║ $23,343,638,152.31    ║ $0.2706       ║ 31                       ║              88 ║
╠═══════╬══════════╬═════════════════╬═══════════════════════╬═══════════════╬══════════════════════════╬═════════════════╣
║    51 ║ ADA      ║ 35,102,215,549  ║ $45,578,390,140.84    ║ $1.0129       ║ no data                  ║              58 ║
╠═══════╬══════════╬═════════════════╬═══════════════════════╬═══════════════╬══════════════════════════╬═════════════════╣
║    52 ║ SOL      ║ 476,106,751     ║ $128,181,739,707.84   ║ $217.3181     ║ no data                  ║              20 ║
╠═══════╬══════════╬═════════════════╬═══════════════════════╬═══════════════╬══════════════════════════╬═════════════════╣
║    53 ║ ETH      ║ 122,056,395     ║ $451,266,373,501.30   ║ $3746.6604    ║ 226                      ║               4 ║
╠═══════╬══════════╬═════════════════╬═══════════════════════╬═══════════════╬══════════════════════════╬═════════════════╣
║    54 ║ BTC      ║ 21,000,000      ║ $1,929,097,459,276.03 ║ $97,464.45    ║ 571                      ║               0 ║
╚═══════╩══════════╩═════════════════╩═══════════════════════╩═══════════════╩══════════════════════════╩═════════════════╝