╔═══════╦══════════╦═════════════════╦═══════════════════════╦═══════════════╦══════════════════════════╦═════════════════╗
║   Ind ║ Simbol   ║ Emission        ║ Mkt. Cap.             ║ Price (USD)   ║ GIT commits of 90 days   ║   Underestimate ║
╠═══════╬══════════╬═════════════════╬═══════════════════════╬═══════════════╬══════════════════════════╬═════════════════╣
║     0 ║ CTK      ║ 133,687,317     ║ $115,962,461.16       ║ $0.8239       ║ no data                  ║           18549 ║
╠═══════╬══════════╬═════════════════╬═══════════════════════╬═══════════════╬══════════════════════════╬═════════════════╣
║     1 ║ MPL      ║ 10,000,000      ║ $220,712,417.39       ║ $22.0712      ║ no data                  ║            9257 ║
╠═══════╬══════════╬═════════════════╬═══════════════════════╬═══════════════╬══════════════════════════╬═════════════════╣
║     2 ║ CFG      ║ 557,368,275     ║ $234,564,949.70       ║ $0.4208       ║ no data                  ║            8710 ║
╠═══════╬══════════╬═════════════════╬═══════════════════════╬═══════════════╬══════════════════════════╬═════════════════╣
║     3 ║ NANO     ║ 133,248,297     ║ $240,465,980.61       ║ $1.8047       ║ no data                  ║            8496 ║
╠═══════╬══════════╬═════════════════╬═══════════════════════╬═══════════════╬══════════════════════════╬═════════════════╣
║     4 ║ SC       ║ 57,769,785,000  ║ $375,797,717.69       ║ $0.0065       ║ no data                  ║            5437 ║
╠═══════╬══════════╬═════════════════╬═══════════════════════╬═══════════════╬══════════════════════════╬═════════════════╣
║     5 ║ IOTX     ║ 10,000,000,000  ║ $429,233,224.68       ║ $0.0455       ║ no data                  ║            4494 ║
╠═══════╬══════════╬═════════════════╬═══════════════════════╬═══════════════╬══════════════════════════╬═════════════════╣
║     6 ║ AEVO     ║ 1,000,000,000   ║ $471,022,155.87       ║ $0.471        ║ no data                  ║            4338 ║
╠═══════╬══════════╬═════════════════╬═══════════════════════╬═══════════════╬══════════════════════════╬═════════════════╣
║     7 ║ ONE      ║ 14,269,278,702  ║ $497,147,752.68       ║ $0.0344       ║ no data                  ║            4166 ║
╠═══════╬══════════╬═════════════════╬═══════════════════════╬═══════════════╬══════════════════════════╬═════════════════╣
║     8 ║ KSM      ║ 15,810,529      ║ $568,842,259.40       ║ $35.9425      ║ 889                      ║            3595 ║
╠═══════╬══════════╬═════════════════╬═══════════════════════╬═══════════════╬══════════════════════════╬═════════════════╣
║     9 ║ NOT      ║ 102,719,221,714 ║ $773,745,498.41       ║ $0.0076       ║ no data                  ║            2634 ║
╠═══════╬══════════╬═════════════════╬═══════════════════════╬═══════════════╬══════════════════════════╬═════════════════╣
║    10 ║ ROSE     ║ 10,000,000,000  ║ $1,094,138,275.89     ║ $0.1094       ║ no data                  ║            1867 ║
╠═══════╬══════════╬═════════════════╬═══════════════════════╬═══════════════╬══════════════════════════╬═════════════════╣
║    11 ║ ZEC      ║ 21,000,000      ║ $863,345,981.38       ║ $57.1013      ║ 62                       ║            1704 ║
╠═══════╬══════════╬═════════════════╬═══════════════════════╬═══════════════╬══════════════════════════╬═════════════════╣
║    12 ║ MIOTA    ║ 3,229,505,319   ║ $1,057,262,784.30     ║ $0.3804       ║ no data                  ║            1663 ║
╠═══════╬══════════╬═════════════════╬═══════════════════════╬═══════════════╬══════════════════════════╬═════════════════╣
║    13 ║ HNT      ║ 223,000,000     ║ $1,312,068,530.16     ║ $7.5156       ║ no data                  ║            1219 ║
╠═══════╬══════════╬═════════════════╬═══════════════════════╬═══════════════╬══════════════════════════╬═════════════════╣
║    14 ║ RUNE     ║ 415,800,965     ║ $2,615,174,362.83     ║ $6.2859       ║ no data                  ║             782 ║
╠═══════╬══════════╬═════════════════╬═══════════════════════╬═══════════════╬══════════════════════════╬═════════════════╣
║    15 ║ INJ      ║ 100,000,000     ║ $2,782,396,866.31     ║ $27.824       ║ no data                  ║             734 ║
╠═══════╬══════════╬═════════════════╬═══════════════════════╬═══════════════╬══════════════════════════╬═════════════════╣
║    16 ║ GRT      ║ 10,797,266,751  ║ $2,885,365,605.23     ║ $0.2672       ║ no data                  ║             708 ║
╠═══════╬══════════╬═════════════════╬═══════════════════════╬═══════════════╬══════════════════════════╬═════════════════╣
║    17 ║ W        ║ 10,000,000,000  ║ $3,151,459,028.29     ║ $0.3151       ║ no data                  ║             648 ║
╠═══════╬══════════╬═════════════════╬═══════════════════════╬═══════════════╬══════════════════════════╬═════════════════╣
║    18 ║ ATOM     ║ 390,930,671     ║ $3,529,978,175.42     ║ $8.2749       ║ no data                  ║             632 ║
╠═══════╬══════════╬═════════════════╬═══════════════════════╬═══════════════╬══════════════════════════╬═════════════════╣
║    19 ║ XMR      ║ 18,429,993      ║ $14,330,939.03        ║ $178.4718     ║ 5                        ║             621 ║
╠═══════╬══════════╬═════════════════╬═══════════════════════╬═══════════════╬══════════════════════════╬═════════════════╣
║    20 ║ FTM      ║ 3,175,000,000   ║ $3,707,454,550.35     ║ $1.1677       ║ no data                  ║             551 ║
╠═══════╬══════════╬═════════════════╬═══════════════════════╬═══════════════╬══════════════════════════╬═════════════════╣
║    21 ║ CRV      ║ 3,303,030,299   ║ $2,517,732,214.40     ║ $1.1435       ║ no data                  ║             541 ║
╠═══════╬══════════╬═════════════════╬═══════════════════════╬═══════════════╬══════════════════════════╬═════════════════╣
║    22 ║ OM       ║ 943,444,109     ║ $3,559,127,086.53     ║ $4.004        ║ no data                  ║             541 ║
╠═══════╬══════════╬═════════════════╬═══════════════════════╬═══════════════╬══════════════════════════╬═════════════════╣
║    23 ║ STX      ║ 1,818,000,000   ║ $3,419,237,485.75     ║ $2.1973       ║ 1098                     ║             511 ║
╠═══════╬══════════╬═════════════════╬═══════════════════════╬═══════════════╬══════════════════════════╬═════════════════╣
║    24 ║ PYTH     ║ 9,999,988,994   ║ $4,099,432,059.01     ║ $0.4099       ║ no data                  ║             498 ║
╠═══════╬══════════╬═════════════════╬═══════════════════════╬═══════════════╬══════════════════════════╬═════════════════╣
║    25 ║ ALGO     ║ 10,000,000,000  ║ $4,191,768,941.47     ║ $0.4192       ║ no data                  ║             487 ║
╠═══════╬══════════╬═════════════════╬═══════════════════════╬═══════════════╬══════════════════════════╬═════════════════╣
║    26 ║ ZK       ║ 21,000,000,000  ║ $2,671,237,445.38     ║ $0.2205       ║ no data                  ║             441 ║
╠═══════╬══════════╬═════════════════╬═══════════════════════╬═══════════════╬══════════════════════════╬═════════════════╣
║    27 ║ KAS      ║ 28,704,026,601  ║ $4,088,368,807.92     ║ $0.1614       ║ no data                  ║             441 ║
╠═══════╬══════════╬═════════════════╬═══════════════════════╬═══════════════╬══════════════════════════╬═════════════════╣
║    28 ║ VET      ║ 86,712,634,466  ║ $4,844,281,686.00     ║ $0.0563       ║ no data                  ║             418 ║
╠═══════╬══════════╬═════════════════╬═══════════════════════╬═══════════════╬══════════════════════════╬═════════════════╣
║    29 ║ CRO      ║ 30,263,013,692  ║ $5,064,221,913.90     ║ $0.1688       ║ no data                  ║             400 ║
╠═══════╬══════════╬═════════════════╬═══════════════════════╬═══════════════╬══════════════════════════╬═════════════════╣
║    30 ║ SEI      ║ 10,000,000,000  ║ $4,969,706,707.39     ║ $0.5601       ║ no data                  ║             365 ║
╠═══════╬══════════╬═════════════════╬═══════════════════════╬═══════════════╬══════════════════════════╬═════════════════╣
║    31 ║ MATIC    ║ 10,000,000,000  ║ $5,796,320,355.31     ║ $0.5813       ║ 51                       ║             351 ║
╠═══════╬══════════╬═════════════════╬═══════════════════════╬═══════════════╬══════════════════════════╬═════════════════╣
║    32 ║ STRK     ║ 10,000,000,000  ║ $6,281,766,860.03     ║ $0.6281       ║ no data                  ║             325 ║
╠═══════╬══════════╬═════════════════╬═══════════════════════╬═══════════════╬══════════════════════════╬═════════════════╣
║    33 ║ TIA      ║ 1,039,890,411   ║ $7,332,439,044.97     ║ $6.8203       ║ no data                  ║             288 ║
╠═══════╬══════════╬═════════════════╬═══════════════════════╬═══════════════╬══════════════════════════╬═════════════════╣
║    34 ║ NEAR     ║ 1,188,295,576   ║ $8,123,560,699.54     ║ $6.6347       ║ no data                  ║             259 ║
╠═══════╬══════════╬═════════════════╬═══════════════════════╬═══════════════╬══════════════════════════╬═════════════════╣
║    35 ║ OP       ║ 4,294,967,296   ║ $9,590,423,296.48     ║ $2.2329       ║ 942                      ║             213 ║
╠═══════╬══════════╬═════════════════╬═══════════════════════╬═══════════════╬══════════════════════════╬═════════════════╣
║    36 ║ ARB      ║ 10,000,000,000  ║ $9,640,795,830.24     ║ $0.9641       ║ no data                  ║             212 ║
╠═══════╬══════════╬═════════════════╬═══════════════════════╬═══════════════╬══════════════════════════╬═════════════════╣
║    37 ║ JUP      ║ 10,000,000,000  ║ $10,659,653,914.69    ║ $1.066        ║ no data                  ║             192 ║
╠═══════╬══════════╬═════════════════╬═══════════════════════╬═══════════════╬══════════════════════════╬═════════════════╣
║    38 ║ BCH      ║ 21,000,000      ║ $10,792,886,400.31    ║ $545.0964     ║ no data                  ║             178 ║
╠═══════╬══════════╬═════════════════╬═══════════════════════╬═══════════════╬══════════════════════════╬═════════════════╣
║    39 ║ TAO      ║ 21,000,000      ║ $4,546,458,345.49     ║ $576.8417     ║ no data                  ║             169 ║
╠═══════╬══════════╬═════════════════╬═══════════════════════╬═══════════════╬══════════════════════════╬═════════════════╣
║    40 ║ DOT      ║ 1,437,953,431   ║ $13,078,477,773.79    ║ $8.5637       ║ no data                  ║             166 ║
╠═══════╬══════════╬═════════════════╬═══════════════════════╬═══════════════╬══════════════════════════╬═════════════════╣
║    41 ║ FIL      ║ 1,960,538,665   ║ $3,870,886,157.04     ║ $6.3475       ║ 199                      ║             164 ║
╠═══════╬══════════╬═════════════════╬═══════════════════════╬═══════════════╬══════════════════════════╬═════════════════╣
║    42 ║ APT      ║ 1,093,375,145   ║ $13,216,937,473.90    ║ $11.6953      ║ 506                      ║             160 ║
╠═══════╬══════════╬═════════════════╬═══════════════════════╬═══════════════╬══════════════════════════╬═════════════════╣
║    43 ║ HBAR     ║ 50,000,000,000  ║ $14,392,177,887.62    ║ $0.2878       ║ 475                      ║             142 ║
╠═══════╬══════════╬═════════════════╬═══════════════════════╬═══════════════╬══════════════════════════╬═════════════════╣
║    44 ║ UNI      ║ 1,000,000,000   ║ $15,633,296,445.67    ║ $15.6333      ║ no data                  ║             131 ║
╠═══════╬══════════╬═════════════════╬═══════════════════════╬═══════════════╬══════════════════════════╬═════════════════╣
║    45 ║ XLM      ║ 50,001,806,812  ║ $20,475,056,745.80    ║ $0.4095       ║ 170                      ║             100 ║
╠═══════╬══════════╬═════════════════╬═══════════════════════╬═══════════════╬══════════════════════════╬═════════════════╣
║    46 ║ LINK     ║ 1,000,000,000   ║ $23,197,913,757.20    ║ $23.1979      ║ 924                      ║              88 ║
╠═══════╬══════════╬═════════════════╬═══════════════════════╬═══════════════╬══════════════════════════╬═════════════════╣
║    47 ║ TRX      ║ 87,554,275,200  ║ $23,298,766,696.74    ║ $0.2701       ║ 31                       ║              86 ║
╠═══════╬══════════╬═════════════════╬═══════════════════════╬═══════════════╬══════════════════════════╬═════════════════╣
║    48 ║ WLD      ║ 10,000,000,000  ║ $29,554,540,310.09    ║ $2.9555       ║ no data                  ║              69 ║
╠═══════╬══════════╬═════════════════╬═══════════════════════╬═══════════════╬══════════════════════════╬═════════════════╣
║    49 ║ AVAX     ║ 715,748,719     ║ $20,254,733,730.84    ║ $45.2362      ║ 168                      ║              63 ║
╠═══════╬══════════╬═════════════════╬═══════════════════════╬═══════════════╬══════════════════════════╬═════════════════╣
║    50 ║ SUI      ║ 10,000,000,000  ║ $37,740,310,573.11    ║ $3.774        ║ 1542                     ║              54 ║
╠═══════╬══════════╬═════════════════╬═══════════════════════╬═══════════════╬══════════════════════════╬═════════════════╣
║    51 ║ ADA      ║ 45,000,000,000  ║ $45,525,182,643.58    ║ $1.0117       ║ no data                  ║              45 ║
╠═══════╬══════════╬═════════════════╬═══════════════════════╬═══════════════╬══════════════════════════╬═════════════════╣
║    52 ║ CFX      ║ 506,595,716,405 ║ $1,140,289,846.05     ║ $0.2047       ║ no data                  ║              20 ║
╠═══════╬══════════╬═════════════════╬═══════════════════════╬═══════════════╬══════════════════════════╬═════════════════╣
║    53 ║ SOL      ║ 574,915,273     ║ $127,879,785,541.60   ║ $216.8061     ║ no data                  ║              16 ║
╠═══════╬══════════╬═════════════════╬═══════════════════════╬═══════════════╬══════════════════════════╬═════════════════╣
║    54 ║ XRP      ║ 100,000,000,000 ║ $221,681,184,524.21   ║ $2.2171       ║ 43                       ║               9 ║
╠═══════╬══════════╬═════════════════╬═══════════════════════╬═══════════════╬══════════════════════════╬═════════════════╣
║    55 ║ ETH      ║ 122,056,395     ║ $448,925,496,780.92   ║ $3727.2252    ║ 226                      ║               4 ║
╠═══════╬══════════╬═════════════════╬═══════════════════════╬═══════════════╬══════════════════════════╬═════════════════╣
║    56 ║ BTC      ║ 21,000,000      ║ $1,925,644,237,164.23 ║ $97,290.16    ║ 571                      ║               0 ║
╚═══════╩══════════╩═════════════════╩═══════════════════════╩═══════════════╩══════════════════════════╩═════════════════╝