╔═══════╦══════════╦═════════════════╦═══════════════════════╦═══════════════╦══════════════════════════╦═════════════════╗
║   Ind ║ Simbol   ║ Emission        ║ Mkt. Cap.             ║ Price (USD)   ║ GIT commits of 90 days   ║   Underestimate ║
╠═══════╬══════════╬═════════════════╬═══════════════════════╬═══════════════╬══════════════════════════╬═════════════════╣
║     0 ║ CTK      ║ 133,687,317     ║ $136,803,713.57       ║ $0.9735       ║ no data                  ║           15389 ║
╠═══════╬══════════╬═════════════════╬═══════════════════════╬═══════════════╬══════════════════════════╬═════════════════╣
║     1 ║ NANO     ║ 133,248,297     ║ $241,949,536.49       ║ $1.8158       ║ no data                  ║            8278 ║
╠═══════╬══════════╬═════════════════╬═══════════════════════╬═══════════════╬══════════════════════════╬═════════════════╣
║     2 ║ ONE      ║ 14,269,278,702  ║ $444,751,252.58       ║ $0.0308       ║ no data                  ║            4563 ║
╠═══════╬══════════╬═════════════════╬═══════════════════════╬═══════════════╬══════════════════════════╬═════════════════╣
║     3 ║ SC       ║ 57,769,785,000  ║ $445,417,032.35       ║ $0.0077       ║ no data                  ║            4497 ║
╠═══════╬══════════╬═════════════════╬═══════════════════════╬═══════════════╬══════════════════════════╬═════════════════╣
║     4 ║ IOTX     ║ 10,000,000,000  ║ $622,227,626.68       ║ $0.0659       ║ no data                  ║            3039 ║
╠═══════╬══════════╬═════════════════╬═══════════════════════╬═══════════════╬══════════════════════════╬═════════════════╣
║     5 ║ NOT      ║ 102,719,221,714 ║ $919,418,831.17       ║ $0.009        ║ no data                  ║            2173 ║
╠═══════╬══════════╬═════════════════╬═══════════════════════╬═══════════════╬══════════════════════════╬═════════════════╣
║     6 ║ ROSE     ║ 10,000,000,000  ║ $1,219,046,913.57     ║ $0.1219       ║ no data                  ║            1643 ║
╠═══════╬══════════╬═════════════════╬═══════════════════════╬═══════════════╬══════════════════════════╬═════════════════╣
║     7 ║ MIOTA    ║ 3,229,505,319   ║ $1,345,722,365.72     ║ $0.4842       ║ no data                  ║            1281 ║
╠═══════╬══════════╬═════════════════╬═══════════════════════╬═══════════════╬══════════════════════════╬═════════════════╣
║     8 ║ ZEC      ║ 21,000,000      ║ $1,132,942,713.41     ║ $74.9322      ║ 62                       ║            1273 ║
╠═══════╬══════════╬═════════════════╬═══════════════════════╬═══════════════╬══════════════════════════╬═════════════════╣
║     9 ║ FLOW     ║ 1,503,293,597   ║ $1,760,345,803.60     ║ $1.1374       ║ 766                      ║            1171 ║
╠═══════╬══════════╬═════════════════╬═══════════════════════╬═══════════════╬══════════════════════════╬═════════════════╣
║    10 ║ HNT      ║ 223,000,000     ║ $1,496,576,887.45     ║ $8.6535       ║ no data                  ║            1038 ║
╠═══════╬══════════╬═════════════════╬═══════════════════════╬═══════════════╬══════════════════════════╬═════════════════╣
║    11 ║ RUNE     ║ 415,800,965     ║ $2,721,044,879.80     ║ $6.5428       ║ no data                  ║             736 ║
╠═══════╬══════════╬═════════════════╬═══════════════════════╬═══════════════╬══════════════════════════╬═════════════════╣
║    12 ║ CRV      ║ 3,303,030,299   ║ $1,854,802,535.60     ║ $0.8434       ║ no data                  ║             719 ║
╠═══════╬══════════╬═════════════════╬═══════════════════════╬═══════════════╬══════════════════════════╬═════════════════╣
║    13 ║ XMR      ║ 18,429,993      ║ $13,453,832.35        ║ $173.9459     ║ 6                        ║             625 ║
╠═══════╬══════════╬═════════════════╬═══════════════════════╬═══════════════╬══════════════════════════╬═════════════════╣
║    14 ║ OM       ║ 888,888,888     ║ $3,255,197,549.64     ║ $3.6621       ║ no data                  ║             615 ║
╠═══════╬══════════╬═════════════════╬═══════════════════════╬═══════════════╬══════════════════════════╬═════════════════╣
║    15 ║ INJ      ║ 100,000,000     ║ $3,276,237,771.64     ║ $32.7624      ║ no data                  ║             611 ║
╠═══════╬══════════╬═════════════════╬═══════════════════════╬═══════════════╬══════════════════════════╬═════════════════╣
║    16 ║ GRT      ║ 10,797,266,751  ║ $3,298,811,490.03     ║ $0.3054       ║ 32                       ║             607 ║
╠═══════╬══════════╬═════════════════╬═══════════════════════╬═══════════════╬══════════════════════════╬═════════════════╣
║    17 ║ W        ║ 10,000,000,000  ║ $3,428,194,980.29     ║ $0.3428       ║ no data                  ║             584 ║
╠═══════╬══════════╬═════════════════╬═══════════════════════╬═══════════════╬══════════════════════════╬═════════════════╣
║    18 ║ ATOM     ║ 390,930,671     ║ $4,172,786,880.09     ║ $9.8047       ║ no data                  ║             523 ║
╠═══════╬══════════╬═════════════════╬═══════════════════════╬═══════════════╬══════════════════════════╬═════════════════╣
║    19 ║ FTM      ║ 3,175,000,000   ║ $4,045,327,243.85     ║ $1.2741       ║ no data                  ║             495 ║
╠═══════╬══════════╬═════════════════╬═══════════════════════╬═══════════════╬══════════════════════════╬═════════════════╣
║    20 ║ STX      ║ 1,818,000,000   ║ $3,764,840,830.53     ║ $2.4209       ║ 1118                     ║             455 ║
╠═══════╬══════════╬═════════════════╬═══════════════════════╬═══════════════╬══════════════════════════╬═════════════════╣
║    21 ║ PYTH     ║ 9,999,988,994   ║ $5,305,108,058.80     ║ $0.5305       ║ no data                  ║             378 ║
╠═══════╬══════════╬═════════════════╬═══════════════════════╬═══════════════╬══════════════════════════╬═════════════════╣
║    22 ║ ALGO     ║ 10,000,000,000  ║ $5,665,918,346.43     ║ $0.5666       ║ no data                  ║             353 ║
╠═══════╬══════════╬═════════════════╬═══════════════════════╬═══════════════╬══════════════════════════╬═════════════════╣
║    23 ║ VET      ║ 86,712,634,466  ║ $5,697,718,098.87     ║ $0.0663       ║ no data                  ║             349 ║
╠═══════╬══════════╬═════════════════╬═══════════════════════╬═══════════════╬══════════════════════════╬═════════════════╣
║    24 ║ CRO      ║ 30,263,013,692  ║ $6,063,271,764.21     ║ $0.2021       ║ no data                  ║             327 ║
╠═══════╬══════════╬═════════════════╬═══════════════════════╬═══════════════╬══════════════════════════╬═════════════════╣
║    25 ║ MATIC    ║ 10,000,000,000  ║ $7,457,531,112.82     ║ $0.7479       ║ 76                       ║             268 ║
╠═══════╬══════════╬═════════════════╬═══════════════════════╬═══════════════╬══════════════════════════╬═════════════════╣
║    26 ║ TIA      ║ 1,039,890,411   ║ $8,483,551,337.95     ║ $7.9022       ║ no data                  ║             244 ║
╠═══════╬══════════╬═════════════════╬═══════════════════════╬═══════════════╬══════════════════════════╬═════════════════╣
║    27 ║ NEAR     ║ 1,188,295,576   ║ $9,014,661,212.38     ║ $7.3692       ║ no data                  ║             229 ║
╠═══════╬══════════╬═════════════════╬═══════════════════════╬═══════════════╬══════════════════════════╬═════════════════╣
║    28 ║ ARB      ║ 10,000,000,000  ║ $10,630,501,511.37    ║ $1.0631       ║ 447                      ║             188 ║
╠═══════╬══════════╬═════════════════╬═══════════════════════╬═══════════════╬══════════════════════════╬═════════════════╣
║    29 ║ OP       ║ 4,294,967,296   ║ $10,863,559,400.89    ║ $2.5294       ║ 950                      ║             184 ║
╠═══════╬══════════╬═════════════════╬═══════════════════════╬═══════════════╬══════════════════════════╬═════════════════╣
║    30 ║ BCH      ║ 21,000,000      ║ $10,624,908,802.66    ║ $536.6986     ║ no data                  ║             178 ║
╠═══════╬══════════╬═════════════════╬═══════════════════════╬═══════════════╬══════════════════════════╬═════════════════╣
║    31 ║ JUP      ║ 10,000,000,000  ║ $11,808,847,523.76    ║ $1.1809       ║ no data                  ║             170 ║
╠═══════╬══════════╬═════════════════╬═══════════════════════╬═══════════════╬══════════════════════════╬═════════════════╣
║    32 ║ TAO      ║ 21,000,000      ║ $4,796,370,579.74     ║ $611.6736     ║ no data                  ║             156 ║
╠═══════╬══════════╬═════════════════╬═══════════════════════╬═══════════════╬══════════════════════════╬═════════════════╣
║    33 ║ UNI      ║ 1,000,000,000   ║ $14,338,255,601.43    ║ $14.3383      ║ no data                  ║             140 ║
╠═══════╬══════════╬═════════════════╬═══════════════════════╬═══════════════╬══════════════════════════╬═════════════════╣
║    34 ║ FIL      ║ 1,960,538,665   ║ $4,484,521,148.80     ║ $7.3909       ║ 199                      ║             138 ║
╠═══════╬══════════╬═════════════════╬═══════════════════════╬═══════════════╬══════════════════════════╬═════════════════╣
║    35 ║ DOT      ║ 1,437,953,431   ║ $15,386,141,288.03    ║ $10.0899      ║ 936                      ║             138 ║
╠═══════╬══════════╬═════════════════╬═══════════════════════╬═══════════════╬══════════════════════════╬═════════════════╣
║    36 ║ APT      ║ 1,093,375,145   ║ $16,122,049,199.26    ║ $14.2803      ║ 526                      ║             128 ║
╠═══════╬══════════╬═════════════════╬═══════════════════════╬═══════════════╬══════════════════════════╬═════════════════╣
║    37 ║ HBAR     ║ 50,000,000,000  ║ $17,538,030,763.99    ║ $0.3508       ║ 447                      ║             114 ║
╠═══════╬══════════╬═════════════════╬═══════════════════════╬═══════════════╬══════════════════════════╬═════════════════╣
║    38 ║ TRX      ║ 87,554,275,200  ║ $20,057,747,392.39    ║ $0.2324       ║ 33                       ║              98 ║
╠═══════╬══════════╬═════════════════╬═══════════════════════╬═══════════════╬══════════════════════════╬═════════════════╣
║    39 ║ LINK     ║ 1,000,000,000   ║ $25,671,088,808.14    ║ $25.6711      ║ 889                      ║              78 ║
╠═══════╬══════════╬═════════════════╬═══════════════════════╬═══════════════╬══════════════════════════╬═════════════════╣
║    40 ║ XLM      ║ 50,001,806,812  ║ $27,033,371,339.28    ║ $0.5406       ║ 198                      ║              74 ║
╠═══════╬══════════╬═════════════════╬═══════════════════════╬═══════════════╬══════════════════════════╬═════════════════╣
║    41 ║ WLD      ║ 10,000,000,000  ║ $33,051,011,032.70    ║ $3.3051       ║ no data                  ║              61 ║
╠═══════╬══════════╬═════════════════╬═══════════════════════╬═══════════════╬══════════════════════════╬═════════════════╣
║    42 ║ SUI      ║ 10,000,000,000  ║ $36,869,692,255.11    ║ $3.687        ║ 1579                     ║              54 ║
╠═══════╬══════════╬═════════════════╬═══════════════════════╬═══════════════╬══════════════════════════╬═════════════════╣
║    43 ║ AVAX     ║ 715,748,719     ║ $23,225,059,811.42    ║ $51.8834      ║ 185                      ║              54 ║
╠═══════╬══════════╬═════════════════╬═══════════════════════╬═══════════════╬══════════════════════════╬═════════════════╣
║    44 ║ ADA      ║ 45,000,000,000  ║ $57,805,417,312.83    ║ $1.2846       ║ no data                  ║              35 ║
╠═══════╬══════════╬═════════════════╬═══════════════════════╬═══════════════╬══════════════════════════╬═════════════════╣
║    45 ║ CFX      ║ 506,595,716,405 ║ $1,309,302,842.14     ║ $0.2351       ║ no data                  ║              17 ║
╠═══════╬══════════╬═════════════════╬═══════════════════════╬═══════════════╬══════════════════════════╬═════════════════╣
║    46 ║ SOL      ║ 574,915,273     ║ $133,177,001,318.70   ║ $225.9438     ║ no data                  ║              15 ║
╠═══════╬══════════╬═════════════════╬═══════════════════════╬═══════════════╬══════════════════════════╬═════════════════╣
║    47 ║ XRP      ║ 100,000,000,000 ║ $264,056,340,916.06   ║ $2.6409       ║ 43                       ║               8 ║
╠═══════╬══════════╬═════════════════╬═══════════════════════╬═══════════════╬══════════════════════════╬═════════════════╣
║    48 ║ ETH      ║ 122,056,395     ║ $435,336,185,667.63   ║ $3614.4849    ║ 228                      ║               5 ║
╠═══════╬══════════╬═════════════════╬═══════════════════════╬═══════════════╬══════════════════════════╬═════════════════╣
║    49 ║ BTC      ║ 21,000,000      ║ $1,887,503,459,982.02 ║ $95,373.89    ║ 583                      ║               0 ║
╚═══════╩══════════╩═════════════════╩═══════════════════════╩═══════════════╩══════════════════════════╩═════════════════╝