╔═══════╦══════════╦═════════════════╦═══════════════════════╦═══════════════╦══════════════════════════╦═════════════════╗
║   Ind ║ Simbol   ║ Emission        ║ Mkt. Cap.             ║ Price (USD)   ║ GIT commits of 90 days   ║   Underestimate ║
╠═══════╬══════════╬═════════════════╬═══════════════════════╬═══════════════╬══════════════════════════╬═════════════════╣
║     0 ║ CTK      ║ 133,687,317     ║ $137,672,095.26       ║ $0.9788       ║ no data                  ║           15965 ║
╠═══════╬══════════╬═════════════════╬═══════════════════════╬═══════════════╬══════════════════════════╬═════════════════╣
║     1 ║ NANO     ║ 133,248,297     ║ $272,147,399.84       ║ $2.0424       ║ 249                      ║            7676 ║
╠═══════╬══════════╬═════════════════╬═══════════════════════╬═══════════════╬══════════════════════════╬═════════════════╣
║     2 ║ SC       ║ 57,769,785,000  ║ $462,712,067.32       ║ $0.008        ║ no data                  ║            4515 ║
╠═══════╬══════════╬═════════════════╬═══════════════════════╬═══════════════╬══════════════════════════╬═════════════════╣
║     3 ║ IOTX     ║ 10,000,000,000  ║ $570,247,704.57       ║ $0.0604       ║ no data                  ║            3459 ║
╠═══════╬══════════╬═════════════════╬═══════════════════════╬═══════════════╬══════════════════════════╬═════════════════╣
║     4 ║ ONE      ║ 14,269,278,702  ║ $617,463,842.00       ║ $0.0427       ║ 15                       ║            3429 ║
╠═══════╬══════════╬═════════════════╬═══════════════════════╬═══════════════╬══════════════════════════╬═════════════════╣
║     5 ║ KSM      ║ 15,810,529      ║ $729,415,908.34       ║ $46.1229      ║ 872                      ║            2865 ║
╠═══════╬══════════╬═════════════════╬═══════════════════════╬═══════════════╬══════════════════════════╬═════════════════╣
║     6 ║ NOT      ║ 102,719,221,714 ║ $1,029,277,594.48     ║ $0.01         ║ no data                  ║            2024 ║
╠═══════╬══════════╬═════════════════╬═══════════════════════╬═══════════════╬══════════════════════════╬═════════════════╣
║     7 ║ ROSE     ║ 10,000,000,000  ║ $1,348,362,884.44     ║ $0.1348       ║ 90                       ║            1549 ║
╠═══════╬══════════╬═════════════════╬═══════════════════════╬═══════════════╬══════════════════════════╬═════════════════╣
║     8 ║ ZEC      ║ 21,000,000      ║ $1,073,217,415.22     ║ $70.982       ║ 62                       ║            1401 ║
╠═══════╬══════════╬═════════════════╬═══════════════════════╬═══════════════╬══════════════════════════╬═════════════════╣
║     9 ║ MIOTA    ║ 3,229,505,319   ║ $1,329,786,458.43     ║ $0.4784       ║ no data                  ║            1352 ║
╠═══════╬══════════╬═════════════════╬═══════════════════════╬═══════════════╬══════════════════════════╬═════════════════╣
║    10 ║ HNT      ║ 223,000,000     ║ $1,640,528,085.57     ║ $9.4056       ║ no data                  ║             996 ║
╠═══════╬══════════╬═════════════════╬═══════════════════════╬═══════════════╬══════════════════════════╬═════════════════╣
║    11 ║ RUNE     ║ 415,800,965     ║ $3,000,901,282.15     ║ $7.2133       ║ no data                  ║             696 ║
╠═══════╬══════════╬═════════════════╬═══════════════════════╬═══════════════╬══════════════════════════╬═════════════════╣
║    12 ║ INJ      ║ 100,000,000     ║ $3,376,581,446.85     ║ $33.7658      ║ no data                  ║             619 ║
╠═══════╬══════════╬═════════════════╬═══════════════════════╬═══════════════╬══════════════════════════╬═════════════════╣
║    13 ║ GRT      ║ 10,797,266,751  ║ $3,572,014,223.32     ║ $0.3307       ║ no data                  ║             585 ║
╠═══════╬══════════╬═════════════════╬═══════════════════════╬═══════════════╬══════════════════════════╬═════════════════╣
║    14 ║ XMR      ║ 18,429,993      ║ $15,904,002.72        ║ $201.0974     ║ 5                        ║             564 ║
╠═══════╬══════════╬═════════════════╬═══════════════════════╬═══════════════╬══════════════════════════╬═════════════════╣
║    15 ║ CRV      ║ 3,303,030,299   ║ $2,615,325,489.01     ║ $1.1884       ║ 73                       ║             532 ║
╠═══════╬══════════╬═════════════════╬═══════════════════════╬═══════════════╬══════════════════════════╬═════════════════╣
║    16 ║ W        ║ 10,000,000,000  ║ $3,943,206,206.88     ║ $0.3943       ║ no data                  ║             530 ║
╠═══════╬══════════╬═════════════════╬═══════════════════════╬═══════════════╬══════════════════════════╬═════════════════╣
║    17 ║ ATOM     ║ 390,930,671     ║ $4,386,278,256.97     ║ $10.292       ║ no data                  ║             519 ║
╠═══════╬══════════╬═════════════════╬═══════════════════════╬═══════════════╬══════════════════════════╬═════════════════╣
║    18 ║ FTM      ║ 3,175,000,000   ║ $4,355,149,632.13     ║ $1.3717       ║ no data                  ║             480 ║
╠═══════╬══════════╬═════════════════╬═══════════════════════╬═══════════════╬══════════════════════════╬═════════════════╣
║    19 ║ ALGO     ║ 10,000,000,000  ║ $4,764,549,305.82     ║ $0.4765       ║ 31                       ║             438 ║
╠═══════╬══════════╬═════════════════╬═══════════════════════╬═══════════════╬══════════════════════════╬═════════════════╣
║    20 ║ STX      ║ 1,818,000,000   ║ $4,133,093,323.56     ║ $2.6567       ║ 1014                     ║             433 ║
╠═══════╬══════════╬═════════════════╬═══════════════════════╬═══════════════╬══════════════════════════╬═════════════════╣
║    21 ║ PYTH     ║ 9,999,988,994   ║ $5,254,582,942.52     ║ $0.5255       ║ no data                  ║             398 ║
╠═══════╬══════════╬═════════════════╬═══════════════════════╬═══════════════╬══════════════════════════╬═════════════════╣
║    22 ║ ZK       ║ 21,000,000,000  ║ $3,200,034,012.80     ║ $0.2641       ║ no data                  ║             377 ║
╠═══════╬══════════╬═════════════════╬═══════════════════════╬═══════════════╬══════════════════════════╬═════════════════╣
║    23 ║ VET      ║ 86,712,634,466  ║ $5,836,079,697.29     ║ $0.0679       ║ 26                       ║             355 ║
╠═══════╬══════════╬═════════════════╬═══════════════════════╬═══════════════╬══════════════════════════╬═════════════════╣
║    24 ║ CRO      ║ 30,263,013,692  ║ $6,033,757,345.64     ║ $0.2011       ║ 99                       ║             343 ║
╠═══════╬══════════╬═════════════════╬═══════════════════════╬═══════════════╬══════════════════════════╬═════════════════╣
║    25 ║ SEI      ║ 10,000,000,000  ║ $6,098,551,719.02     ║ $0.6875       ║ 56                       ║             304 ║
╠═══════╬══════════╬═════════════════╬═══════════════════════╬═══════════════╬══════════════════════════╬═════════════════╣
║    26 ║ MATIC    ║ 10,000,000,000  ║ $7,076,869,310.41     ║ $0.7097       ║ 51                       ║             294 ║
╠═══════╬══════════╬═════════════════╬═══════════════════════╬═══════════════╬══════════════════════════╬═════════════════╣
║    27 ║ STRK     ║ 10,000,000,000  ║ $7,782,857,624.38     ║ $0.7782       ║ no data                  ║             268 ║
╠═══════╬══════════╬═════════════════╬═══════════════════════╬═══════════════╬══════════════════════════╬═════════════════╣
║    28 ║ TIA      ║ 1,039,890,411   ║ $9,307,358,084.61     ║ $8.6622       ║ no data                  ║             232 ║
╠═══════╬══════════╬═════════════════╬═══════════════════════╬═══════════════╬══════════════════════════╬═════════════════╣
║    29 ║ NEAR     ║ 1,188,295,576   ║ $9,562,480,957.78     ║ $7.8128       ║ 333                      ║             225 ║
╠═══════╬══════════╬═════════════════╬═══════════════════════╬═══════════════╬══════════════════════════╬═════════════════╣
║    30 ║ OP       ║ 4,294,967,296   ║ $11,642,642,547.85    ║ $2.7108       ║ 929                      ║             179 ║
╠═══════╬══════════╬═════════════════╬═══════════════════════╬═══════════════╬══════════════════════════╬═════════════════╣
║    31 ║ ARB      ║ 10,000,000,000  ║ $11,697,413,104.08    ║ $1.1697       ║ 466                      ║             179 ║
╠═══════╬══════════╬═════════════════╬═══════════════════════╬═══════════════╬══════════════════════════╬═════════════════╣
║    32 ║ BCH      ║ 21,000,000      ║ $12,190,200,305.32    ║ $615.7052     ║ no data                  ║             162 ║
╠═══════╬══════════╬═════════════════╬═══════════════════════╬═══════════════╬══════════════════════════╬═════════════════╣
║    33 ║ JUP      ║ 10,000,000,000  ║ $13,504,880,520.52    ║ $1.3505       ║ no data                  ║             155 ║
╠═══════╬══════════╬═════════════════╬═══════════════════════╬═══════════════╬══════════════════════════╬═════════════════╣
║    34 ║ TAO      ║ 21,000,000      ║ $5,541,294,872.71     ║ $704.5639     ║ 246                      ║             141 ║
╠═══════╬══════════╬═════════════════╬═══════════════════════╬═══════════════╬══════════════════════════╬═════════════════╣
║    35 ║ DOT      ║ 1,437,953,431   ║ $16,172,025,872.46    ║ $10.5961      ║ 114                      ║             137 ║
╠═══════╬══════════╬═════════════════╬═══════════════════════╬═══════════════╬══════════════════════════╬═════════════════╣
║    36 ║ FIL      ║ 1,960,538,665   ║ $4,839,395,837.95     ║ $7.9487       ║ 197                      ║             134 ║
╠═══════╬══════════╬═════════════════╬═══════════════════════╬═══════════════╬══════════════════════════╬═════════════════╣
║    37 ║ APT      ║ 1,093,375,145   ║ $16,850,897,768.50    ║ $14.9171      ║ 502                      ║             128 ║
╠═══════╬══════════╬═════════════════╬═══════════════════════╬═══════════════╬══════════════════════════╬═════════════════╣
║    38 ║ HBAR     ║ 50,000,000,000  ║ $16,937,830,422.11    ║ $0.3388       ║ 466                      ║             123 ║
╠═══════╬══════════╬═════════════════╬═══════════════════════╬═══════════════╬══════════════════════════╬═════════════════╣
║    39 ║ UNI      ║ 1,000,000,000   ║ $17,436,766,546.65    ║ $17.4368      ║ no data                  ║             120 ║
╠═══════╬══════════╬═════════════════╬═══════════════════════╬═══════════════╬══════════════════════════╬═════════════════╣
║    40 ║ XLM      ║ 50,001,806,812  ║ $24,453,723,854.27    ║ $0.4891       ║ 167                      ║              85 ║
╠═══════╬══════════╬═════════════════╬═══════════════════════╬═══════════════╬══════════════════════════╬═════════════════╣
║    41 ║ LINK     ║ 1,000,000,000   ║ $25,103,675,594.43    ║ $25.1037      ║ 904                      ║              83 ║
╠═══════╬══════════╬═════════════════╬═══════════════════════╬═══════════════╬══════════════════════════╬═════════════════╣
║    42 ║ TRX      ║ 87,554,275,200  ║ $27,629,501,976.32    ║ $0.3203       ║ 31                       ║              74 ║
╠═══════╬══════════╬═════════════════╬═══════════════════════╬═══════════════╬══════════════════════════╬═════════════════╣
║    43 ║ AVAX     ║ 715,748,719     ║ $23,264,456,604.77    ║ $51.9645      ║ 166                      ║              56 ║
╠═══════╬══════════╬═════════════════╬═══════════════════════╬═══════════════╬══════════════════════════╬═════════════════╣
║    44 ║ WLD      ║ 10,000,000,000  ║ $38,419,547,996.39    ║ $3.842        ║ no data                  ║              54 ║
╠═══════╬══════════╬═════════════════╬═══════════════════════╬═══════════════╬══════════════════════════╬═════════════════╣
║    45 ║ SUI      ║ 10,000,000,000  ║ $43,218,594,179.79    ║ $4.3219       ║ 1480                     ║              48 ║
╠═══════╬══════════╬═════════════════╬═══════════════════════╬═══════════════╬══════════════════════════╬═════════════════╣
║    46 ║ ADA      ║ 45,000,000,000  ║ $54,517,242,143.40    ║ $1.2115       ║ no data                  ║              38 ║
╠═══════╬══════════╬═════════════════╬═══════════════════════╬═══════════════╬══════════════════════════╬═════════════════╣
║    47 ║ CFX      ║ 506,595,716,405 ║ $1,425,793,682.24     ║ $0.256        ║ 95                       ║              16 ║
╠═══════╬══════════╬═════════════════╬═══════════════════════╬═══════════════╬══════════════════════════╬═════════════════╣
║    48 ║ SOL      ║ 574,915,273     ║ $140,353,654,546.72   ║ $238.0081     ║ no data                  ║              15 ║
╠═══════╬══════════╬═════════════════╬═══════════════════════╬═══════════════╬══════════════════════════╬═════════════════╣
║    49 ║ XRP      ║ 100,000,000,000 ║ $245,386,700,148.38   ║ $2.4542       ║ 43                       ║               9 ║
╠═══════╬══════════╬═════════════════╬═══════════════════════╬═══════════════╬══════════════════════════╬═════════════════╣
║    50 ║ ETH      ║ 122,056,395     ║ $482,442,228,080.80   ║ $4005.5837    ║ 222                      ║               4 ║
╠═══════╬══════════╬═════════════════╬═══════════════════════╬═══════════════╬══════════════════════════╬═════════════════╣
║    51 ║ BTC      ║ 21,000,000      ║ $1,968,674,551,097.15 ║ $99,475.39    ║ 561                      ║               0 ║
╚═══════╩══════════╩═════════════════╩═══════════════════════╩═══════════════╩══════════════════════════╩═════════════════╝