╔═══════╦══════════╦═════════════════╦═══════════════════════╦═══════════════╦══════════════════════════╦═════════════════╗
║   Ind ║ Simbol   ║ Emission        ║ Mkt. Cap.             ║ Price (USD)   ║ GIT commits of 90 days   ║   Underestimate ║
╠═══════╬══════════╬═════════════════╬═══════════════════════╬═══════════════╬══════════════════════════╬═════════════════╣
║     0 ║ CTK      ║ 133,687,317     ║ $116,146,655.51       ║ $0.8252       ║ no data                  ║           18477 ║
╠═══════╬══════════╬═════════════════╬═══════════════════════╬═══════════════╬══════════════════════════╬═════════════════╣
║     1 ║ NANO     ║ 133,248,297     ║ $246,601,432.94       ║ $1.8507       ║ 249                      ║            8266 ║
╠═══════╬══════════╬═════════════════╬═══════════════════════╬═══════════════╬══════════════════════════╬═════════════════╣
║     2 ║ SC       ║ 57,769,785,000  ║ $371,599,106.64       ║ $0.0064       ║ no data                  ║            5486 ║
╠═══════╬══════════╬═════════════════╬═══════════════════════╬═══════════════╬══════════════════════════╬═════════════════╣
║     3 ║ IOTX     ║ 10,000,000,000  ║ $428,866,772.69       ║ $0.0454       ║ 101                      ║            4488 ║
╠═══════╬══════════╬═════════════════╬═══════════════════════╬═══════════════╬══════════════════════════╬═════════════════╣
║     4 ║ ONE      ║ 14,269,278,702  ║ $503,181,604.78       ║ $0.0348       ║ no data                  ║            4107 ║
╠═══════╬══════════╬═════════════════╬═══════════════════════╬═══════════════╬══════════════════════════╬═════════════════╣
║     5 ║ KSM      ║ 15,810,529      ║ $573,474,190.97       ║ $36.2374      ║ 886                      ║            3558 ║
╠═══════╬══════════╬═════════════════╬═══════════════════════╬═══════════════╬══════════════════════════╬═════════════════╣
║     6 ║ NOT      ║ 102,719,221,714 ║ $771,378,054.77       ║ $0.0075       ║ no data                  ║            2636 ║
╠═══════╬══════════╬═════════════════╬═══════════════════════╬═══════════════╬══════════════════════════╬═════════════════╣
║     7 ║ ROSE     ║ 10,000,000,000  ║ $1,092,474,169.80     ║ $0.1092       ║ 90                       ║            1866 ║
╠═══════╬══════════╬═════════════════╬═══════════════════════╬═══════════════╬══════════════════════════╬═════════════════╣
║     8 ║ ZEC      ║ 21,000,000      ║ $869,620,095.81       ║ $57.5162      ║ 62                       ║            1688 ║
╠═══════╬══════════╬═════════════════╬═══════════════════════╬═══════════════╬══════════════════════════╬═════════════════╣
║     9 ║ MIOTA    ║ 3,229,505,319   ║ $1,074,795,846.38     ║ $0.3867       ║ no data                  ║            1632 ║
╠═══════╬══════════╬═════════════════╬═══════════════════════╬═══════════════╬══════════════════════════╬═════════════════╣
║    10 ║ HNT      ║ 223,000,000     ║ $1,320,886,769.96     ║ $7.5661       ║ no data                  ║            1208 ║
╠═══════╬══════════╬═════════════════╬═══════════════════════╬═══════════════╬══════════════════════════╬═════════════════╣
║    11 ║ RUNE     ║ 415,800,965     ║ $2,616,458,183.84     ║ $6.289        ║ no data                  ║             780 ║
╠═══════╬══════════╬═════════════════╬═══════════════════════╬═══════════════╬══════════════════════════╬═════════════════╣
║    12 ║ INJ      ║ 100,000,000     ║ $2,808,120,284.87     ║ $28.0812      ║ no data                  ║             726 ║
╠═══════╬══════════╬═════════════════╬═══════════════════════╬═══════════════╬══════════════════════════╬═════════════════╣
║    13 ║ GRT      ║ 10,797,266,751  ║ $2,874,838,259.57     ║ $0.2662       ║ no data                  ║             709 ║
╠═══════╬══════════╬═════════════════╬═══════════════════════╬═══════════════╬══════════════════════════╬═════════════════╣
║    14 ║ W        ║ 10,000,000,000  ║ $3,142,259,005.60     ║ $0.3142       ║ 39                       ║             649 ║
╠═══════╬══════════╬═════════════════╬═══════════════════════╬═══════════════╬══════════════════════════╬═════════════════╣
║    15 ║ XMR      ║ 18,429,993      ║ $14,109,922.28        ║ $175.8113     ║ 5                        ║             629 ║
╠═══════╬══════════╬═════════════════╬═══════════════════════╬═══════════════╬══════════════════════════╬═════════════════╣
║    16 ║ ATOM     ║ 390,930,671     ║ $3,576,433,068.14     ║ $8.3841       ║ no data                  ║             622 ║
╠═══════╬══════════╬═════════════════╬═══════════════════════╬═══════════════╬══════════════════════════╬═════════════════╣
║    17 ║ FTM      ║ 3,175,000,000   ║ $3,705,296,064.49     ║ $1.167        ║ no data                  ║             550 ║
╠═══════╬══════════╬═════════════════╬═══════════════════════╬═══════════════╬══════════════════════════╬═════════════════╣
║    18 ║ CRV      ║ 3,303,030,299   ║ $2,511,928,252.38     ║ $1.1408       ║ no data                  ║             541 ║
╠═══════╬══════════╬═════════════════╬═══════════════════════╬═══════════════╬══════════════════════════╬═════════════════╣
║    19 ║ STX      ║ 1,818,000,000   ║ $3,447,741,184.35     ║ $2.2157       ║ 1098                     ║             506 ║
╠═══════╬══════════╬═════════════════╬═══════════════════════╬═══════════════╬══════════════════════════╬═════════════════╣
║    20 ║ PYTH     ║ 9,999,988,994   ║ $4,125,993,674.16     ║ $0.4126       ║ no data                  ║             494 ║
╠═══════╬══════════╬═════════════════╬═══════════════════════╬═══════════════╬══════════════════════════╬═════════════════╣
║    21 ║ ALGO     ║ 10,000,000,000  ║ $4,267,840,941.59     ║ $0.4268       ║ 31                       ║             478 ║
╠═══════╬══════════╬═════════════════╬═══════════════════════╬═══════════════╬══════════════════════════╬═════════════════╣
║    22 ║ KAS      ║ 28,704,026,601  ║ $4,061,897,474.43     ║ $0.1605       ║ 33                       ║             443 ║
╠═══════╬══════════╬═════════════════╬═══════════════════════╬═══════════════╬══════════════════════════╬═════════════════╣
║    23 ║ ZK       ║ 21,000,000,000  ║ $2,737,417,872.73     ║ $0.2259       ║ 336                      ║             430 ║
╠═══════╬══════════╬═════════════════╬═══════════════════════╬═══════════════╬══════════════════════════╬═════════════════╣
║    24 ║ VET      ║ 86,712,634,466  ║ $4,847,504,960.22     ║ $0.0564       ║ 31                       ║             417 ║
╠═══════╬══════════╬═════════════════╬═══════════════════════╬═══════════════╬══════════════════════════╬═════════════════╣
║    25 ║ CRO      ║ 30,263,013,692  ║ $5,070,709,439.03     ║ $0.169        ║ no data                  ║             399 ║
╠═══════╬══════════╬═════════════════╬═══════════════════════╬═══════════════╬══════════════════════════╬═════════════════╣
║    26 ║ SEI      ║ 10,000,000,000  ║ $4,995,400,021.20     ║ $0.563        ║ no data                  ║             362 ║
╠═══════╬══════════╬═════════════════╬═══════════════════════╬═══════════════╬══════════════════════════╬═════════════════╣
║    27 ║ MATIC    ║ 10,000,000,000  ║ $5,807,914,825.70     ║ $0.5824       ║ 51                       ║             350 ║
╠═══════╬══════════╬═════════════════╬═══════════════════════╬═══════════════╬══════════════════════════╬═════════════════╣
║    28 ║ STRK     ║ 10,000,000,000  ║ $6,256,492,311.94     ║ $0.6256       ║ no data                  ║             326 ║
╠═══════╬══════════╬═════════════════╬═══════════════════════╬═══════════════╬══════════════════════════╬═════════════════╣
║    29 ║ TIA      ║ 1,039,890,411   ║ $7,249,904,232.38     ║ $6.7436       ║ no data                  ║             291 ║
╠═══════╬══════════╬═════════════════╬═══════════════════════╬═══════════════╬══════════════════════════╬═════════════════╣
║    30 ║ NEAR     ║ 1,188,295,576   ║ $7,903,281,463.57     ║ $6.4548       ║ 339                      ║             266 ║
╠═══════╬══════════╬═════════════════╬═══════════════════════╬═══════════════╬══════════════════════════╬═════════════════╣
║    31 ║ ARB      ║ 10,000,000,000  ║ $9,539,729,947.81     ║ $0.954        ║ no data                  ║             214 ║
╠═══════╬══════════╬═════════════════╬═══════════════════════╬═══════════════╬══════════════════════════╬═════════════════╣
║    32 ║ OP       ║ 4,294,967,296   ║ $9,678,134,998.09     ║ $2.2534       ║ 941                      ║             211 ║
╠═══════╬══════════╬═════════════════╬═══════════════════════╬═══════════════╬══════════════════════════╬═════════════════╣
║    33 ║ JUP      ║ 10,000,000,000  ║ $10,679,910,145.86    ║ $1.068        ║ no data                  ║             191 ║
╠═══════╬══════════╬═════════════════╬═══════════════════════╬═══════════════╬══════════════════════════╬═════════════════╣
║    34 ║ BCH      ║ 21,000,000      ║ $10,786,285,111.26    ║ $544.7639     ║ no data                  ║             178 ║
╠═══════╬══════════╬═════════════════╬═══════════════════════╬═══════════════╬══════════════════════════╬═════════════════╣
║    35 ║ TAO      ║ 21,000,000      ║ $4,621,466,078.61     ║ $586.4514     ║ no data                  ║             166 ║
╠═══════╬══════════╬═════════════════╬═══════════════════════╬═══════════════╬══════════════════════════╬═════════════════╣
║    36 ║ DOT      ║ 1,437,953,431   ║ $13,095,470,901.22    ║ $8.5749       ║ no data                  ║             165 ║
╠═══════╬══════════╬═════════════════╬═══════════════════════╬═══════════════╬══════════════════════════╬═════════════════╣
║    37 ║ FIL      ║ 1,960,538,665   ║ $3,856,632,507.11     ║ $6.3251       ║ 199                      ║             164 ║
╠═══════╬══════════╬═════════════════╬═══════════════════════╬═══════════════╬══════════════════════════╬═════════════════╣
║    38 ║ APT      ║ 1,093,375,145   ║ $13,309,062,850.78    ║ $11.777       ║ 506                      ║             158 ║
╠═══════╬══════════╬═════════════════╬═══════════════════════╬═══════════════╬══════════════════════════╬═════════════════╣
║    39 ║ HBAR     ║ 50,000,000,000  ║ $14,797,299,628.02    ║ $0.2959       ║ 475                      ║             138 ║
╠═══════╬══════════╬═════════════════╬═══════════════════════╬═══════════════╬══════════════════════════╬═════════════════╣
║    40 ║ UNI      ║ 1,000,000,000   ║ $15,681,379,353.07    ║ $15.6814      ║ no data                  ║             130 ║
╠═══════╬══════════╬═════════════════╬═══════════════════════╬═══════════════╬══════════════════════════╬═════════════════╣
║    41 ║ XLM      ║ 50,001,806,812  ║ $20,414,842,225.56    ║ $0.4083       ║ 170                      ║             100 ║
╠═══════╬══════════╬═════════════════╬═══════════════════════╬═══════════════╬══════════════════════════╬═════════════════╣
║    42 ║ TRX      ║ 87,554,275,200  ║ $22,589,998,296.79    ║ $0.2619       ║ 31                       ║              89 ║
╠═══════╬══════════╬═════════════════╬═══════════════════════╬═══════════════╬══════════════════════════╬═════════════════╣
║    43 ║ LINK     ║ 1,000,000,000   ║ $23,057,507,712.48    ║ $23.0575      ║ 922                      ║              88 ║
╠═══════╬══════════╬═════════════════╬═══════════════════════╬═══════════════╬══════════════════════════╬═════════════════╣
║    44 ║ WLD      ║ 10,000,000,000  ║ $29,762,730,084.75    ║ $2.9763       ║ no data                  ║              68 ║
╠═══════╬══════════╬═════════════════╬═══════════════════════╬═══════════════╬══════════════════════════╬═════════════════╣
║    45 ║ AVAX     ║ 715,748,719     ║ $20,240,081,163.21    ║ $45.2035      ║ 168                      ║              63 ║
╠═══════╬══════════╬═════════════════╬═══════════════════════╬═══════════════╬══════════════════════════╬═════════════════╣
║    46 ║ SUI      ║ 10,000,000,000  ║ $37,864,694,868.04    ║ $3.7865       ║ 1540                     ║              54 ║
╠═══════╬══════════╬═════════════════╬═══════════════════════╬═══════════════╬══════════════════════════╬═════════════════╣
║    47 ║ ADA      ║ 45,000,000,000  ║ $45,436,717,293.81    ║ $1.0097       ║ no data                  ║              45 ║
╠═══════╬══════════╬═════════════════╬═══════════════════════╬═══════════════╬══════════════════════════╬═════════════════╣
║    48 ║ CFX      ║ 506,595,716,405 ║ $1,142,490,236.03     ║ $0.2051       ║ 98                       ║              20 ║
╠═══════╬══════════╬═════════════════╬═══════════════════════╬═══════════════╬══════════════════════════╬═════════════════╣
║    49 ║ SOL      ║ 574,915,273     ║ $128,195,252,335.20   ║ $217.3407     ║ no data                  ║              16 ║
╠═══════╬══════════╬═════════════════╬═══════════════════════╬═══════════════╬══════════════════════════╬═════════════════╣
║    50 ║ XRP      ║ 100,000,000,000 ║ $217,156,559,442.31   ║ $2.1719       ║ 43                       ║               9 ║
╠═══════╬══════════╬═════════════════╬═══════════════════════╬═══════════════╬══════════════════════════╬═════════════════╣
║    51 ║ ETH      ║ 122,056,395     ║ $448,184,250,423.02   ║ $3721.0709    ║ 224                      ║               4 ║
╠═══════╬══════════╬═════════════════╬═══════════════════════╬═══════════════╬══════════════════════════╬═════════════════╣
║    52 ║ BTC      ║ 21,000,000      ║ $1,921,251,342,399.20 ║ $97,069.76    ║ 571                      ║               0 ║
╚═══════╩══════════╩═════════════════╩═══════════════════════╩═══════════════╩══════════════════════════╩═════════════════╝