╔═══════╦══════════╦═════════════════╦═══════════════════════╦═══════════════╦══════════════════════════╦═════════════════╗
║   Ind ║ Simbol   ║ Emission        ║ Mkt. Cap.             ║ Price (USD)   ║ GIT commits of 90 days   ║   Underestimate ║
╠═══════╬══════════╬═════════════════╬═══════════════════════╬═══════════════╬══════════════════════════╬═════════════════╣
║     0 ║ CTK      ║ 133,687,317     ║ $127,406,496.69       ║ $0.9053       ║ no data                  ║           17000 ║
╠═══════╬══════════╬═════════════════╬═══════════════════════╬═══════════════╬══════════════════════════╬═════════════════╣
║     1 ║ NANO     ║ 133,248,297     ║ $268,110,712.80       ║ $2.0121       ║ 249                      ║            7674 ║
╠═══════╬══════════╬═════════════════╬═══════════════════════╬═══════════════╬══════════════════════════╬═════════════════╣
║     2 ║ SC       ║ 57,769,785,000  ║ $417,338,442.06       ║ $0.0072       ║ no data                  ║            4930 ║
╠═══════╬══════════╬═════════════════╬═══════════════════════╬═══════════════╬══════════════════════════╬═════════════════╣
║     3 ║ IOTX     ║ 10,000,000,000  ║ $504,343,595.38       ║ $0.0534       ║ no data                  ║            3852 ║
╠═══════╬══════════╬═════════════════╬═══════════════════════╬═══════════════╬══════════════════════════╬═════════════════╣
║     4 ║ ONE      ║ 14,269,278,702  ║ $558,749,364.29       ║ $0.0386       ║ no data                  ║            3733 ║
╠═══════╬══════════╬═════════════════╬═══════════════════════╬═══════════════╬══════════════════════════╬═════════════════╣
║     5 ║ KSM      ║ 15,810,529      ║ $648,455,207.29       ║ $40.9793      ║ 880                      ║            3176 ║
╠═══════╬══════════╬═════════════════╬═══════════════════════╬═══════════════╬══════════════════════════╬═════════════════╣
║     6 ║ NOT      ║ 102,719,221,714 ║ $935,990,602.59       ║ $0.0091       ║ no data                  ║            2193 ║
╠═══════╬══════════╬═════════════════╬═══════════════════════╬═══════════════╬══════════════════════════╬═════════════════╣
║     7 ║ ROSE     ║ 10,000,000,000  ║ $1,221,227,732.69     ║ $0.1221       ║ 90                       ║            1685 ║
╠═══════╬══════════╬═════════════════╬═══════════════════════╬═══════════════╬══════════════════════════╬═════════════════╣
║     8 ║ ZEC      ║ 21,000,000      ║ $966,891,444.09       ║ $63.9497      ║ 62                       ║            1532 ║
╠═══════╬══════════╬═════════════════╬═══════════════════════╬═══════════════╬══════════════════════════╬═════════════════╣
║     9 ║ MIOTA    ║ 3,229,505,319   ║ $1,244,602,524.45     ║ $0.4478       ║ no data                  ║            1423 ║
╠═══════╬══════════╬═════════════════╬═══════════════════════╬═══════════════╬══════════════════════════╬═════════════════╣
║    10 ║ HNT      ║ 223,000,000     ║ $1,404,179,399.93     ║ $8.0457       ║ no data                  ║            1147 ║
╠═══════╬══════════╬═════════════════╬═══════════════════════╬═══════════════╬══════════════════════════╬═════════════════╣
║    11 ║ RUNE     ║ 415,800,965     ║ $2,924,146,453.41     ║ $7.0286       ║ no data                  ║             704 ║
╠═══════╬══════════╬═════════════════╬═══════════════════════╬═══════════════╬══════════════════════════╬═════════════════╣
║    12 ║ INJ      ║ 100,000,000     ║ $3,050,698,381.29     ║ $30.507       ║ no data                  ║             674 ║
╠═══════╬══════════╬═════════════════╬═══════════════════════╬═══════════════╬══════════════════════════╬═════════════════╣
║    13 ║ GRT      ║ 10,797,266,751  ║ $3,136,400,996.29     ║ $0.2904       ║ no data                  ║             656 ║
╠═══════╬══════════╬═════════════════╬═══════════════════════╬═══════════════╬══════════════════════════╬═════════════════╣
║    14 ║ W        ║ 10,000,000,000  ║ $3,520,995,263.04     ║ $0.3521       ║ no data                  ║             584 ║
╠═══════╬══════════╬═════════════════╬═══════════════════════╬═══════════════╬══════════════════════════╬═════════════════╣
║    15 ║ XMR      ║ 18,429,993      ║ $15,683,371.34        ║ $195.9015     ║ 5                        ║             570 ║
╠═══════╬══════════╬═════════════════╬═══════════════════════╬═══════════════╬══════════════════════════╬═════════════════╣
║    16 ║ CRV      ║ 3,303,030,299   ║ $2,425,765,732.73     ║ $1.1018       ║ no data                  ║             565 ║
╠═══════╬══════════╬═════════════════╬═══════════════════════╬═══════════════╬══════════════════════════╬═════════════════╣
║    17 ║ ATOM     ║ 390,930,671     ║ $4,018,270,683.95     ║ $9.4214       ║ no data                  ║             559 ║
╠═══════╬══════════╬═════════════════╬═══════════════════════╬═══════════════╬══════════════════════════╬═════════════════╣
║    18 ║ FTM      ║ 3,175,000,000   ║ $3,884,549,056.80     ║ $1.2235       ║ no data                  ║             530 ║
╠═══════╬══════════╬═════════════════╬═══════════════════════╬═══════════════╬══════════════════════════╬═════════════════╣
║    19 ║ STX      ║ 1,818,000,000   ║ $3,805,224,034.38     ║ $2.4455       ║ 1098                     ║             463 ║
╠═══════╬══════════╬═════════════════╬═══════════════════════╬═══════════════╬══════════════════════════╬═════════════════╣
║    20 ║ ALGO     ║ 10,000,000,000  ║ $4,623,377,482.79     ║ $0.4623       ║ 31                       ║             445 ║
╠═══════╬══════════╬═════════════════╬═══════════════════════╬═══════════════╬══════════════════════════╬═════════════════╣
║    21 ║ PYTH     ║ 9,999,988,994   ║ $4,649,011,442.81     ║ $0.4649       ║ no data                  ║             443 ║
╠═══════╬══════════╬═════════════════╬═══════════════════════╬═══════════════╬══════════════════════════╬═════════════════╣
║    22 ║ ZK       ║ 21,000,000,000  ║ $2,799,977,704.63     ║ $0.2311       ║ no data                  ║             424 ║
╠═══════╬══════════╬═════════════════╬═══════════════════════╬═══════════════╬══════════════════════════╬═════════════════╣
║    23 ║ VET      ║ 86,712,634,466  ║ $5,383,963,074.32     ║ $0.0626       ║ no data                  ║             379 ║
╠═══════╬══════════╬═════════════════╬═══════════════════════╬═══════════════╬══════════════════════════╬═════════════════╣
║    24 ║ CRO      ║ 30,263,013,692  ║ $5,664,843,200.78     ║ $0.1888       ║ no data                  ║             360 ║
╠═══════╬══════════╬═════════════════╬═══════════════════════╬═══════════════╬══════════════════════════╬═════════════════╣
║    25 ║ SEI      ║ 10,000,000,000  ║ $5,516,302,100.07     ║ $0.6217       ║ no data                  ║             331 ║
╠═══════╬══════════╬═════════════════╬═══════════════════════╬═══════════════╬══════════════════════════╬═════════════════╣
║    26 ║ MATIC    ║ 10,000,000,000  ║ $6,390,772,387.86     ║ $0.6409       ║ 51                       ║             321 ║
╠═══════╬══════════╬═════════════════╬═══════════════════════╬═══════════════╬══════════════════════════╬═════════════════╣
║    27 ║ STRK     ║ 10,000,000,000  ║ $6,964,551,702.39     ║ $0.6964       ║ no data                  ║             295 ║
╠═══════╬══════════╬═════════════════╬═══════════════════════╬═══════════════╬══════════════════════════╬═════════════════╣
║    28 ║ TIA      ║ 1,039,890,411   ║ $8,054,617,879.78     ║ $7.4929       ║ no data                  ║             264 ║
╠═══════╬══════════╬═════════════════╬═══════════════════════╬═══════════════╬══════════════════════════╬═════════════════╣
║    29 ║ NEAR     ║ 1,188,295,576   ║ $8,713,935,745.23     ║ $7.1174       ║ no data                  ║             243 ║
╠═══════╬══════════╬═════════════════╬═══════════════════════╬═══════════════╬══════════════════════════╬═════════════════╣
║    30 ║ OP       ║ 4,294,967,296   ║ $10,587,133,852.73    ║ $2.465        ║ 933                      ║             194 ║
╠═══════╬══════════╬═════════════════╬═══════════════════════╬═══════════════╬══════════════════════════╬═════════════════╣
║    31 ║ ARB      ║ 10,000,000,000  ║ $10,729,273,588.32    ║ $1.0729       ║ 474                      ║             192 ║
╠═══════╬══════════╬═════════════════╬═══════════════════════╬═══════════════╬══════════════════════════╬═════════════════╣
║    32 ║ JUP      ║ 10,000,000,000  ║ $12,182,483,426.21    ║ $1.2183       ║ no data                  ║             169 ║
╠═══════╬══════════╬═════════════════╬═══════════════════════╬═══════════════╬══════════════════════════╬═════════════════╣
║    33 ║ BCH      ║ 21,000,000      ║ $11,844,257,784.26    ║ $598.202      ║ no data                  ║             164 ║
╠═══════╬══════════╬═════════════════╬═══════════════════════╬═══════════════╬══════════════════════════╬═════════════════╣
║    34 ║ TAO      ║ 21,000,000      ║ $5,113,033,815.38     ║ $649.0206     ║ no data                  ║             151 ║
╠═══════╬══════════╬═════════════════╬═══════════════════════╬═══════════════╬══════════════════════════╬═════════════════╣
║    35 ║ DOT      ║ 1,437,953,431   ║ $14,609,166,798.19    ║ $9.5661       ║ 114                      ║             150 ║
╠═══════╬══════════╬═════════════════╬═══════════════════════╬═══════════════╬══════════════════════════╬═════════════════╣
║    36 ║ FIL      ║ 1,960,538,665   ║ $4,303,257,721.06     ║ $7.0619       ║ 199                      ║             149 ║
╠═══════╬══════════╬═════════════════╬═══════════════════════╬═══════════════╬══════════════════════════╬═════════════════╣
║    37 ║ APT      ║ 1,093,375,145   ║ $14,949,964,282.96    ║ $13.2299      ║ 502                      ║             142 ║
╠═══════╬══════════╬═════════════════╬═══════════════════════╬═══════════════╬══════════════════════════╬═════════════════╣
║    38 ║ HBAR     ║ 50,000,000,000  ║ $15,342,135,871.64    ║ $0.3068       ║ 474                      ║             134 ║
╠═══════╬══════════╬═════════════════╬═══════════════════════╬═══════════════╬══════════════════════════╬═════════════════╣
║    39 ║ UNI      ║ 1,000,000,000   ║ $16,916,159,978.02    ║ $16.9162      ║ no data                  ║             122 ║
╠═══════╬══════════╬═════════════════╬═══════════════════════╬═══════════════╬══════════════════════════╬═════════════════╣
║    40 ║ XLM      ║ 50,001,806,812  ║ $22,885,885,518.81    ║ $0.4577       ║ 167                      ║              90 ║
╠═══════╬══════════╬═════════════════╬═══════════════════════╬═══════════════╬══════════════════════════╬═════════════════╣
║    41 ║ LINK     ║ 1,000,000,000   ║ $23,835,301,642.17    ║ $23.8353      ║ 913                      ║              86 ║
╠═══════╬══════════╬═════════════════╬═══════════════════════╬═══════════════╬══════════════════════════╬═════════════════╣
║    42 ║ TRX      ║ 87,554,275,200  ║ $25,466,080,164.68    ║ $0.2952       ║ 31                       ║              80 ║
╠═══════╬══════════╬═════════════════╬═══════════════════════╬═══════════════╬══════════════════════════╬═════════════════╣
║    43 ║ WLD      ║ 10,000,000,000  ║ $33,874,865,603.56    ║ $3.3875       ║ no data                  ║              61 ║
╠═══════╬══════════╬═════════════════╬═══════════════════════╬═══════════════╬══════════════════════════╬═════════════════╣
║    44 ║ AVAX     ║ 715,748,719     ║ $21,998,885,083.72    ║ $49.1364      ║ 167                      ║              59 ║
╠═══════╬══════════╬═════════════════╬═══════════════════════╬═══════════════╬══════════════════════════╬═════════════════╣
║    45 ║ SUI      ║ 10,000,000,000  ║ $40,459,876,457.77    ║ $4.046        ║ 1526                     ║              51 ║
╠═══════╬══════════╬═════════════════╬═══════════════════════╬═══════════════╬══════════════════════════╬═════════════════╣
║    46 ║ ADA      ║ 45,000,000,000  ║ $50,345,884,450.63    ║ $1.1188       ║ no data                  ║              41 ║
╠═══════╬══════════╬═════════════════╬═══════════════════════╬═══════════════╬══════════════════════════╬═════════════════╣
║    47 ║ CFX      ║ 506,595,716,405 ║ $1,244,967,866.04     ║ $0.2235       ║ 98                       ║              18 ║
╠═══════╬══════════╬═════════════════╬═══════════════════════╬═══════════════╬══════════════════════════╬═════════════════╣
║    48 ║ SOL      ║ 574,915,273     ║ $132,561,681,594.16   ║ $224.7413     ║ no data                  ║              16 ║
╠═══════╬══════════╬═════════════════╬═══════════════════════╬═══════════════╬══════════════════════════╬═════════════════╣
║    49 ║ XRP      ║ 100,000,000,000 ║ $241,224,459,033.36   ║ $2.4126       ║ 43                       ║               9 ║
╠═══════╬══════════╬═════════════════╬═══════════════════════╬═══════════════╬══════════════════════════╬═════════════════╣
║    50 ║ ETH      ║ 122,056,395     ║ $462,999,458,519.50   ║ $3844.0672    ║ 223                      ║               4 ║
╠═══════╬══════════╬═════════════════╬═══════════════════════╬═══════════════╬══════════════════════════╬═════════════════╣
║    51 ║ BTC      ║ 21,000,000      ║ $1,939,066,925,718.61 ║ $97,977.12    ║ 567                      ║               0 ║
╚═══════╩══════════╩═════════════════╩═══════════════════════╩═══════════════╩══════════════════════════╩═════════════════╝