╔═══════╦══════════╦═════════════════╦═══════════════════════╦═══════════════╦══════════════════════════╦═════════════════╗
║   Ind ║ Simbol   ║ Emission        ║ Mkt. Cap.             ║ Price (USD)   ║ GIT commits of 90 days   ║   Underestimate ║
╠═══════╬══════════╬═════════════════╬═══════════════════════╬═══════════════╬══════════════════════════╬═════════════════╣
║     0 ║ CTK      ║ 133,687,317     ║ $120,069,047.42       ║ $0.856        ║ no data                  ║           17979 ║
╠═══════╬══════════╬═════════════════╬═══════════════════════╬═══════════════╬══════════════════════════╬═════════════════╣
║     1 ║ NANO     ║ 133,248,297     ║ $172,763,387.47       ║ $1.2966       ║ 224                      ║           11909 ║
╠═══════╬══════════╬═════════════════╬═══════════════════════╬═══════════════╬══════════════════════════╬═════════════════╣
║     2 ║ ONE      ║ 14,269,278,702  ║ $368,230,532.42       ║ $0.0255       ║ 21                       ║            5659 ║
╠═══════╬══════════╬═════════════════╬═══════════════════════╬═══════════════╬══════════════════════════╬═════════════════╣
║     3 ║ SC       ║ 57,769,785,000  ║ $392,531,127.40       ║ $0.0068       ║ no data                  ║            5241 ║
╠═══════╬══════════╬═════════════════╬═══════════════════════╬═══════════════╬══════════════════════════╬═════════════════╣
║     4 ║ IOTX     ║ 10,000,000,000  ║ $429,083,326.79       ║ $0.0454       ║ 98                       ║            4527 ║
╠═══════╬══════════╬═════════════════╬═══════════════════════╬═══════════════╬══════════════════════════╬═════════════════╣
║     5 ║ MIOTA    ║ 3,229,505,319   ║ $683,778,702.64       ║ $0.246        ║ no data                  ║            2590 ║
╠═══════╬══════════╬═════════════════╬═══════════════════════╬═══════════════╬══════════════════════════╬═════════════════╣
║     6 ║ NOT      ║ 102,719,221,714 ║ $904,814,593.85       ║ $0.0088       ║ no data                  ║            2268 ║
╠═══════╬══════════╬═════════════════╬═══════════════════════╬═══════════════╬══════════════════════════╬═════════════════╣
║     7 ║ ROSE     ║ 10,000,000,000  ║ $949,955,180.11       ║ $0.095        ║ 79                       ║            2166 ║
╠═══════╬══════════╬═════════════════╬═══════════════════════╬═══════════════╬══════════════════════════╬═════════════════╣
║     8 ║ ZEC      ║ 21,000,000      ║ $781,132,989.29       ║ $51.6637      ║ 62                       ║            1896 ║
╠═══════╬══════════╬═════════════════╬═══════════════════════╬═══════════════╬══════════════════════════╬═════════════════╣
║     9 ║ FLOW     ║ 1,503,293,597   ║ $1,457,971,764.90     ║ $0.9429       ║ 788                      ║            1451 ║
╠═══════╬══════════╬═════════════════╬═══════════════════════╬═══════════════╬══════════════════════════╬═════════════════╣
║    10 ║ HNT      ║ 223,000,000     ║ $1,098,057,576.11     ║ $6.3613       ║ 29                       ║            1450 ║
╠═══════╬══════════╬═════════════════╬═══════════════════════╬═══════════════╬══════════════════════════╬═════════════════╣
║    11 ║ CRV      ║ 3,303,030,299   ║ $1,257,365,983.38     ║ $0.5725       ║ 74                       ║            1088 ║
╠═══════╬══════════╬═════════════════╬═══════════════════════╬═══════════════╬══════════════════════════╬═════════════════╣
║    12 ║ ALGO     ║ 10,000,000,000  ║ $2,792,155,487.27     ║ $0.2792       ║ 37                       ║             737 ║
╠═══════╬══════════╬═════════════════╬═══════════════════════╬═══════════════╬══════════════════════════╬═════════════════╣
║    13 ║ W        ║ 10,000,000,000  ║ $2,817,426,038.56     ║ $0.2817       ║ no data                  ║             730 ║
╠═══════╬══════════╬═════════════════╬═══════════════════════╬═══════════════╬══════════════════════════╬═════════════════╣
║    14 ║ GRT      ║ 10,797,266,751  ║ $2,825,896,020.94     ║ $0.2617       ║ 31                       ║             728 ║
╠═══════╬══════════╬═════════════════╬═══════════════════════╬═══════════════╬══════════════════════════╬═════════════════╣
║    15 ║ INJ      ║ 100,000,000     ║ $2,924,662,923.53     ║ $29.2466      ║ no data                  ║             703 ║
╠═══════╬══════════╬═════════════════╬═══════════════════════╬═══════════════╬══════════════════════════╬═════════════════╣
║    16 ║ FTM      ║ 3,175,000,000   ║ $2,982,514,577.11     ║ $0.9394       ║ no data                  ║             690 ║
╠═══════╬══════════╬═════════════════╬═══════════════════════╬═══════════════╬══════════════════════════╬═════════════════╣
║    17 ║ XMR      ║ 18,429,993      ║ $12,248,695.62        ║ $165.6855     ║ 6                        ║             674 ║
╠═══════╬══════════╬═════════════════╬═══════════════════════╬═══════════════╬══════════════════════════╬═════════════════╣
║    18 ║ OM       ║ 888,888,888     ║ $3,261,937,995.07     ║ $3.6697       ║ no data                  ║             631 ║
╠═══════╬══════════╬═════════════════╬═══════════════════════╬═══════════════╬══════════════════════════╬═════════════════╣
║    19 ║ ATOM     ║ 390,930,671     ║ $3,691,766,189.26     ║ $8.6974       ║ no data                  ║             605 ║
╠═══════╬══════════╬═════════════════╬═══════════════════════╬═══════════════╬══════════════════════════╬═════════════════╣
║    20 ║ VET      ║ 86,712,634,466  ║ $3,696,588,010.76     ║ $0.043        ║ 26                       ║             552 ║
╠═══════╬══════════╬═════════════════╬═══════════════════════╬═══════════════╬══════════════════════════╬═════════════════╣
║    21 ║ STX      ║ 1,818,000,000   ║ $3,451,004,444.61     ║ $2.2206       ║ 734                      ║             510 ║
╠═══════╬══════════╬═════════════════╬═══════════════════════╬═══════════════╬══════════════════════════╬═════════════════╣
║    22 ║ PYTH     ║ 9,999,988,994   ║ $4,614,058,895.44     ║ $0.4614       ║ no data                  ║             446 ║
╠═══════╬══════════╬═════════════════╬═══════════════════════╬═══════════════╬══════════════════════════╬═════════════════╣
║    23 ║ CRO      ║ 30,263,013,692  ║ $5,662,195,500.90     ║ $0.1887       ║ 99                       ║             360 ║
╠═══════╬══════════╬═════════════════╬═══════════════════════╬═══════════════╬══════════════════════════╬═════════════════╣
║    24 ║ MATIC    ║ 10,000,000,000  ║ $5,873,370,888.36     ║ $0.589        ║ 95                       ║             349 ║
╠═══════╬══════════╬═════════════════╬═══════════════════════╬═══════════════╬══════════════════════════╬═════════════════╣
║    25 ║ HBAR     ║ 50,000,000,000  ║ $7,131,597,954.15     ║ $0.1426       ║ 437                      ║             288 ║
╠═══════╬══════════╬═════════════════╬═══════════════════════╬═══════════════╬══════════════════════════╬═════════════════╣
║    26 ║ NEAR     ║ 1,188,295,576   ║ $8,321,800,321.95     ║ $6.8099       ║ 329                      ║             254 ║
╠═══════╬══════════╬═════════════════╬═══════════════════════╬═══════════════╬══════════════════════════╬═════════════════╣
║    27 ║ TIA      ║ 1,039,890,411   ║ $8,348,862,390.43     ║ $7.7892       ║ 18                       ║             254 ║
╠═══════╬══════════╬═════════════════╬═══════════════════════╬═══════════════╬══════════════════════════╬═════════════════╣
║    28 ║ ARB      ║ 10,000,000,000  ║ $9,129,773,046.85     ║ $0.913        ║ 437                      ║             225 ║
╠═══════╬══════════╬═════════════════╬═══════════════════════╬═══════════════╬══════════════════════════╬═════════════════╣
║    29 ║ OP       ║ 4,294,967,296   ║ $9,720,751,080.92     ║ $2.2633       ║ 935                      ║             212 ║
╠═══════╬══════════╬═════════════════╬═══════════════════════╬═══════════════╬══════════════════════════╬═════════════════╣
║    30 ║ BCH      ║ 21,000,000      ║ $10,320,518,980.80    ║ $521.4179     ║ no data                  ║             188 ║
╠═══════╬══════════╬═════════════════╬═══════════════════════╬═══════════════╬══════════════════════════╬═════════════════╣
║    31 ║ FIL      ║ 1,960,538,665   ║ $3,444,696,068.79     ║ $5.7211       ║ 204                      ║             183 ║
╠═══════╬══════════╬═════════════════╬═══════════════════════╬═══════════════╬══════════════════════════╬═════════════════╣
║    32 ║ JUP      ║ 10,000,000,000  ║ $11,371,614,960.47    ║ $1.1372       ║ no data                  ║             181 ║
╠═══════╬══════════╬═════════════════╬═══════════════════════╬═══════════════╬══════════════════════════╬═════════════════╣
║    33 ║ UNI      ║ 1,000,000,000   ║ $12,068,910,802.99    ║ $12.0689      ║ no data                  ║             170 ║
╠═══════╬══════════╬═════════════════╬═══════════════════════╬═══════════════╬══════════════════════════╬═════════════════╣
║    34 ║ DOT      ║ 1,437,953,431   ║ $13,471,100,544.65    ║ $8.8494       ║ 985                      ║             162 ║
╠═══════╬══════════╬═════════════════╬═══════════════════════╬═══════════════╬══════════════════════════╬═════════════════╣
║    35 ║ APT      ║ 1,093,375,145   ║ $14,306,561,439.05    ║ $12.6865      ║ 526                      ║             148 ║
╠═══════╬══════════╬═════════════════╬═══════════════════════╬═══════════════╬══════════════════════════╬═════════════════╣
║    36 ║ TRX      ║ 87,554,275,200  ║ $18,166,431,465.47    ║ $0.2104       ║ 28                       ║             112 ║
╠═══════╬══════════╬═════════════════╬═══════════════════════╬═══════════════╬══════════════════════════╬═════════════════╣
║    37 ║ LINK     ║ 1,000,000,000   ║ $18,742,829,862.45    ║ $18.7428      ║ 883                      ║             110 ║
╠═══════╬══════════╬═════════════════╬═══════════════════════╬═══════════════╬══════════════════════════╬═════════════════╣
║    38 ║ WLD      ║ 10,000,000,000  ║ $25,562,505,728.81    ║ $2.5563       ║ 135                      ║              80 ║
╠═══════╬══════════╬═════════════════╬═══════════════════════╬═══════════════╬══════════════════════════╬═════════════════╣
║    39 ║ XLM      ║ 50,001,806,812  ║ $25,623,918,590.87    ║ $0.5125       ║ 197                      ║              80 ║
╠═══════╬══════════╬═════════════════╬═══════════════════════╬═══════════════╬══════════════════════════╬═════════════════╣
║    40 ║ AVAX     ║ 715,748,719     ║ $20,254,769,157.15    ║ $45.2575      ║ 196                      ║              64 ║
╠═══════╬══════════╬═════════════════╬═══════════════════════╬═══════════════╬══════════════════════════╬═════════════════╣
║    41 ║ SUI      ║ 10,000,000,000  ║ $33,975,777,670.34    ║ $3.3976       ║ 1654                     ║              61 ║
╠═══════╬══════════╬═════════════════╬═══════════════════════╬═══════════════╬══════════════════════════╬═════════════════╣
║    42 ║ ADA      ║ 45,000,000,000  ║ $46,592,760,409.78    ║ $1.0354       ║ no data                  ║              44 ║
╠═══════╬══════════╬═════════════════╬═══════════════════════╬═══════════════╬══════════════════════════╬═════════════════╣
║    43 ║ CFX      ║ 506,595,716,405 ║ $1,029,691,158.29     ║ $0.185        ║ no data                  ║              22 ║
╠═══════╬══════════╬═════════════════╬═══════════════════════╬═══════════════╬══════════════════════════╬═════════════════╣
║    44 ║ SOL      ║ 574,915,273     ║ $148,070,362,132.97   ║ $251.4385     ║ no data                  ║              14 ║
╠═══════╬══════════╬═════════════════╬═══════════════════════╬═══════════════╬══════════════════════════╬═════════════════╣
║    45 ║ XRP      ║ 100,000,000,000 ║ $146,575,336,765.53   ║ $1.4659       ║ 39                       ║              14 ║
╠═══════╬══════════╬═════════════════╬═══════════════════════╬═══════════════╬══════════════════════════╬═════════════════╣
║    46 ║ ETH      ║ 122,056,395     ║ $419,968,830,541.13   ║ $3487.1693    ║ 223                      ║               5 ║
╠═══════╬══════════╬═════════════════╬═══════════════════════╬═══════════════╬══════════════════════════╬═════════════════╣
║    47 ║ BTC      ║ 21,000,000      ║ $1,938,612,946,976.44 ║ $97,973.16    ║ 607                      ║               0 ║
╚═══════╩══════════╩═════════════════╩═══════════════════════╩═══════════════╩══════════════════════════╩═════════════════╝