╔═══════╦══════════╦═════════════════╦═══════════════════════╦═══════════════╦══════════════════════════╦═════════════════╗
║   Ind ║ Simbol   ║ Emission        ║ Mkt. Cap.             ║ Price (USD)   ║ GIT commits of 90 days   ║   Underestimate ║
╠═══════╬══════════╬═════════════════╬═══════════════════════╬═══════════════╬══════════════════════════╬═════════════════╣
║     0 ║ CTK      ║ 133,687,317     ║ $129,600,656.16       ║ $0.9225       ║ no data                  ║           16390 ║
╠═══════╬══════════╬═════════════════╬═══════════════════════╬═══════════════╬══════════════════════════╬═════════════════╣
║     1 ║ NANO     ║ 133,248,297     ║ $213,608,271.12       ║ $1.6031       ║ 255                      ║            9463 ║
╠═══════╬══════════╬═════════════════╬═══════════════════════╬═══════════════╬══════════════════════════╬═════════════════╣
║     2 ║ SC       ║ 57,769,785,000  ║ $412,662,452.26       ║ $0.0071       ║ no data                  ║            4898 ║
╠═══════╬══════════╬═════════════════╬═══════════════════════╬═══════════════╬══════════════════════════╬═════════════════╣
║     3 ║ ONE      ║ 14,269,278,702  ║ $422,109,769.01       ║ $0.0292       ║ 19                       ║            4852 ║
╠═══════╬══════════╬═════════════════╬═══════════════════════╬═══════════════╬══════════════════════════╬═════════════════╣
║     4 ║ IOTX     ║ 10,000,000,000  ║ $528,639,931.23       ║ $0.056        ║ no data                  ║            3610 ║
╠═══════╬══════════╬═════════════════╬═══════════════════════╬═══════════════╬══════════════════════════╬═════════════════╣
║     5 ║ NOT      ║ 102,719,221,714 ║ $892,033,705.98       ║ $0.0087       ║ no data                  ║            2260 ║
╠═══════╬══════════╬═════════════════╬═══════════════════════╬═══════════════╬══════════════════════════╬═════════════════╣
║     6 ║ ROSE     ║ 10,000,000,000  ║ $1,060,958,607.77     ║ $0.1061       ║ 96                       ║            1905 ║
╠═══════╬══════════╬═════════════════╬═══════════════════════╬═══════════════╬══════════════════════════╬═════════════════╣
║     7 ║ MIOTA    ║ 3,229,505,319   ║ $944,126,832.05       ║ $0.3397       ║ no data                  ║            1843 ║
╠═══════╬══════════╬═════════════════╬═══════════════════════╬═══════════════╬══════════════════════════╬═════════════════╣
║     8 ║ ZEC      ║ 21,000,000      ║ $928,613,394.10       ║ $61.418       ║ 62                       ║            1567 ║
╠═══════╬══════════╬═════════════════╬═══════════════════════╬═══════════════╬══════════════════════════╬═════════════════╣
║     9 ║ FLOW     ║ 1,503,293,597   ║ $1,576,186,938.10     ║ $1.0184       ║ 732                      ║            1320 ║
╠═══════╬══════════╬═════════════════╬═══════════════════════╬═══════════════╬══════════════════════════╬═════════════════╣
║    10 ║ HNT      ║ 223,000,000     ║ $1,465,399,345.69     ║ $8.4752       ║ 26                       ║            1070 ║
╠═══════╬══════════╬═════════════════╬═══════════════════════╬═══════════════╬══════════════════════════╬═════════════════╣
║    11 ║ CRV      ║ 3,303,030,299   ║ $1,632,854,321.08     ║ $0.7426       ║ 78                       ║             824 ║
╠═══════╬══════════╬═════════════════╬═══════════════════════╬═══════════════╬══════════════════════════╬═════════════════╣
║    12 ║ XMR      ║ 18,429,993      ║ $12,445,263.71        ║ $161.9855     ║ 6                        ║             677 ║
╠═══════╬══════════╬═════════════════╬═══════════════════════╬═══════════════╬══════════════════════════╬═════════════════╣
║    13 ║ INJ      ║ 100,000,000     ║ $3,003,774,348.49     ║ $30.0377      ║ no data                  ║             673 ║
╠═══════╬══════════╬═════════════════╬═══════════════════════╬═══════════════╬══════════════════════════╬═════════════════╣
║    14 ║ OM       ║ 888,888,888     ║ $3,095,068,517.29     ║ $3.482        ║ no data                  ║             653 ║
╠═══════╬══════════╬═════════════════╬═══════════════════════╬═══════════════╬══════════════════════════╬═════════════════╣
║    15 ║ GRT      ║ 10,797,266,751  ║ $3,096,719,276.33     ║ $0.2867       ║ 32                       ║             653 ║
╠═══════╬══════════╬═════════════════╬═══════════════════════╬═══════════════╬══════════════════════════╬═════════════════╣
║    16 ║ FTM      ║ 3,175,000,000   ║ $3,273,623,469.28     ║ $1.0311       ║ no data                  ║             617 ║
╠═══════╬══════════╬═════════════════╬═══════════════════════╬═══════════════╬══════════════════════════╬═════════════════╣
║    17 ║ W        ║ 10,000,000,000  ║ $3,293,081,060.03     ║ $0.3293       ║ 37                       ║             614 ║
╠═══════╬══════════╬═════════════════╬═══════════════════════╬═══════════════╬══════════════════════════╬═════════════════╣
║    18 ║ ATOM     ║ 390,930,671     ║ $3,814,206,263.12     ║ $8.9656       ║ no data                  ║             577 ║
╠═══════╬══════════╬═════════════════╬═══════════════════════╬═══════════════╬══════════════════════════╬═════════════════╣
║    19 ║ STX      ║ 1,818,000,000   ║ $3,532,331,440.10     ║ $2.2716       ║ 1118                     ║             489 ║
╠═══════╬══════════╬═════════════════╬═══════════════════════╬═══════════════╬══════════════════════════╬═════════════════╣
║    20 ║ VET      ║ 86,712,634,466  ║ $4,325,063,855.98     ║ $0.0503       ║ 26                       ║             463 ║
╠═══════╬══════════╬═════════════════╬═══════════════════════╬═══════════════╬══════════════════════════╬═════════════════╣
║    21 ║ PYTH     ║ 9,999,988,994   ║ $4,879,627,221.89     ║ $0.488        ║ no data                  ║             414 ║
╠═══════╬══════════╬═════════════════╬═══════════════════════╬═══════════════╬══════════════════════════╬═════════════════╣
║    22 ║ ALGO     ║ 10,000,000,000  ║ $4,986,132,313.60     ║ $0.4986       ║ no data                  ║             405 ║
╠═══════╬══════════╬═════════════════╬═══════════════════════╬═══════════════╬══════════════════════════╬═════════════════╣
║    23 ║ CRO      ║ 30,263,013,692  ║ $5,557,624,485.01     ║ $0.1853       ║ no data                  ║             361 ║
╠═══════╬══════════╬═════════════════╬═══════════════════════╬═══════════════╬══════════════════════════╬═════════════════╣
║    24 ║ MATIC    ║ 10,000,000,000  ║ $6,044,907,656.77     ║ $0.6062       ║ 76                       ║             333 ║
╠═══════╬══════════╬═════════════════╬═══════════════════════╬═══════════════╬══════════════════════════╬═════════════════╣
║    25 ║ TIA      ║ 1,039,890,411   ║ $8,206,371,903.59     ║ $7.6458       ║ 19                       ║             254 ║
╠═══════╬══════════╬═════════════════╬═══════════════════════╬═══════════════╬══════════════════════════╬═════════════════╣
║    26 ║ NEAR     ║ 1,188,295,576   ║ $8,259,470,502.77     ║ $6.7528       ║ no data                  ║             252 ║
╠═══════╬══════════╬═════════════════╬═══════════════════════╬═══════════════╬══════════════════════════╬═════════════════╣
║    27 ║ ARB      ║ 10,000,000,000  ║ $9,577,367,869.23     ║ $0.9577       ║ 437                      ║             211 ║
╠═══════╬══════════╬═════════════════╬═══════════════════════╬═══════════════╬══════════════════════════╬═════════════════╣
║    28 ║ OP       ║ 4,294,967,296   ║ $10,382,169,426.87    ║ $2.4173       ║ 926                      ║             195 ║
╠═══════╬══════════╬═════════════════╬═══════════════════════╬═══════════════╬══════════════════════════╬═════════════════╣
║    29 ║ BCH      ║ 21,000,000      ║ $10,433,212,968.98    ║ $527.0303     ║ no data                  ║             183 ║
╠═══════╬══════════╬═════════════════╬═══════════════════════╬═══════════════╬══════════════════════════╬═════════════════╣
║    30 ║ JUP      ║ 10,000,000,000  ║ $11,948,375,547.40    ║ $1.1948       ║ no data                  ║             169 ║
╠═══════╬══════════╬═════════════════╬═══════════════════════╬═══════════════╬══════════════════════════╬═════════════════╣
║    31 ║ HBAR     ║ 50,000,000,000  ║ $12,666,922,540.67    ║ $0.2533       ║ 437                      ║             160 ║
╠═══════╬══════════╬═════════════════╬═══════════════════════╬═══════════════╬══════════════════════════╬═════════════════╣
║    32 ║ TAO      ║ 21,000,000      ║ $4,739,874,083.39     ║ $605.05       ║ no data                  ║             159 ║
╠═══════╬══════════╬═════════════════╬═══════════════════════╬═══════════════╬══════════════════════════╬═════════════════╣
║    33 ║ UNI      ║ 1,000,000,000   ║ $12,764,495,255.56    ║ $12.7645      ║ no data                  ║             158 ║
╠═══════╬══════════╬═════════════════╬═══════════════════════╬═══════════════╬══════════════════════════╬═════════════════╣
║    34 ║ DOT      ║ 1,437,953,431   ║ $13,800,713,785.43    ║ $9.0522       ║ 930                      ║             155 ║
╠═══════╬══════════╬═════════════════╬═══════════════════════╬═══════════════╬══════════════════════════╬═════════════════╣
║    35 ║ FIL      ║ 1,960,538,665   ║ $4,363,631,995.81     ║ $7.1981       ║ 197                      ║             143 ║
╠═══════╬══════════╬═════════════════╬═══════════════════════╬═══════════════╬══════════════════════════╬═════════════════╣
║    36 ║ APT      ║ 1,093,375,145   ║ $14,728,920,877.50    ║ $13.0484      ║ 512                      ║             142 ║
╠═══════╬══════════╬═════════════════╬═══════════════════════╬═══════════════╬══════════════════════════╬═════════════════╣
║    37 ║ TRX      ║ 87,554,275,200  ║ $18,118,704,959.16    ║ $0.2099       ║ 33                       ║             110 ║
╠═══════╬══════════╬═════════════════╬═══════════════════════╬═══════════════╬══════════════════════════╬═════════════════╣
║    38 ║ LINK     ║ 1,000,000,000   ║ $19,369,475,487.92    ║ $19.3695      ║ 879                      ║             104 ║
╠═══════╬══════════╬═════════════════╬═══════════════════════╬═══════════════╬══════════════════════════╬═════════════════╣
║    39 ║ XLM      ║ 50,001,806,812  ║ $26,838,158,838.62    ║ $0.5367       ║ 198                      ║              75 ║
╠═══════╬══════════╬═════════════════╬═══════════════════════╬═══════════════╬══════════════════════════╬═════════════════╣
║    40 ║ SUI      ║ 10,000,000,000  ║ $33,045,361,699.05    ║ $3.3045       ║ 1570                     ║              61 ║
╠═══════╬══════════╬═════════════════╬═══════════════════════╬═══════════════╬══════════════════════════╬═════════════════╣
║    41 ║ WLD      ║ 10,000,000,000  ║ $33,095,044,744.35    ║ $3.3095       ║ 141                      ║              61 ║
╠═══════╬══════════╬═════════════════╬═══════════════════════╬═══════════════╬══════════════════════════╬═════════════════╣
║    42 ║ AVAX     ║ 715,748,719     ║ $21,196,830,720.23    ║ $47.3537      ║ 184                      ║              60 ║
╠═══════╬══════════╬═════════════════╬═══════════════════════╬═══════════════╬══════════════════════════╬═════════════════╣
║    43 ║ ADA      ║ 45,000,000,000  ║ $50,998,300,713.44    ║ $1.1333       ║ no data                  ║              40 ║
╠═══════╬══════════╬═════════════════╬═══════════════════════╬═══════════════╬══════════════════════════╬═════════════════╣
║    44 ║ CFX      ║ 506,595,716,405 ║ $1,234,040,748.56     ║ $0.2216       ║ no data                  ║              18 ║
╠═══════╬══════════╬═════════════════╬═══════════════════════╬═══════════════╬══════════════════════════╬═════════════════╣
║    45 ║ SOL      ║ 574,915,273     ║ $134,016,965,305.93   ║ $227.4249     ║ no data                  ║              15 ║
╠═══════╬══════════╬═════════════════╬═══════════════════════╬═══════════════╬══════════════════════════╬═════════════════╣
║    46 ║ XRP      ║ 100,000,000,000 ║ $240,639,270,482.44   ║ $2.4067       ║ 43                       ║               8 ║
╠═══════╬══════════╬═════════════════╬═══════════════════════╬═══════════════╬══════════════════════════╬═════════════════╣
║    47 ║ ETH      ║ 122,056,395     ║ $442,057,840,750.06   ║ $3670.2876    ║ 224                      ║               5 ║
╠═══════╬══════════╬═════════════════╬═══════════════════════╬═══════════════╬══════════════════════════╬═════════════════╣
║    48 ║ BTC      ║ 21,000,000      ║ $1,904,901,604,076.02 ║ $96,254.71    ║ 562                      ║               0 ║
╚═══════╩══════════╩═════════════════╩═══════════════════════╩═══════════════╩══════════════════════════╩═════════════════╝