╔═══════╦══════════╦══════════════════════╦═══════════════════════╦═══════════════╦══════════════════════════╦═════════════════╗
║   Ind ║ Simbol   ║ Circulating supply   ║ Mkt. Cap.             ║ Price (USD)   ║ GIT commits of 90 days   ║   Underestimate ║
╠═══════╬══════════╬══════════════════════╬═══════════════════════╬═══════════════╬══════════════════════════╬═════════════════╣
║     0 ║ MPL      ║ 4,417,985            ║ $220,961,624.45       ║ $22.0962      ║ 18                       ║           19793 ║
╠═══════╬══════════╬══════════════════════╬═══════════════════════╬═══════════════╬══════════════════════════╬═════════════════╣
║     1 ║ CTK      ║ 133,687,317          ║ $117,702,742.17       ║ $0.8363       ║ no data                  ║           17283 ║
╠═══════╬══════════╬══════════════════════╬═══════════════════════╬═══════════════╬══════════════════════════╬═════════════════╣
║     2 ║ CFG      ║ 507,587,217          ║ $234,219,868.50       ║ $0.4202       ║ no data                  ║            9059 ║
╠═══════╬══════════╬══════════════════════╬═══════════════════════╬═══════════════╬══════════════════════════╬═════════════════╣
║     3 ║ NANO     ║ 133,248,297          ║ $250,811,006.82       ║ $1.8823       ║ 249                      ║            7704 ║
╠═══════╬══════════╬══════════════════════╬═══════════════════════╬═══════════════╬══════════════════════════╬═════════════════╣
║     4 ║ OP       ║ 125,507,049          ║ $9,768,418,277.26     ║ $2.2744       ║ 943                      ║            6769 ║
╠═══════╬══════════╬══════════════════════╬═══════════════════════╬═══════════════╬══════════════════════════╬═════════════════╣
║     5 ║ SC       ║ 57,769,785,000       ║ $380,654,250.04       ║ $0.0066       ║ no data                  ║            5076 ║
╠═══════╬══════════╬══════════════════════╬═══════════════════════╬═══════════════╬══════════════════════════╬═════════════════╣
║     6 ║ AEVO     ║ 900,249,491          ║ $477,395,755.98       ║ $0.4774       ║ no data                  ║            4496 ║
╠═══════╬══════════╬══════════════════════╬═══════════════════════╬═══════════════╬══════════════════════════╬═════════════════╣
║     7 ║ IOTX     ║ 9,441,369,057        ║ $438,826,711.05       ║ $0.0465       ║ 101                      ║            4403 ║
╠═══════╬══════════╬══════════════════════╬═══════════════════════╬═══════════════╬══════════════════════════╬═════════════════╣
║     8 ║ KSM      ║ 15,810,529           ║ $579,646,265.07       ║ $36.6251      ║ 889                      ║            3337 ║
╠═══════╬══════════╬══════════════════════╬═══════════════════════╬═══════════════╬══════════════════════════╬═════════════════╣
║     9 ║ ROSE     ║ 7,064,132,681        ║ $1,100,739,746.53     ║ $0.1101       ║ no data                  ║            2485 ║
╠═══════╬══════════╬══════════════════════╬═══════════════════════╬═══════════════╬══════════════════════════╬═════════════════╣
║    10 ║ NOT      ║ 102,719,221,714      ║ $782,285,133.51       ║ $0.0076       ║ no data                  ║            2464 ║
╠═══════╬══════════╬══════════════════════╬═══════════════════════╬═══════════════╬══════════════════════════╬═════════════════╣
║    11 ║ ZK       ║ 3,675,000,000        ║ $2,691,556,074.67     ║ $0.2221       ║ no data                  ║            2367 ║
╠═══════╬══════════╬══════════════════════╬═══════════════════════╬═══════════════╬══════════════════════════╬═════════════════╣
║    12 ║ W        ║ 2,766,268,902        ║ $3,217,628,290.00     ║ $0.3218       ║ 39                       ║            2171 ║
╠═══════╬══════════╬══════════════════════╬═══════════════════════╬═══════════════╬══════════════════════════╬═════════════════╣
║    13 ║ ZEC      ║ 16,328,268           ║ $876,251,148.25       ║ $57.9548      ║ 62                       ║            2042 ║
╠═══════╬══════════╬══════════════════════╬═══════════════════════╬═══════════════╬══════════════════════════╬═════════════════╣
║    14 ║ CFX      ║ 4,723,703,483        ║ $1,156,788,156.22     ║ $0.2077       ║ no data                  ║            1970 ║
╠═══════╬══════════╬══════════════════════╬═══════════════════════╬═══════════════╬══════════════════════════╬═════════════════╣
║    15 ║ MIOTA    ║ 3,229,505,319        ║ $1,084,544,166.19     ║ $0.3902       ║ no data                  ║            1533 ║
╠═══════╬══════════╬══════════════════════╬═══════════════════════╬═══════════════╬══════════════════════════╬═════════════════╣
║    16 ║ HNT      ║ 170,472,132          ║ $1,326,189,965.95     ║ $7.5965       ║ no data                  ║            1492 ║
╠═══════╬══════════╬══════════════════════╬═══════════════════════╬═══════════════╬══════════════════════════╬═════════════════╣
║    17 ║ FLOW     ║ 1,503,293,597        ║ $1,451,401,122.13     ║ $0.9369       ║ 776                      ║            1372 ║
╠═══════╬══════════╬══════════════════════╬═══════════════════════╬═══════════════╬══════════════════════════╬═════════════════╣
║    18 ║ STRK     ║ 2,259,283,720        ║ $6,378,814,896.87     ║ $0.6378       ║ no data                  ║            1341 ║
╠═══════╬══════════╬══════════════════════╬═══════════════════════╬═══════════════╬══════════════════════════╬═════════════════╣
║    19 ║ JUP      ║ 1,350,000,000        ║ $10,828,670,792.21    ║ $1.0829       ║ no data                  ║            1322 ║
╠═══════╬══════════╬══════════════════════╬═══════════════════════╬═══════════════╬══════════════════════════╬═════════════════╣
║    20 ║ CRV      ║ 1,250,228,763        ║ $2,647,337,376.34     ║ $1.2023       ║ no data                  ║            1285 ║
╠═══════╬══════════╬══════════════════════╬═══════════════════════╬═══════════════╬══════════════════════════╬═════════════════╣
║    21 ║ PYTH     ║ 3,624,988,786        ║ $4,163,719,215.35     ║ $0.4164       ║ no data                  ║            1280 ║
╠═══════╬══════════╬══════════════════════╬═══════════════════════╬═══════════════╬══════════════════════════╬═════════════════╣
║    22 ║ RUNE     ║ 340,715,380          ║ $2,668,049,137.85     ║ $6.413        ║ no data                  ║             884 ║
╠═══════╬══════════╬══════════════════════╬═══════════════════════╬═══════════════╬══════════════════════════╬═════════════════╣
║    23 ║ SEI      ║ 3,982,916,666        ║ $5,051,440,850.14     ║ $0.5693       ║ no data                  ║             852 ║
╠═══════╬══════════╬══════════════════════╬═══════════════════════╬═══════════════╬══════════════════════════╬═════════════════╣
║    24 ║ WLD      ║ 754,009,475          ║ $30,117,071,025.77    ║ $3.0117       ║ 148                      ║             851 ║
╠═══════╬══════════╬══════════════════════╬═══════════════════════╬═══════════════╬══════════════════════════╬═════════════════╣
║    25 ║ GRT      ║ 9,548,531,509        ║ $2,947,298,184.67     ║ $0.2729       ║ 30                       ║             742 ║
╠═══════╬══════════╬══════════════════════╬═══════════════════════╬═══════════════╬══════════════════════════╬═════════════════╣
║    26 ║ INJ      ║ 98,848,019           ║ $2,833,573,689.95     ║ $28.3357      ║ no data                  ║             690 ║
╠═══════╬══════════╬══════════════════════╬═══════════════════════╬═══════════════╬══════════════════════════╬═════════════════╣
║    27 ║ TIA      ║ 446,686,915          ║ $7,366,343,602.55     ║ $6.8518       ║ 19                       ║             631 ║
╠═══════╬══════════╬══════════════════════╬═══════════════════════╬═══════════════╬══════════════════════════╬═════════════════╣
║    28 ║ ATOM     ║ 390,930,671          ║ $3,591,272,312.29     ║ $8.4185       ║ no data                  ║             587 ║
╠═══════╬══════════╬══════════════════════╬═══════════════════════╬═══════════════╬══════════════════════════╬═════════════════╣
║    29 ║ XMR      ║ 18,429,993           ║ $14,423,529.34        ║ $179.5914     ║ 5                        ║             584 ║
╠═══════╬══════════╬══════════════════════╬═══════════════════════╬═══════════════╬══════════════════════════╬═════════════════╣
║    30 ║ FTM      ║ 2,803,634,835        ║ $3,748,908,122.01     ║ $1.1808       ║ no data                  ║             584 ║
╠═══════╬══════════╬══════════════════════╬═══════════════════════╬═══════════════╬══════════════════════════╬═════════════════╣
║    31 ║ ALGO     ║ 8,308,506,364        ║ $4,291,430,718.91     ║ $0.4291       ║ 31                       ║             542 ║
╠═══════╬══════════╬══════════════════════╬═══════════════════════╬═══════════════╬══════════════════════════╬═════════════════╣
║    32 ║ OM       ║ 943,444,109          ║ $3,637,911,273.68     ║ $4.0927       ║ no data                  ║             500 ║
╠═══════╬══════════╬══════════════════════╬═══════════════════════╬═══════════════╬══════════════════════════╬═════════════════╣
║    33 ║ FIL      ║ 609,812,460          ║ $3,917,117,528.91     ║ $6.423        ║ 199                      ║             493 ║
╠═══════╬══════════╬══════════════════════╬═══════════════════════╬═══════════════╬══════════════════════════╬═════════════════╣
║    34 ║ STX      ║ 1,818,000,000        ║ $3,448,524,586.82     ║ $2.2161       ║ 1098                     ║             480 ║
╠═══════╬══════════╬══════════════════════╬═══════════════════════╬═══════════════╬══════════════════════════╬═════════════════╣
║    35 ║ ARB      ║ 4,097,359,817        ║ $9,922,563,656.37     ║ $0.9923       ║ no data                  ║             475 ║
╠═══════╬══════════╬══════════════════════╬═══════════════════════╬═══════════════╬══════════════════════════╬═════════════════╣
║    36 ║ CRO      ║ 26,571,560,696       ║ $5,155,750,457.01     ║ $0.1719       ║ no data                  ║             423 ║
╠═══════╬══════════╬══════════════════════╬═══════════════════════╬═══════════════╬══════════════════════════╬═════════════════╣
║    37 ║ VET      ║ 80,985,041,177       ║ $4,953,423,293.69     ║ $0.0576       ║ no data                  ║             414 ║
╠═══════╬══════════╬══════════════════════╬═══════════════════════╬═══════════════╬══════════════════════════╬═════════════════╣
║    38 ║ KAS      ║ 28,704,026,601       ║ $4,141,905,186.11     ║ $0.1635       ║ 33                       ║             412 ║
╠═══════╬══════════╬══════════════════════╬═══════════════════════╬═══════════════╬══════════════════════════╬═════════════════╣
║    39 ║ POL      ║ 8,352,869,756        ║ $6,126,163,794.51     ║ $0.594        ║ no data                  ║             389 ║
╠═══════╬══════════╬══════════════════════╬═══════════════════════╬═══════════════╬══════════════════════════╬═════════════════╣
║    40 ║ APT      ║ 536,084,855          ║ $13,397,549,260.07    ║ $11.855       ║ 506                      ║             304 ║
╠═══════╬══════════╬══════════════════════╬═══════════════════════╬═══════════════╬══════════════════════════╬═════════════════╣
║    41 ║ NEAR     ║ 1,188,295,576        ║ $8,276,691,314.94     ║ $6.7597       ║ 340                      ║             241 ║
╠═══════╬══════════╬══════════════════════╬═══════════════════════╬═══════════════╬══════════════════════════╬═════════════════╣
║    42 ║ UNI      ║ 600,483,073          ║ $16,023,007,667.91    ║ $16.023       ║ no data                  ║             201 ║
╠═══════╬══════════╬══════════════════════╬═══════════════════════╬═══════════════╬══════════════════════════╬═════════════════╣
║    43 ║ SUI      ║ 2,927,660,018        ║ $38,338,581,305.44    ║ $3.8339       ║ 1542                     ║             172 ║
╠═══════╬══════════╬══════════════════════╬═══════════════════════╬═══════════════╬══════════════════════════╬═════════════════╣
║    44 ║ HBAR     ║ 38,228,257,945       ║ $14,707,390,594.55    ║ $0.2941       ║ 475                      ║             172 ║
╠═══════╬══════════╬══════════════════════╬═══════════════════════╬═══════════════╬══════════════════════════╬═════════════════╣
║    45 ║ TAO      ║ 21,000,000           ║ $4,675,498,452.11     ║ $593.214      ║ 246                      ║             155 ║
╠═══════╬══════════╬══════════════════════╬═══════════════════════╬═══════════════╬══════════════════════════╬═════════════════╣
║    46 ║ XLM      ║ 30,161,094,439       ║ $20,895,893,397.80    ║ $0.4179       ║ 170                      ║             153 ║
╠═══════╬══════════╬══════════════════════╬═══════════════════════╬═══════════════╬══════════════════════════╬═════════════════╣
║    47 ║ DOT      ║ 1,527,202,210        ║ $13,246,882,034.45    ║ $8.674        ║ 114                      ║             146 ║
╠═══════╬══════════╬══════════════════════╬═══════════════════════╬═══════════════╬══════════════════════════╬═════════════════╣
║    48 ║ LINK     ║ 626,849,970          ║ $23,369,181,770.14    ║ $23.3692      ║ 924                      ║             132 ║
╠═══════╬══════════╬══════════════════════╬═══════════════════════╬═══════════════╬══════════════════════════╬═════════════════╣
║    49 ║ AVAX     ║ 447,755,292          ║ $20,559,081,415.10    ║ $45.9159      ║ 168                      ║              94 ║
╠═══════╬══════════╬══════════════════════╬═══════════════════════╬═══════════════╬══════════════════════════╬═════════════════╣
║    50 ║ TRX      ║ 86,262,438,049       ║ $23,601,405,695.43    ║ $0.2736       ║ 31                       ║              82 ║
╠═══════╬══════════╬══════════════════════╬═══════════════════════╬═══════════════╬══════════════════════════╬═════════════════╣
║    51 ║ ADA      ║ 35,102,215,549       ║ $46,007,497,838.98    ║ $1.0224       ║ no data                  ║              54 ║
╠═══════╬══════════╬══════════════════════╬═══════════════════════╬═══════════════╬══════════════════════════╬═════════════════╣
║    52 ║ SOL      ║ 476,106,751          ║ $128,728,642,526.26   ║ $218.2454     ║ no data                  ║              19 ║
╠═══════╬══════════╬══════════════════════╬═══════════════════════╬═══════════════╬══════════════════════════╬═════════════════╣
║    53 ║ ETH      ║ 122,056,395          ║ $453,309,174,385.19   ║ $3763.6209    ║ 226                      ║               4 ║
╠═══════╬══════════╬══════════════════════╬═══════════════════════╬═══════════════╬══════════════════════════╬═════════════════╣
║    54 ║ BTC      ║ 19,792,881           ║ $1,932,231,843,581.30 ║ $97,622.40    ║ 571                      ║               0 ║
╚═══════╩══════════╩══════════════════════╩═══════════════════════╩═══════════════╩══════════════════════════╩═════════════════╝