╔═══════╦══════════╦═════════════════╦═══════════════════════╦═══════════════╦══════════════════════════╦═════════════════╗
║   Ind ║ Simbol   ║ Emission        ║ Mkt. Cap.             ║ Price (USD)   ║ GIT commits of 90 days   ║   Underestimate ║
╠═══════╬══════════╬═════════════════╬═══════════════════════╬═══════════════╬══════════════════════════╬═════════════════╣
║     0 ║ CTK      ║ 133,687,317     ║ $137,500,137.21       ║ $0.9776       ║ no data                  ║           16010 ║
╠═══════╬══════════╬═════════════════╬═══════════════════════╬═══════════════╬══════════════════════════╬═════════════════╣
║     1 ║ NANO     ║ 133,248,297     ║ $267,787,599.33       ║ $2.0097       ║ no data                  ║            7813 ║
╠═══════╬══════════╬═════════════════╬═══════════════════════╬═══════════════╬══════════════════════════╬═════════════════╣
║     2 ║ SC       ║ 57,769,785,000  ║ $462,947,379.65       ║ $0.008        ║ no data                  ║            4519 ║
╠═══════╬══════════╬═════════════════╬═══════════════════════╬═══════════════╬══════════════════════════╬═════════════════╣
║     3 ║ ONE      ║ 14,269,278,702  ║ $606,155,222.09       ║ $0.0419       ║ 15                       ║            3498 ║
╠═══════╬══════════╬═════════════════╬═══════════════════════╬═══════════════╬══════════════════════════╬═════════════════╣
║     4 ║ IOTX     ║ 10,000,000,000  ║ $569,096,900.38       ║ $0.0603       ║ no data                  ║            3471 ║
╠═══════╬══════════╬═════════════════╬═══════════════════════╬═══════════════╬══════════════════════════╬═════════════════╣
║     5 ║ KSM      ║ 15,810,529      ║ $724,809,976.54       ║ $45.8324      ║ 872                      ║            2887 ║
╠═══════╬══════════╬═════════════════╬═══════════════════════╬═══════════════╬══════════════════════════╬═════════════════╣
║     6 ║ NOT      ║ 102,719,221,714 ║ $1,033,975,402.80     ║ $0.0101       ║ no data                  ║            2018 ║
╠═══════╬══════════╬═════════════════╬═══════════════════════╬═══════════════╬══════════════════════════╬═════════════════╣
║     7 ║ ROSE     ║ 10,000,000,000  ║ $1,355,255,156.99     ║ $0.1355       ║ 90                       ║            1544 ║
╠═══════╬══════════╬═════════════════╬═══════════════════════╬═══════════════╬══════════════════════════╬═════════════════╣
║     8 ║ ZEC      ║ 21,000,000      ║ $1,074,082,958.35     ║ $71.0393      ║ 62                       ║            1402 ║
╠═══════╬══════════╬═════════════════╬═══════════════════════╬═══════════════╬══════════════════════════╬═════════════════╣
║     9 ║ MIOTA    ║ 3,229,505,319   ║ $1,322,682,500.88     ║ $0.4759       ║ no data                  ║            1361 ║
╠═══════╬══════════╬═════════════════╬═══════════════════════╬═══════════════╬══════════════════════════╬═════════════════╣
║    10 ║ FLOW     ║ 1,503,293,597   ║ $1,775,711,530.72     ║ $1.1463       ║ 776                      ║            1214 ║
╠═══════╬══════════╬═════════════════╬═══════════════════════╬═══════════════╬══════════════════════════╬═════════════════╣
║    11 ║ HNT      ║ 223,000,000     ║ $1,645,300,578.51     ║ $9.433        ║ no data                  ║             995 ║
╠═══════╬══════════╬═════════════════╬═══════════════════════╬═══════════════╬══════════════════════════╬═════════════════╣
║    12 ║ RUNE     ║ 415,800,965     ║ $3,007,436,269.77     ║ $7.229        ║ no data                  ║             696 ║
╠═══════╬══════════╬═════════════════╬═══════════════════════╬═══════════════╬══════════════════════════╬═════════════════╣
║    13 ║ INJ      ║ 100,000,000     ║ $3,383,007,348.04     ║ $33.8301      ║ 176                      ║             618 ║
╠═══════╬══════════╬═════════════════╬═══════════════════════╬═══════════════╬══════════════════════════╬═════════════════╣
║    14 ║ GRT      ║ 10,797,266,751  ║ $3,587,636,107.45     ║ $0.3322       ║ no data                  ║             583 ║
╠═══════╬══════════╬═════════════════╬═══════════════════════╬═══════════════╬══════════════════════════╬═════════════════╣
║    15 ║ XMR      ║ 18,429,993      ║ $15,877,480.73        ║ $200.7818     ║ 5                        ║             565 ║
╠═══════╬══════════╬═════════════════╬═══════════════════════╬═══════════════╬══════════════════════════╬═════════════════╣
║    16 ║ CRV      ║ 3,303,030,299   ║ $2,620,492,396.96     ║ $1.1908       ║ 73                       ║             532 ║
╠═══════╬══════════╬═════════════════╬═══════════════════════╬═══════════════╬══════════════════════════╬═════════════════╣
║    17 ║ W        ║ 10,000,000,000  ║ $3,945,289,691.95     ║ $0.3945       ║ no data                  ║             530 ║
╠═══════╬══════════╬═════════════════╬═══════════════════════╬═══════════════╬══════════════════════════╬═════════════════╣
║    18 ║ ATOM     ║ 390,930,671     ║ $4,366,070,627.00     ║ $10.2446      ║ no data                  ║             522 ║
╠═══════╬══════════╬═════════════════╬═══════════════════════╬═══════════════╬══════════════════════════╬═════════════════╣
║    19 ║ FTM      ║ 3,175,000,000   ║ $4,387,893,706.90     ║ $1.382        ║ no data                  ║             477 ║
╠═══════╬══════════╬═════════════════╬═══════════════════════╬═══════════════╬══════════════════════════╬═════════════════╣
║    20 ║ ALGO     ║ 10,000,000,000  ║ $4,736,456,568.39     ║ $0.4736       ║ 31                       ║             442 ║
╠═══════╬══════════╬═════════════════╬═══════════════════════╬═══════════════╬══════════════════════════╬═════════════════╣
║    21 ║ STX      ║ 1,818,000,000   ║ $4,134,787,477.85     ║ $2.6578       ║ 1014                     ║             433 ║
╠═══════╬══════════╬═════════════════╬═══════════════════════╬═══════════════╬══════════════════════════╬═════════════════╣
║    22 ║ PYTH     ║ 9,999,988,994   ║ $5,279,774,336.07     ║ $0.528        ║ no data                  ║             396 ║
╠═══════╬══════════╬═════════════════╬═══════════════════════╬═══════════════╬══════════════════════════╬═════════════════╣
║    23 ║ VET      ║ 86,712,634,466  ║ $5,830,646,495.22     ║ $0.0678       ║ 26                       ║             356 ║
╠═══════╬══════════╬═════════════════╬═══════════════════════╬═══════════════╬══════════════════════════╬═════════════════╣
║    24 ║ CRO      ║ 30,263,013,692  ║ $6,009,730,863.60     ║ $0.2003       ║ 99                       ║             345 ║
╠═══════╬══════════╬═════════════════╬═══════════════════════╬═══════════════╬══════════════════════════╬═════════════════╣
║    25 ║ SEI      ║ 10,000,000,000  ║ $6,117,089,707.45     ║ $0.6896       ║ no data                  ║             303 ║
╠═══════╬══════════╬═════════════════╬═══════════════════════╬═══════════════╬══════════════════════════╬═════════════════╣
║    26 ║ MATIC    ║ 10,000,000,000  ║ $7,050,777,051.60     ║ $0.7071       ║ 51                       ║             296 ║
╠═══════╬══════════╬═════════════════╬═══════════════════════╬═══════════════╬══════════════════════════╬═════════════════╣
║    27 ║ STRK     ║ 10,000,000,000  ║ $7,778,878,455.02     ║ $0.7778       ║ no data                  ║             269 ║
╠═══════╬══════════╬═════════════════╬═══════════════════════╬═══════════════╬══════════════════════════╬═════════════════╣
║    28 ║ TIA      ║ 1,039,890,411   ║ $9,294,661,129.28     ║ $8.6504       ║ no data                  ║             233 ║
╠═══════╬══════════╬═════════════════╬═══════════════════════╬═══════════════╬══════════════════════════╬═════════════════╣
║    29 ║ NEAR     ║ 1,188,295,576   ║ $9,635,395,405.92     ║ $7.8724       ║ no data                  ║             224 ║
╠═══════╬══════════╬═════════════════╬═══════════════════════╬═══════════════╬══════════════════════════╬═════════════════╣
║    30 ║ OP       ║ 4,294,967,296   ║ $11,617,746,697.68    ║ $2.705        ║ 929                      ║             180 ║
╠═══════╬══════════╬═════════════════╬═══════════════════════╬═══════════════╬══════════════════════════╬═════════════════╣
║    31 ║ ARB      ║ 10,000,000,000  ║ $11,674,672,061.84    ║ $1.1675       ║ 466                      ║             179 ║
╠═══════╬══════════╬═════════════════╬═══════════════════════╬═══════════════╬══════════════════════════╬═════════════════╣
║    32 ║ BCH      ║ 21,000,000      ║ $12,217,488,836.60    ║ $617.0839     ║ no data                  ║             161 ║
╠═══════╬══════════╬═════════════════╬═══════════════════════╬═══════════════╬══════════════════════════╬═════════════════╣
║    33 ║ JUP      ║ 10,000,000,000  ║ $13,562,853,733.16    ║ $1.3563       ║ no data                  ║             154 ║
╠═══════╬══════════╬═════════════════╬═══════════════════════╬═══════════════╬══════════════════════════╬═════════════════╣
║    34 ║ TAO      ║ 21,000,000      ║ $5,533,569,027.78     ║ $703.5969     ║ no data                  ║             142 ║
╠═══════╬══════════╬═════════════════╬═══════════════════════╬═══════════════╬══════════════════════════╬═════════════════╣
║    35 ║ DOT      ║ 1,437,953,431   ║ $16,093,543,855.65    ║ $10.5447      ║ no data                  ║             138 ║
╠═══════╬══════════╬═════════════════╬═══════════════════════╬═══════════════╬══════════════════════════╬═════════════════╣
║    36 ║ FIL      ║ 1,960,538,665   ║ $4,837,723,437.96     ║ $7.946        ║ 197                      ║             134 ║
╠═══════╬══════════╬═════════════════╬═══════════════════════╬═══════════════╬══════════════════════════╬═════════════════╣
║    37 ║ APT      ║ 1,093,375,145   ║ $16,877,745,885.69    ║ $14.9408      ║ 502                      ║             128 ║
╠═══════╬══════════╬═════════════════╬═══════════════════════╬═══════════════╬══════════════════════════╬═════════════════╣
║    38 ║ HBAR     ║ 50,000,000,000  ║ $16,777,167,020.51    ║ $0.3355       ║ 466                      ║             125 ║
╠═══════╬══════════╬═════════════════╬═══════════════════════╬═══════════════╬══════════════════════════╬═════════════════╣
║    39 ║ UNI      ║ 1,000,000,000   ║ $17,320,035,506.09    ║ $17.32        ║ no data                  ║             121 ║
╠═══════╬══════════╬═════════════════╬═══════════════════════╬═══════════════╬══════════════════════════╬═════════════════╣
║    40 ║ XLM      ║ 50,001,806,812  ║ $24,240,403,663.15    ║ $0.4848       ║ 167                      ║              86 ║
╠═══════╬══════════╬═════════════════╬═══════════════════════╬═══════════════╬══════════════════════════╬═════════════════╣
║    41 ║ LINK     ║ 1,000,000,000   ║ $24,954,055,896.49    ║ $24.9541      ║ 904                      ║              84 ║
╠═══════╬══════════╬═════════════════╬═══════════════════════╬═══════════════╬══════════════════════════╬═════════════════╣
║    42 ║ TRX      ║ 87,554,275,200  ║ $27,664,527,409.16    ║ $0.3207       ║ 31                       ║              75 ║
╠═══════╬══════════╬═════════════════╬═══════════════════════╬═══════════════╬══════════════════════════╬═════════════════╣
║    43 ║ AVAX     ║ 715,748,719     ║ $23,275,862,405.05    ║ $51.99        ║ 166                      ║              56 ║
╠═══════╬══════════╬═════════════════╬═══════════════════════╬═══════════════╬══════════════════════════╬═════════════════╣
║    44 ║ WLD      ║ 10,000,000,000  ║ $38,323,193,675.54    ║ $3.8323       ║ no data                  ║              55 ║
╠═══════╬══════════╬═════════════════╬═══════════════════════╬═══════════════╬══════════════════════════╬═════════════════╣
║    45 ║ SUI      ║ 10,000,000,000  ║ $43,560,629,209.91    ║ $4.3561       ║ 1480                     ║              48 ║
╠═══════╬══════════╬═════════════════╬═══════════════════════╬═══════════════╬══════════════════════════╬═════════════════╣
║    46 ║ ADA      ║ 45,000,000,000  ║ $54,201,896,829.52    ║ $1.2045       ║ no data                  ║              39 ║
╠═══════╬══════════╬═════════════════╬═══════════════════════╬═══════════════╬══════════════════════════╬═════════════════╣
║    47 ║ CFX      ║ 506,595,716,405 ║ $1,426,866,550.31     ║ $0.2562       ║ no data                  ║              16 ║
╠═══════╬══════════╬═════════════════╬═══════════════════════╬═══════════════╬══════════════════════════╬═════════════════╣
║    48 ║ SOL      ║ 574,915,273     ║ $140,566,130,496.01   ║ $238.3683     ║ no data                  ║              15 ║
╠═══════╬══════════╬═════════════════╬═══════════════════════╬═══════════════╬══════════════════════════╬═════════════════╣
║    49 ║ XRP      ║ 100,000,000,000 ║ $242,178,532,875.05   ║ $2.4221       ║ 43                       ║               9 ║
╠═══════╬══════════╬═════════════════╬═══════════════════════╬═══════════════╬══════════════════════════╬═════════════════╣
║    50 ║ ETH      ║ 122,056,395     ║ $481,876,916,892.28   ║ $4000.8901    ║ 222                      ║               4 ║
╠═══════╬══════════╬═════════════════╬═══════════════════════╬═══════════════╬══════════════════════════╬═════════════════╣
║    51 ║ BTC      ║ 21,000,000      ║ $1,971,777,261,482.85 ║ $99,632.17    ║ 561                      ║               0 ║
╚═══════╩══════════╩═════════════════╩═══════════════════════╩═══════════════╩══════════════════════════╩═════════════════╝