╔═══════╦══════════╦═════════════════╦═══════════════════════╦═══════════════╦══════════════════════════╦═════════════════╗
║   Ind ║ Simbol   ║ Emission        ║ Mkt. Cap.             ║ Price (USD)   ║ GIT commits of 90 days   ║   Underestimate ║
╠═══════╬══════════╬═════════════════╬═══════════════════════╬═══════════════╬══════════════════════════╬═════════════════╣
║     0 ║ CTK      ║ 133,687,317     ║ $130,570,731.79       ║ $0.9294       ║ no data                  ║           16290 ║
╠═══════╬══════════╬═════════════════╬═══════════════════════╬═══════════════╬══════════════════════════╬═════════════════╣
║     1 ║ NANO     ║ 133,248,297     ║ $217,151,883.39       ║ $1.6297       ║ no data                  ║            9321 ║
╠═══════╬══════════╬═════════════════╬═══════════════════════╬═══════════════╬══════════════════════════╬═════════════════╣
║     2 ║ SC       ║ 57,769,785,000  ║ $414,492,429.14       ║ $0.0072       ║ no data                  ║            4883 ║
╠═══════╬══════════╬═════════════════╬═══════════════════════╬═══════════════╬══════════════════════════╬═════════════════╣
║     3 ║ ONE      ║ 14,269,278,702  ║ $423,810,264.27       ║ $0.0293       ║ 19                       ║            4839 ║
╠═══════╬══════════╬═════════════════╬═══════════════════════╬═══════════════╬══════════════════════════╬═════════════════╣
║     4 ║ IOTX     ║ 10,000,000,000  ║ $529,115,381.40       ║ $0.056        ║ 99                       ║            3612 ║
╠═══════╬══════════╬═════════════════╬═══════════════════════╬═══════════════╬══════════════════════════╬═════════════════╣
║     5 ║ NOT      ║ 102,719,221,714 ║ $895,952,482.90       ║ $0.0087       ║ no data                  ║            2253 ║
╠═══════╬══════════╬═════════════════╬═══════════════════════╬═══════════════╬══════════════════════════╬═════════════════╣
║     6 ║ ROSE     ║ 10,000,000,000  ║ $1,074,962,559.62     ║ $0.1075       ║ 96                       ║            1883 ║
╠═══════╬══════════╬═════════════════╬═══════════════════════╬═══════════════╬══════════════════════════╬═════════════════╣
║     7 ║ MIOTA    ║ 3,229,505,319   ║ $955,905,376.97       ║ $0.3439       ║ no data                  ║            1822 ║
╠═══════╬══════════╬═════════════════╬═══════════════════════╬═══════════════╬══════════════════════════╬═════════════════╣
║     8 ║ ZEC      ║ 21,000,000      ║ $918,119,283.88       ║ $60.7239      ║ 62                       ║            1587 ║
╠═══════╬══════════╬═════════════════╬═══════════════════════╬═══════════════╬══════════════════════════╬═════════════════╣
║     9 ║ FLOW     ║ 1,503,293,597   ║ $1,584,617,051.27     ║ $1.0239       ║ 732                      ║            1315 ║
╠═══════╬══════════╬═════════════════╬═══════════════════════╬═══════════════╬══════════════════════════╬═════════════════╣
║    10 ║ HNT      ║ 223,000,000     ║ $1,465,939,198.91     ║ $8.4784       ║ no data                  ║            1071 ║
╠═══════╬══════════╬═════════════════╬═══════════════════════╬═══════════════╬══════════════════════════╬═════════════════╣
║    11 ║ RUNE     ║ 415,800,965     ║ $2,459,637,010.67     ║ $5.9154       ║ no data                  ║             823 ║
╠═══════╬══════════╬═════════════════╬═══════════════════════╬═══════════════╬══════════════════════════╬═════════════════╣
║    12 ║ CRV      ║ 3,303,030,299   ║ $1,691,250,438.73     ║ $0.7692       ║ 78                       ║             797 ║
╠═══════╬══════════╬═════════════════╬═══════════════════════╬═══════════════╬══════════════════════════╬═════════════════╣
║    13 ║ XMR      ║ 18,429,993      ║ $12,497,644.02        ║ $162.6418     ║ 6                        ║             675 ║
╠═══════╬══════════╬═════════════════╬═══════════════════════╬═══════════════╬══════════════════════════╬═════════════════╣
║    14 ║ INJ      ║ 100,000,000     ║ $3,021,335,587.97     ║ $30.2134      ║ 172                      ║             670 ║
╠═══════╬══════════╬═════════════════╬═══════════════════════╬═══════════════╬══════════════════════════╬═════════════════╣
║    15 ║ OM       ║ 888,888,888     ║ $3,116,531,374.09     ║ $3.5061       ║ no data                  ║             649 ║
╠═══════╬══════════╬═════════════════╬═══════════════════════╬═══════════════╬══════════════════════════╬═════════════════╣
║    16 ║ GRT      ║ 10,797,266,751  ║ $3,119,638,604.37     ║ $0.2888       ║ 32                       ║             649 ║
╠═══════╬══════════╬═════════════════╬═══════════════════════╬═══════════════╬══════════════════════════╬═════════════════╣
║    17 ║ W        ║ 10,000,000,000  ║ $3,300,658,359.27     ║ $0.3301       ║ 37                       ║             613 ║
╠═══════╬══════════╬═════════════════╬═══════════════════════╬═══════════════╬══════════════════════════╬═════════════════╣
║    18 ║ FTM      ║ 3,175,000,000   ║ $3,309,400,047.29     ║ $1.0423       ║ no data                  ║             612 ║
╠═══════╬══════════╬═════════════════╬═══════════════════════╬═══════════════╬══════════════════════════╬═════════════════╣
║    19 ║ ATOM     ║ 390,930,671     ║ $3,827,313,319.04     ║ $8.9963       ║ no data                  ║             576 ║
╠═══════╬══════════╬═════════════════╬═══════════════════════╬═══════════════╬══════════════════════════╬═════════════════╣
║    20 ║ STX      ║ 1,818,000,000   ║ $3,560,027,054.75     ║ $2.2894       ║ 1118                     ║             486 ║
╠═══════╬══════════╬═════════════════╬═══════════════════════╬═══════════════╬══════════════════════════╬═════════════════╣
║    21 ║ VET      ║ 86,712,634,466  ║ $4,316,999,062.32     ║ $0.0502       ║ 26                       ║             465 ║
╠═══════╬══════════╬═════════════════╬═══════════════════════╬═══════════════╬══════════════════════════╬═════════════════╣
║    22 ║ PYTH     ║ 9,999,988,994   ║ $4,903,579,639.94     ║ $0.4904       ║ no data                  ║             413 ║
╠═══════╬══════════╬═════════════════╬═══════════════════════╬═══════════════╬══════════════════════════╬═════════════════╣
║    23 ║ ALGO     ║ 10,000,000,000  ║ $5,069,922,852.63     ║ $0.507        ║ 35                       ║             399 ║
╠═══════╬══════════╬═════════════════╬═══════════════════════╬═══════════════╬══════════════════════════╬═════════════════╣
║    24 ║ CRO      ║ 30,263,013,692  ║ $5,564,670,992.46     ║ $0.1855       ║ no data                  ║             361 ║
╠═══════╬══════════╬═════════════════╬═══════════════════════╬═══════════════╬══════════════════════════╬═════════════════╣
║    25 ║ MATIC    ║ 10,000,000,000  ║ $6,088,590,926.61     ║ $0.6106       ║ 76                       ║             332 ║
╠═══════╬══════════╬═════════════════╬═══════════════════════╬═══════════════╬══════════════════════════╬═════════════════╣
║    26 ║ TIA      ║ 1,039,890,411   ║ $8,271,034,915.96     ║ $7.706        ║ no data                  ║             253 ║
╠═══════╬══════════╬═════════════════╬═══════════════════════╬═══════════════╬══════════════════════════╬═════════════════╣
║    27 ║ NEAR     ║ 1,188,295,576   ║ $8,301,681,517.10     ║ $6.7873       ║ no data                  ║             251 ║
╠═══════╬══════════╬═════════════════╬═══════════════════════╬═══════════════╬══════════════════════════╬═════════════════╣
║    28 ║ ARB      ║ 10,000,000,000  ║ $9,599,441,878.57     ║ $0.9599       ║ 437                      ║             211 ║
╠═══════╬══════════╬═════════════════╬═══════════════════════╬═══════════════╬══════════════════════════╬═════════════════╣
║    29 ║ OP       ║ 4,294,967,296   ║ $10,428,784,945.87    ║ $2.4281       ║ 926                      ║             194 ║
╠═══════╬══════════╬═════════════════╬═══════════════════════╬═══════════════╬══════════════════════════╬═════════════════╣
║    30 ║ BCH      ║ 21,000,000      ║ $10,439,707,864.69    ║ $527.3584     ║ no data                  ║             183 ║
╠═══════╬══════════╬═════════════════╬═══════════════════════╬═══════════════╬══════════════════════════╬═════════════════╣
║    31 ║ JUP      ║ 10,000,000,000  ║ $12,136,622,855.59    ║ $1.2137       ║ no data                  ║             167 ║
╠═══════╬══════════╬═════════════════╬═══════════════════════╬═══════════════╬══════════════════════════╬═════════════════╣
║    32 ║ HBAR     ║ 50,000,000,000  ║ $12,464,666,755.98    ║ $0.2493       ║ 437                      ║             162 ║
╠═══════╬══════════╬═════════════════╬═══════════════════════╬═══════════════╬══════════════════════════╬═════════════════╣
║    33 ║ TAO      ║ 21,000,000      ║ $4,764,378,671.32     ║ $608.1599     ║ 222                      ║             158 ║
╠═══════╬══════════╬═════════════════╬═══════════════════════╬═══════════════╬══════════════════════════╬═════════════════╣
║    34 ║ UNI      ║ 1,000,000,000   ║ $12,882,171,932.24    ║ $12.8822      ║ no data                  ║             157 ║
╠═══════╬══════════╬═════════════════╬═══════════════════════╬═══════════════╬══════════════════════════╬═════════════════╣
║    35 ║ DOT      ║ 1,437,953,431   ║ $13,820,581,656.44    ║ $9.0653       ║ 930                      ║             155 ║
╠═══════╬══════════╬═════════════════╬═══════════════════════╬═══════════════╬══════════════════════════╬═════════════════╣
║    36 ║ FIL      ║ 1,960,538,665   ║ $4,344,190,078.03     ║ $7.166        ║ 197                      ║             144 ║
╠═══════╬══════════╬═════════════════╬═══════════════════════╬═══════════════╬══════════════════════════╬═════════════════╣
║    37 ║ APT      ║ 1,093,375,145   ║ $14,730,157,679.61    ║ $13.0495      ║ 512                      ║             142 ║
╠═══════╬══════════╬═════════════════╬═══════════════════════╬═══════════════╬══════════════════════════╬═════════════════╣
║    38 ║ TRX      ║ 87,554,275,200  ║ $18,072,407,290.93    ║ $0.2094       ║ 33                       ║             110 ║
╠═══════╬══════════╬═════════════════╬═══════════════════════╬═══════════════╬══════════════════════════╬═════════════════╣
║    39 ║ LINK     ║ 1,000,000,000   ║ $19,444,975,313.60    ║ $19.445       ║ 879                      ║             104 ║
╠═══════╬══════════╬═════════════════╬═══════════════════════╬═══════════════╬══════════════════════════╬═════════════════╣
║    40 ║ XLM      ║ 50,001,806,812  ║ $26,909,440,473.33    ║ $0.5382       ║ 198                      ║              75 ║
╠═══════╬══════════╬═════════════════╬═══════════════════════╬═══════════════╬══════════════════════════╬═════════════════╣
║    41 ║ WLD      ║ 10,000,000,000  ║ $33,133,611,129.45    ║ $3.3134       ║ no data                  ║              61 ║
╠═══════╬══════════╬═════════════════╬═══════════════════════╬═══════════════╬══════════════════════════╬═════════════════╣
║    42 ║ SUI      ║ 10,000,000,000  ║ $33,151,029,835.14    ║ $3.3151       ║ 1570                     ║              61 ║
╠═══════╬══════════╬═════════════════╬═══════════════════════╬═══════════════╬══════════════════════════╬═════════════════╣
║    43 ║ AVAX     ║ 715,748,719     ║ $21,298,707,233.70    ║ $47.5813      ║ 184                      ║              59 ║
╠═══════╬══════════╬═════════════════╬═══════════════════════╬═══════════════╬══════════════════════════╬═════════════════╣
║    44 ║ ADA      ║ 45,000,000,000  ║ $51,037,272,855.86    ║ $1.1342       ║ no data                  ║              40 ║
╠═══════╬══════════╬═════════════════╬═══════════════════════╬═══════════════╬══════════════════════════╬═════════════════╣
║    45 ║ CFX      ║ 506,595,716,405 ║ $1,242,531,989.13     ║ $0.2232       ║ no data                  ║              18 ║
╠═══════╬══════════╬═════════════════╬═══════════════════════╬═══════════════╬══════════════════════════╬═════════════════╣
║    46 ║ SOL      ║ 574,915,273     ║ $134,276,675,477.28   ║ $227.8657     ║ no data                  ║              15 ║
╠═══════╬══════════╬═════════════════╬═══════════════════════╬═══════════════╬══════════════════════════╬═════════════════╣
║    47 ║ XRP      ║ 100,000,000,000 ║ $240,848,560,355.27   ║ $2.4088       ║ 43                       ║               8 ║
╠═══════╬══════════╬═════════════════╬═══════════════════════╬═══════════════╬══════════════════════════╬═════════════════╣
║    48 ║ ETH      ║ 122,056,395     ║ $443,284,700,778.40   ║ $3680.4738    ║ 224                      ║               5 ║
╠═══════╬══════════╬═════════════════╬═══════════════════════╬═══════════════╬══════════════════════════╬═════════════════╣
║    49 ║ BTC      ║ 21,000,000      ║ $1,907,528,036,973.78 ║ $96,387.42    ║ 562                      ║               0 ║
╚═══════╩══════════╩═════════════════╩═══════════════════════╩═══════════════╩══════════════════════════╩═════════════════╝