╔═══════╦══════════╦═════════════════╦═══════════════════════╦═══════════════╦══════════════════════════╦═════════════════╗
║   Ind ║ Simbol   ║ Emission        ║ Mkt. Cap.             ║ Price (USD)   ║ GIT commits of 90 days   ║   Underestimate ║
╠═══════╬══════════╬═════════════════╬═══════════════════════╬═══════════════╬══════════════════════════╬═════════════════╣
║     0 ║ CTK      ║ 133,687,317     ║ $129,242,871.14       ║ $0.9201       ║ no data                  ║           16583 ║
╠═══════╬══════════╬═════════════════╬═══════════════════════╬═══════════════╬══════════════════════════╬═════════════════╣
║     1 ║ NANO     ║ 133,248,297     ║ $196,003,612.26       ║ $1.471        ║ 255                      ║           10406 ║
╠═══════╬══════════╬═════════════════╬═══════════════════════╬═══════════════╬══════════════════════════╬═════════════════╣
║     2 ║ ONE      ║ 14,269,278,702  ║ $416,209,947.35       ║ $0.0288       ║ 19                       ║            4965 ║
╠═══════╬══════════╬═════════════════╬═══════════════════════╬═══════════════╬══════════════════════════╬═════════════════╣
║     3 ║ SC       ║ 57,769,785,000  ║ $421,705,330.80       ║ $0.0073       ║ no data                  ║            4837 ║
╠═══════╬══════════╬═════════════════╬═══════════════════════╬═══════════════╬══════════════════════════╬═════════════════╣
║     4 ║ IOTX     ║ 10,000,000,000  ║ $500,818,611.12       ║ $0.053        ║ 99                       ║            3845 ║
╠═══════╬══════════╬═════════════════╬═══════════════════════╬═══════════════╬══════════════════════════╬═════════════════╣
║     5 ║ NOT      ║ 102,719,221,714 ║ $924,792,076.98       ║ $0.009        ║ no data                  ║            2200 ║
╠═══════╬══════════╬═════════════════╬═══════════════════════╬═══════════════╬══════════════════════════╬═════════════════╣
║     6 ║ MIOTA    ║ 3,229,505,319   ║ $857,351,769.39       ║ $0.3085       ║ no data                  ║            2048 ║
╠═══════╬══════════╬═════════════════╬═══════════════════════╬═══════════════╬══════════════════════════╬═════════════════╣
║     7 ║ ROSE     ║ 10,000,000,000  ║ $1,060,213,722.72     ║ $0.106        ║ 96                       ║            1924 ║
╠═══════╬══════════╬═════════════════╬═══════════════════════╬═══════════════╬══════════════════════════╬═════════════════╣
║     8 ║ ZEC      ║ 21,000,000      ║ $864,028,346.69       ║ $57.1464      ║ 62                       ║            1700 ║
╠═══════╬══════════╬═════════════════╬═══════════════════════╬═══════════════╬══════════════════════════╬═════════════════╣
║     9 ║ FLOW     ║ 1,503,293,597   ║ $1,595,683,973.09     ║ $1.031        ║ 732                      ║            1316 ║
╠═══════╬══════════╬═════════════════╬═══════════════════════╬═══════════════╬══════════════════════════╬═════════════════╣
║    10 ║ HNT      ║ 223,000,000     ║ $1,351,453,347.54     ║ $7.8181       ║ 26                       ║            1170 ║
╠═══════╬══════════╬═════════════════╬═══════════════════════╬═══════════════╬══════════════════════════╬═════════════════╣
║    11 ║ CRV      ║ 3,303,030,299   ║ $1,485,897,229.78     ║ $0.6759       ║ 78                       ║             914 ║
╠═══════╬══════════╬═════════════════╬═══════════════════════╬═══════════════╬══════════════════════════╬═════════════════╣
║    12 ║ INJ      ║ 100,000,000     ║ $2,984,116,014.71     ║ $29.8412      ║ 172                      ║             684 ║
╠═══════╬══════════╬═════════════════╬═══════════════════════╬═══════════════╬══════════════════════════╬═════════════════╣
║    13 ║ XMR      ║ 18,429,993      ║ $12,465,944.52        ║ $162.6178     ║ 6                        ║             681 ║
╠═══════╬══════════╬═════════════════╬═══════════════════════╬═══════════════╬══════════════════════════╬═════════════════╣
║    14 ║ GRT      ║ 10,797,266,751  ║ $3,102,792,628.63     ║ $0.2873       ║ no data                  ║             658 ║
╠═══════╬══════════╬═════════════════╬═══════════════════════╬═══════════════╬══════════════════════════╬═════════════════╣
║    15 ║ OM       ║ 888,888,888     ║ $3,120,478,822.66     ║ $3.5105       ║ no data                  ║             654 ║
╠═══════╬══════════╬═════════════════╬═══════════════════════╬═══════════════╬══════════════════════════╬═════════════════╣
║    16 ║ ATOM     ║ 390,930,671     ║ $3,708,282,467.25     ║ $8.7179       ║ no data                  ║             598 ║
╠═══════╬══════════╬═════════════════╬═══════════════════════╬═══════════════╬══════════════════════════╬═════════════════╣
║    17 ║ FTM      ║ 3,175,000,000   ║ $3,423,438,638.80     ║ $1.0782       ║ no data                  ║             596 ║
╠═══════╬══════════╬═════════════════╬═══════════════════════╬═══════════════╬══════════════════════════╬═════════════════╣
║    18 ║ W        ║ 10,000,000,000  ║ $3,453,568,842.21     ║ $0.3454       ║ no data                  ║             591 ║
╠═══════╬══════════╬═════════════════╬═══════════════════════╬═══════════════╬══════════════════════════╬═════════════════╣
║    19 ║ VET      ║ 86,712,634,466  ║ $3,930,570,935.16     ║ $0.0457       ║ 26                       ║             515 ║
╠═══════╬══════════╬═════════════════╬═══════════════════════╬═══════════════╬══════════════════════════╬═════════════════╣
║    20 ║ STX      ║ 1,818,000,000   ║ $3,725,332,647.39     ║ $2.3958       ║ 1118                     ║             468 ║
╠═══════╬══════════╬═════════════════╬═══════════════════════╬═══════════════╬══════════════════════════╬═════════════════╣
║    21 ║ ALGO     ║ 10,000,000,000  ║ $5,032,933,726.96     ║ $0.5033       ║ 35                       ║             405 ║
╠═══════╬══════════╬═════════════════╬═══════════════════════╬═══════════════╬══════════════════════════╬═════════════════╣
║    22 ║ PYTH     ║ 9,999,988,994   ║ $5,136,012,325.00     ║ $0.5136       ║ no data                  ║             397 ║
╠═══════╬══════════╬═════════════════╬═══════════════════════╬═══════════════╬══════════════════════════╬═════════════════╣
║    23 ║ CRO      ║ 30,263,013,692  ║ $5,708,994,141.97     ║ $0.1903       ║ 101                      ║             354 ║
╠═══════╬══════════╬═════════════════╬═══════════════════════╬═══════════════╬══════════════════════════╬═════════════════╣
║    24 ║ MATIC    ║ 10,000,000,000  ║ $5,919,019,202.98     ║ $0.5936       ║ 76                       ║             344 ║
╠═══════╬══════════╬═════════════════╬═══════════════════════╬═══════════════╬══════════════════════════╬═════════════════╣
║    25 ║ NEAR     ║ 1,188,295,576   ║ $8,427,219,387.30     ║ $6.8905       ║ 328                      ║             249 ║
╠═══════╬══════════╬═════════════════╬═══════════════════════╬═══════════════╬══════════════════════════╬═════════════════╣
║    26 ║ TIA      ║ 1,039,890,411   ║ $8,620,193,110.49     ║ $8.0321       ║ 19                       ║             244 ║
╠═══════╬══════════╬═════════════════╬═══════════════════════╬═══════════════╬══════════════════════════╬═════════════════╣
║    27 ║ ARB      ║ 10,000,000,000  ║ $9,616,619,843.63     ║ $0.9617       ║ 437                      ║             212 ║
╠═══════╬══════════╬═════════════════╬═══════════════════════╬═══════════════╬══════════════════════════╬═════════════════╣
║    28 ║ HBAR     ║ 50,000,000,000  ║ $9,899,242,205.06     ║ $0.198        ║ 437                      ║             206 ║
╠═══════╬══════════╬═════════════════╬═══════════════════════╬═══════════════╬══════════════════════════╬═════════════════╣
║    29 ║ OP       ║ 4,294,967,296   ║ $10,563,051,748.95    ║ $2.4594       ║ 925                      ║             193 ║
╠═══════╬══════════╬═════════════════╬═══════════════════════╬═══════════════╬══════════════════════════╬═════════════════╣
║    30 ║ BCH      ║ 21,000,000      ║ $10,374,705,600.01    ║ $524.0805     ║ no data                  ║             185 ║
╠═══════╬══════════╬═════════════════╬═══════════════════════╬═══════════════╬══════════════════════════╬═════════════════╣
║    31 ║ JUP      ║ 10,000,000,000  ║ $12,319,807,473.04    ║ $1.232        ║ no data                  ║             166 ║
╠═══════╬══════════╬═════════════════╬═══════════════════════╬═══════════════╬══════════════════════════╬═════════════════╣
║    32 ║ UNI      ║ 1,000,000,000   ║ $12,970,373,511.06    ║ $12.9704      ║ no data                  ║             157 ║
╠═══════╬══════════╬═════════════════╬═══════════════════════╬═══════════════╬══════════════════════════╬═════════════════╣
║    33 ║ DOT      ║ 1,437,953,431   ║ $13,896,760,195.47    ║ $9.1154       ║ 930                      ║             156 ║
╠═══════╬══════════╬═════════════════╬═══════════════════════╬═══════════════╬══════════════════════════╬═════════════════╣
║    34 ║ FIL      ║ 1,960,538,665   ║ $4,129,293,421.80     ║ $6.8119       ║ 197                      ║             153 ║
╠═══════╬══════════╬═════════════════╬═══════════════════════╬═══════════════╬══════════════════════════╬═════════════════╣
║    35 ║ TAO      ║ 21,000,000      ║ $5,031,177,941.05     ║ $642.3973     ║ no data                  ║             151 ║
╠═══════╬══════════╬═════════════════╬═══════════════════════╬═══════════════╬══════════════════════════╬═════════════════╣
║    36 ║ APT      ║ 1,093,375,145   ║ $15,244,139,787.60    ║ $13.5057      ║ 512                      ║             138 ║
╠═══════╬══════════╬═════════════════╬═══════════════════════╬═══════════════╬══════════════════════════╬═════════════════╣
║    37 ║ TRX      ║ 87,554,275,200  ║ $17,881,720,056.84    ║ $0.2072       ║ 33                       ║             112 ║
╠═══════╬══════════╬═════════════════╬═══════════════════════╬═══════════════╬══════════════════════════╬═════════════════╣
║    38 ║ LINK     ║ 1,000,000,000   ║ $18,694,732,868.28    ║ $18.6947      ║ 879                      ║             109 ║
╠═══════╬══════════╬═════════════════╬═══════════════════════╬═══════════════╬══════════════════════════╬═════════════════╣
║    39 ║ XLM      ║ 50,001,806,812  ║ $26,399,266,056.59    ║ $0.528        ║ 198                      ║              77 ║
╠═══════╬══════════╬═════════════════╬═══════════════════════╬═══════════════╬══════════════════════════╬═════════════════╣
║    40 ║ AVAX     ║ 715,748,719     ║ $20,193,312,755.05    ║ $45.1122      ║ 181                      ║              63 ║
╠═══════╬══════════╬═════════════════╬═══════════════════════╬═══════════════╬══════════════════════════╬═════════════════╣
║    41 ║ WLD      ║ 10,000,000,000  ║ $33,768,657,631.88    ║ $3.3769       ║ 141                      ║              60 ║
╠═══════╬══════════╬═════════════════╬═══════════════════════╬═══════════════╬══════════════════════════╬═════════════════╣
║    42 ║ SUI      ║ 10,000,000,000  ║ $34,585,717,979.52    ║ $3.4586       ║ 1570                     ║              59 ║
╠═══════╬══════════╬═════════════════╬═══════════════════════╬═══════════════╬══════════════════════════╬═════════════════╣
║    43 ║ ADA      ║ 45,000,000,000  ║ $48,763,135,353.38    ║ $1.0836       ║ no data                  ║              42 ║
╠═══════╬══════════╬═════════════════╬═══════════════════════╬═══════════════╬══════════════════════════╬═════════════════╣
║    44 ║ CFX      ║ 506,595,716,405 ║ $1,252,525,475.92     ║ $0.225        ║ no data                  ║              18 ║
╠═══════╬══════════╬═════════════════╬═══════════════════════╬═══════════════╬══════════════════════════╬═════════════════╣
║    45 ║ SOL      ║ 574,915,273     ║ $138,964,067,262.52   ║ $235.8179     ║ no data                  ║              15 ║
╠═══════╬══════════╬═════════════════╬═══════════════════════╬═══════════════╬══════════════════════════╬═════════════════╣
║    46 ║ XRP      ║ 100,000,000,000 ║ $206,243,355,185.25   ║ $2.0627       ║ 43                       ║              10 ║
╠═══════╬══════════╬═════════════════╬═══════════════════════╬═══════════════╬══════════════════════════╬═════════════════╣
║    47 ║ ETH      ║ 122,056,395     ║ $446,062,889,268.36   ║ $3703.579     ║ 224                      ║               5 ║
╠═══════╬══════════╬═════════════════╬═══════════════════════╬═══════════════╬══════════════════════════╬═════════════════╣
║    48 ║ BTC      ║ 21,000,000      ║ $1,922,174,867,870.87 ║ $97,128.47    ║ 562                      ║               0 ║
╚═══════╩══════════╩═════════════════╩═══════════════════════╩═══════════════╩══════════════════════════╩═════════════════╝