╔═══════╦══════════╦═════════════════╦═══════════════════════╦═══════════════╦══════════════════════════╦═════════════════╗
║   Ind ║ Simbol   ║ Emission        ║ Mkt. Cap.             ║ Price (USD)   ║ GIT commits of 90 days   ║   Underestimate ║
╠═══════╬══════════╬═════════════════╬═══════════════════════╬═══════════════╬══════════════════════════╬═════════════════╣
║     0 ║ CTK      ║ 133,687,317     ║ $119,604,452.78       ║ $0.8527       ║ no data                  ║           17985 ║
╠═══════╬══════════╬═════════════════╬═══════════════════════╬═══════════════╬══════════════════════════╬═════════════════╣
║     1 ║ NANO     ║ 133,248,297     ║ $171,157,264.31       ║ $1.2845       ║ 224                      ║           11978 ║
╠═══════╬══════════╬═════════════════╬═══════════════════════╬═══════════════╬══════════════════════════╬═════════════════╣
║     2 ║ ONE      ║ 14,269,278,702  ║ $354,735,846.70       ║ $0.0245       ║ 21                       ║            5853 ║
╠═══════╬══════════╬═════════════════╬═══════════════════════╬═══════════════╬══════════════════════════╬═════════════════╣
║     3 ║ SC       ║ 57,769,785,000  ║ $389,526,541.03       ║ $0.0067       ║ no data                  ║            5263 ║
╠═══════╬══════════╬═════════════════╬═══════════════════════╬═══════════════╬══════════════════════════╬═════════════════╣
║     4 ║ IOTX     ║ 10,000,000,000  ║ $426,394,865.91       ║ $0.0452       ║ 98                       ║            4540 ║
╠═══════╬══════════╬═════════════════╬═══════════════════════╬═══════════════╬══════════════════════════╬═════════════════╣
║     5 ║ MIOTA    ║ 3,229,505,319   ║ $679,923,905.44       ║ $0.2446       ║ no data                  ║            2595 ║
╠═══════╬══════════╬═════════════════╬═══════════════════════╬═══════════════╬══════════════════════════╬═════════════════╣
║     6 ║ NOT      ║ 102,719,221,714 ║ $904,814,593.85       ║ $0.0088       ║ no data                  ║            2260 ║
╠═══════╬══════════╬═════════════════╬═══════════════════════╬═══════════════╬══════════════════════════╬═════════════════╣
║     7 ║ ROSE     ║ 10,000,000,000  ║ $945,925,457.73       ║ $0.0946       ║ 79                       ║            2167 ║
╠═══════╬══════════╬═════════════════╬═══════════════════════╬═══════════════╬══════════════════════════╬═════════════════╣
║     8 ║ ZEC      ║ 21,000,000      ║ $778,013,671.42       ║ $51.4574      ║ 62                       ║            1897 ║
╠═══════╬══════════╬═════════════════╬═══════════════════════╬═══════════════╬══════════════════════════╬═════════════════╣
║     9 ║ FLOW     ║ 1,503,293,597   ║ $1,446,023,332.63     ║ $0.9352       ║ 788                      ║            1458 ║
╠═══════╬══════════╬═════════════════╬═══════════════════════╬═══════════════╬══════════════════════════╬═════════════════╣
║    10 ║ HNT      ║ 223,000,000     ║ $1,090,675,127.92     ║ $6.3185       ║ 29                       ║            1455 ║
╠═══════╬══════════╬═════════════════╬═══════════════════════╬═══════════════╬══════════════════════════╬═════════════════╣
║    11 ║ CRV      ║ 3,303,030,299   ║ $1,243,379,340.85     ║ $0.5661       ║ 74                       ║            1096 ║
╠═══════╬══════════╬═════════════════╬═══════════════════════╬═══════════════╬══════════════════════════╬═════════════════╣
║    12 ║ ALGO     ║ 10,000,000,000  ║ $2,765,234,547.37     ║ $0.2765       ║ 37                       ║             741 ║
╠═══════╬══════════╬═════════════════╬═══════════════════════╬═══════════════╬══════════════════════════╬═════════════════╣
║    13 ║ GRT      ║ 10,797,266,751  ║ $2,792,584,414.88     ║ $0.2586       ║ 31                       ║             734 ║
╠═══════╬══════════╬═════════════════╬═══════════════════════╬═══════════════╬══════════════════════════╬═════════════════╣
║    14 ║ W        ║ 10,000,000,000  ║ $2,817,426,038.56     ║ $0.2817       ║ 38                       ║             728 ║
╠═══════╬══════════╬═════════════════╬═══════════════════════╬═══════════════╬══════════════════════════╬═════════════════╣
║    15 ║ INJ      ║ 100,000,000     ║ $2,893,317,404.52     ║ $28.9332      ║ 180                      ║             709 ║
╠═══════╬══════════╬═════════════════╬═══════════════════════╬═══════════════╬══════════════════════════╬═════════════════╣
║    16 ║ FTM      ║ 3,175,000,000   ║ $2,963,774,437.05     ║ $0.9335       ║ no data                  ║             692 ║
╠═══════╬══════════╬═════════════════╬═══════════════════════╬═══════════════╬══════════════════════════╬═════════════════╣
║    17 ║ XMR      ║ 18,429,993      ║ $12,201,886.74        ║ $165.0523     ║ 6                        ║             674 ║
╠═══════╬══════════╬═════════════════╬═══════════════════════╬═══════════════╬══════════════════════════╬═════════════════╣
║    18 ║ OM       ║ 888,888,888     ║ $3,239,091,444.83     ║ $3.644        ║ no data                  ║             633 ║
╠═══════╬══════════╬═════════════════╬═══════════════════════╬═══════════════╬══════════════════════════╬═════════════════╣
║    19 ║ ATOM     ║ 390,930,671     ║ $3,640,907,660.39     ║ $8.5776       ║ no data                  ║             611 ║
╠═══════╬══════════╬═════════════════╬═══════════════════════╬═══════════════╬══════════════════════════╬═════════════════╣
║    20 ║ VET      ║ 86,712,634,466  ║ $3,654,586,030.09     ║ $0.0425       ║ 26                       ║             556 ║
╠═══════╬══════════╬═════════════════╬═══════════════════════╬═══════════════╬══════════════════════════╬═════════════════╣
║    21 ║ STX      ║ 1,818,000,000   ║ $3,408,117,661.83     ║ $2.193        ║ 734                      ║             514 ║
╠═══════╬══════════╬═════════════════╬═══════════════════════╬═══════════════╬══════════════════════════╬═════════════════╣
║    22 ║ PYTH     ║ 9,999,988,994   ║ $4,614,058,895.44     ║ $0.4614       ║ no data                  ║             444 ║
╠═══════╬══════════╬═════════════════╬═══════════════════════╬═══════════════╬══════════════════════════╬═════════════════╣
║    23 ║ CRO      ║ 30,263,013,692  ║ $5,633,557,605.60     ║ $0.1878       ║ 99                       ║             361 ║
╠═══════╬══════════╬═════════════════╬═══════════════════════╬═══════════════╬══════════════════════════╬═════════════════╣
║    24 ║ MATIC    ║ 10,000,000,000  ║ $5,873,370,888.36     ║ $0.589        ║ 95                       ║             348 ║
╠═══════╬══════════╬═════════════════╬═══════════════════════╬═══════════════╬══════════════════════════╬═════════════════╣
║    25 ║ HBAR     ║ 50,000,000,000  ║ $7,071,011,727.73     ║ $0.1414       ║ 437                      ║             290 ║
╠═══════╬══════════╬═════════════════╬═══════════════════════╬═══════════════╬══════════════════════════╬═════════════════╣
║    26 ║ NEAR     ║ 1,188,295,576   ║ $8,275,245,514.56     ║ $6.7718       ║ no data                  ║             255 ║
╠═══════╬══════════╬═════════════════╬═══════════════════════╬═══════════════╬══════════════════════════╬═════════════════╣
║    27 ║ TIA      ║ 1,039,890,411   ║ $8,348,862,390.43     ║ $7.7892       ║ 18                       ║             253 ║
╠═══════╬══════════╬═════════════════╬═══════════════════════╬═══════════════╬══════════════════════════╬═════════════════╣
║    28 ║ ARB      ║ 10,000,000,000  ║ $9,129,773,046.85     ║ $0.913        ║ 437                      ║             225 ║
╠═══════╬══════════╬═════════════════╬═══════════════════════╬═══════════════╬══════════════════════════╬═════════════════╣
║    29 ║ OP       ║ 4,294,967,296   ║ $9,625,349,253.88     ║ $2.2411       ║ 935                      ║             213 ║
╠═══════╬══════════╬═════════════════╬═══════════════════════╬═══════════════╬══════════════════════════╬═════════════════╣
║    30 ║ BCH      ║ 21,000,000      ║ $10,238,272,488.75    ║ $517.2626     ║ no data                  ║             189 ║
╠═══════╬══════════╬═════════════════╬═══════════════════════╬═══════════════╬══════════════════════════╬═════════════════╣
║    31 ║ FIL      ║ 1,960,538,665   ║ $3,416,371,682.20     ║ $5.6741       ║ 204                      ║             184 ║
╠═══════╬══════════╬═════════════════╬═══════════════════════╬═══════════════╬══════════════════════════╬═════════════════╣
║    32 ║ JUP      ║ 10,000,000,000  ║ $11,371,614,960.47    ║ $1.1372       ║ no data                  ║             180 ║
╠═══════╬══════════╬═════════════════╬═══════════════════════╬═══════════════╬══════════════════════════╬═════════════════╣
║    33 ║ UNI      ║ 1,000,000,000   ║ $11,897,678,088.73    ║ $11.8977      ║ no data                  ║             172 ║
╠═══════╬══════════╬═════════════════╬═══════════════════════╬═══════════════╬══════════════════════════╬═════════════════╣
║    34 ║ DOT      ║ 1,437,953,431   ║ $13,362,375,471.47    ║ $8.778        ║ 985                      ║             162 ║
╠═══════╬══════════╬═════════════════╬═══════════════════════╬═══════════════╬══════════════════════════╬═════════════════╣
║    35 ║ APT      ║ 1,093,375,145   ║ $14,165,917,506.75    ║ $12.5618      ║ 526                      ║             149 ║
╠═══════╬══════════╬═════════════════╬═══════════════════════╬═══════════════╬══════════════════════════╬═════════════════╣
║    36 ║ TRX      ║ 87,554,275,200  ║ $18,120,588,344.84    ║ $0.2099       ║ 28                       ║             112 ║
╠═══════╬══════════╬═════════════════╬═══════════════════════╬═══════════════╬══════════════════════════╬═════════════════╣
║    37 ║ LINK     ║ 1,000,000,000   ║ $18,589,242,209.67    ║ $18.5892      ║ 883                      ║             110 ║
╠═══════╬══════════╬═════════════════╬═══════════════════════╬═══════════════╬══════════════════════════╬═════════════════╣
║    38 ║ XLM      ║ 50,001,806,812  ║ $25,279,328,170.07    ║ $0.5056       ║ 197                      ║              81 ║
╠═══════╬══════════╬═════════════════╬═══════════════════════╬═══════════════╬══════════════════════════╬═════════════════╣
║    39 ║ WLD      ║ 10,000,000,000  ║ $25,562,505,728.81    ║ $2.5563       ║ no data                  ║              80 ║
╠═══════╬══════════╬═════════════════╬═══════════════════════╬═══════════════╬══════════════════════════╬═════════════════╣
║    40 ║ AVAX     ║ 715,748,719     ║ $19,970,019,059.69    ║ $44.6212      ║ 196                      ║              64 ║
╠═══════╬══════════╬═════════════════╬═══════════════════════╬═══════════════╬══════════════════════════╬═════════════════╣
║    41 ║ SUI      ║ 10,000,000,000  ║ $33,975,777,670.34    ║ $3.3976       ║ 1654                     ║              60 ║
╠═══════╬══════════╬═════════════════╬═══════════════════════╬═══════════════╬══════════════════════════╬═════════════════╣
║    42 ║ ADA      ║ 45,000,000,000  ║ $46,290,343,572.65    ║ $1.0287       ║ no data                  ║              44 ║
╠═══════╬══════════╬═════════════════╬═══════════════════════╬═══════════════╬══════════════════════════╬═════════════════╣
║    43 ║ CFX      ║ 506,595,716,405 ║ $1,029,691,158.29     ║ $0.185        ║ 92                       ║              22 ║
╠═══════╬══════════╬═════════════════╬═══════════════════════╬═══════════════╬══════════════════════════╬═════════════════╣
║    44 ║ SOL      ║ 574,915,273     ║ $147,323,313,419.35   ║ $250.1699     ║ no data                  ║              14 ║
╠═══════╬══════════╬═════════════════╬═══════════════════════╬═══════════════╬══════════════════════════╬═════════════════╣
║    45 ║ XRP      ║ 100,000,000,000 ║ $145,373,020,142.38   ║ $1.4539       ║ 39                       ║              14 ║
╠═══════╬══════════╬═════════════════╬═══════════════════════╬═══════════════╬══════════════════════════╬═════════════════╣
║    46 ║ ETH      ║ 122,056,395     ║ $418,820,876,821.91   ║ $3477.6374    ║ 223                      ║               5 ║
╠═══════╬══════════╬═════════════════╬═══════════════════════╬═══════════════╬══════════════════════════╬═════════════════╣
║    47 ║ BTC      ║ 21,000,000      ║ $1,931,755,048,975.05 ║ $97,626.58    ║ 607                      ║               0 ║
╚═══════╩══════════╩═════════════════╩═══════════════════════╩═══════════════╩══════════════════════════╩═════════════════╝