╔═══════╦══════════╦══════════════════════╦═══════════════════════╦═══════════════╦══════════════════════════╦═════════════════╗
║   Ind ║ Simbol   ║ Circulating supply   ║ Mkt. Cap.             ║ Price (USD)   ║ GIT commits of 90 days   ║   Underestimate ║
╠═══════╬══════════╬══════════════════════╬═══════════════════════╬═══════════════╬══════════════════════════╬═════════════════╣
║     0 ║ MPL      ║ 4,417,985            ║ $213,097,309.83       ║ $21.3097      ║ no data                  ║           20587 ║
╠═══════╬══════════╬══════════════════════╬═══════════════════════╬═══════════════╬══════════════════════════╬═════════════════╣
║     1 ║ CTK      ║ 133,687,317          ║ $113,159,174.65       ║ $0.8039       ║ no data                  ║           18034 ║
╠═══════╬══════════╬══════════════════════╬═══════════════════════╬═══════════════╬══════════════════════════╬═════════════════╣
║     2 ║ CFG      ║ 507,587,217          ║ $227,292,088.02       ║ $0.4078       ║ no data                  ║            9364 ║
╠═══════╬══════════╬══════════════════════╬═══════════════════════╬═══════════════╬══════════════════════════╬═════════════════╣
║     3 ║ NANO     ║ 133,248,297          ║ $239,238,888.57       ║ $1.7955       ║ no data                  ║            8101 ║
╠═══════╬══════════╬══════════════════════╬═══════════════════════╬═══════════════╬══════════════════════════╬═════════════════╣
║     4 ║ OP       ║ 125,507,049          ║ $9,622,394,290.70     ║ $2.2404       ║ 944                      ║            6893 ║
╠═══════╬══════════╬══════════════════════╬═══════════════════════╬═══════════════╬══════════════════════════╬═════════════════╣
║     5 ║ SC       ║ 57,769,785,000       ║ $364,984,751.83       ║ $0.0063       ║ no data                  ║            5310 ║
╠═══════╬══════════╬══════════════════════╬═══════════════════════╬═══════════════╬══════════════════════════╬═════════════════╣
║     6 ║ AEVO     ║ 900,249,491          ║ $462,227,955.03       ║ $0.4622       ║ no data                  ║            4658 ║
╠═══════╬══════════╬══════════════════════╬═══════════════════════╬═══════════════╬══════════════════════════╬═════════════════╣
║     7 ║ IOTX     ║ 9,441,369,057        ║ $423,815,067.48       ║ $0.0449       ║ 101                      ║            4573 ║
╠═══════╬══════════╬══════════════════════╬═══════════════════════╬═══════════════╬══════════════════════════╬═════════════════╣
║     8 ║ KSM      ║ 15,810,529           ║ $563,884,293.94       ║ $35.6272      ║ 895                      ║            3441 ║
╠═══════╬══════════╬══════════════════════╬═══════════════════════╬═══════════════╬══════════════════════════╬═════════════════╣
║     9 ║ RSR      ║ 53,473,336,211       ║ $1,367,513,328.38     ║ $0.0137       ║ 59                       ║            2651 ║
╠═══════╬══════════╬══════════════════════╬═══════════════════════╬═══════════════╬══════════════════════════╬═════════════════╣
║    10 ║ NOT      ║ 102,719,221,714      ║ $753,840,405.41       ║ $0.0074       ║ no data                  ║            2565 ║
╠═══════╬══════════╬══════════════════════╬═══════════════════════╬═══════════════╬══════════════════════════╬═════════════════╣
║    11 ║ ROSE     ║ 7,064,132,681        ║ $1,078,420,836.59     ║ $0.1078       ║ no data                  ║            2544 ║
╠═══════╬══════════╬══════════════════════╬═══════════════════════╬═══════════════╬══════════════════════════╬═════════════════╣
║    12 ║ ZK       ║ 3,675,000,000        ║ $2,661,617,972.64     ║ $0.2197       ║ 336                      ║            2401 ║
╠═══════╬══════════╬══════════════════════╬═══════════════════════╬═══════════════╬══════════════════════════╬═════════════════╣
║    13 ║ W        ║ 2,766,268,902        ║ $3,159,430,708.83     ║ $0.3159       ║ no data                  ║            2218 ║
╠═══════╬══════════╬══════════════════════╬═══════════════════════╬═══════════════╬══════════════════════════╬═════════════════╣
║    14 ║ CFX      ║ 4,723,703,483        ║ $1,119,961,109.43     ║ $0.201        ║ no data                  ║            2041 ║
╠═══════╬══════════╬══════════════════════╬═══════════════════════╬═══════════════╬══════════════════════════╬═════════════════╣
║    15 ║ ZEC      ║ 16,328,268           ║ $888,493,957.43       ║ $58.7645      ║ 62                       ║            2020 ║
╠═══════╬══════════╬══════════════════════╬═══════════════════════╬═══════════════╬══════════════════════════╬═════════════════╣
║    16 ║ MIOTA    ║ 3,229,505,319        ║ $1,023,358,585.23     ║ $0.3682       ║ no data                  ║            1630 ║
╠═══════╬══════════╬══════════════════════╬═══════════════════════╬═══════════════╬══════════════════════════╬═════════════════╣
║    17 ║ FLOW     ║ 1,503,293,597        ║ $1,393,111,846.31     ║ $0.8993       ║ 776                      ║            1434 ║
╠═══════╬══════════╬══════════════════════╬═══════════════════════╬═══════════════╬══════════════════════════╬═════════════════╣
║    18 ║ HNT      ║ 170,472,132          ║ $1,388,378,104.26     ║ $7.9527       ║ no data                  ║            1430 ║
╠═══════╬══════════╬══════════════════════╬═══════════════════════╬═══════════════╬══════════════════════════╬═════════════════╣
║    19 ║ STRK     ║ 2,259,283,720        ║ $6,127,957,071.64     ║ $0.6127       ║ no data                  ║            1400 ║
╠═══════╬══════════╬══════════════════════╬═══════════════════════╬═══════════════╬══════════════════════════╬═════════════════╣
║    20 ║ JUP      ║ 1,350,000,000        ║ $10,514,588,498.18    ║ $1.0515       ║ no data                  ║            1365 ║
╠═══════╬══════════╬══════════════════════╬═══════════════════════╬═══════════════╬══════════════════════════╬═════════════════╣
║    21 ║ CRV      ║ 1,250,228,763        ║ $2,552,557,579.91     ║ $1.1592       ║ no data                  ║            1337 ║
╠═══════╬══════════╬══════════════════════╬═══════════════════════╬═══════════════╬══════════════════════════╬═════════════════╣
║    22 ║ PYTH     ║ 3,624,988,786        ║ $4,038,376,631.80     ║ $0.4038       ║ no data                  ║            1324 ║
╠═══════╬══════════╬══════════════════════╬═══════════════════════╬═══════════════╬══════════════════════════╬═════════════════╣
║    23 ║ RUNE     ║ 340,715,380          ║ $2,579,130,061.56     ║ $6.1993       ║ no data                  ║             918 ║
╠═══════╬══════════╬══════════════════════╬═══════════════════════╬═══════════════╬══════════════════════════╬═════════════════╣
║    24 ║ WLD      ║ 754,009,475          ║ $29,020,491,506.31    ║ $2.902        ║ no data                  ║             886 ║
╠═══════╬══════════╬══════════════════════╬═══════════════════════╬═══════════════╬══════════════════════════╬═════════════════╣
║    25 ║ SEI      ║ 3,982,916,666        ║ $4,951,689,744.90     ║ $0.5581       ║ 57                       ║             872 ║
╠═══════╬══════════╬══════════════════════╬═══════════════════════╬═══════════════╬══════════════════════════╬═════════════════╣
║    26 ║ ONDO     ║ 1,389,759,838        ║ $16,445,814,259.94    ║ $1.6446       ║ no data                  ║             848 ║
╠═══════╬══════════╬══════════════════════╬═══════════════════════╬═══════════════╬══════════════════════════╬═════════════════╣
║    27 ║ GRT      ║ 9,548,531,509        ║ $2,882,365,505.45     ║ $0.2669       ║ no data                  ║             761 ║
╠═══════╬══════════╬══════════════════════╬═══════════════════════╬═══════════════╬══════════════════════════╬═════════════════╣
║    28 ║ INJ      ║ 98,848,019           ║ $2,703,840,364.22     ║ $27.0384      ║ no data                  ║             725 ║
╠═══════╬══════════╬══════════════════════╬═══════════════════════╬═══════════════╬══════════════════════════╬═════════════════╣
║    29 ║ TIA      ║ 446,686,915          ║ $7,276,674,552.30     ║ $6.7681       ║ no data                  ║             641 ║
╠═══════╬══════════╬══════════════════════╬═══════════════════════╬═══════════════╬══════════════════════════╬═════════════════╣
║    30 ║ ATOM     ║ 390,930,671          ║ $3,404,970,722.81     ║ $7.9812       ║ no data                  ║             621 ║
╠═══════╬══════════╬══════════════════════╬═══════════════════════╬═══════════════╬══════════════════════════╬═════════════════╣
║    31 ║ XMR      ║ 18,429,993           ║ $14,092,429.91        ║ $175.2645     ║ 5                        ║             600 ║
╠═══════╬══════════╬══════════════════════╬═══════════════════════╬═══════════════╬══════════════════════════╬═════════════════╣
║    32 ║ FTM      ║ 2,803,634,835        ║ $3,709,189,262.89     ║ $1.1682       ║ no data                  ║             592 ║
╠═══════╬══════════╬══════════════════════╬═══════════════════════╬═══════════════╬══════════════════════════╬═════════════════╣
║    33 ║ ALGO     ║ 8,308,506,364        ║ $4,135,246,207.49     ║ $0.4135       ║ no data                  ║             564 ║
╠═══════╬══════════╬══════════════════════╬═══════════════════════╬═══════════════╬══════════════════════════╬═════════════════╣
║    34 ║ FIL      ║ 609,812,460          ║ $3,837,200,083.24     ║ $6.2897       ║ 200                      ║             505 ║
╠═══════╬══════════╬══════════════════════╬═══════════════════════╬═══════════════╬══════════════════════════╬═════════════════╣
║    35 ║ OM       ║ 943,444,109          ║ $3,665,341,619.08     ║ $4.1235       ║ 106                      ║             498 ║
╠═══════╬══════════╬══════════════════════╬═══════════════════════╬═══════════════╬══════════════════════════╬═════════════════╣
║    36 ║ STX      ║ 1,818,000,000        ║ $3,379,104,139.83     ║ $2.1715       ║ 1098                     ║             491 ║
╠═══════╬══════════╬══════════════════════╬═══════════════════════╬═══════════════╬══════════════════════════╬═════════════════╣
║    37 ║ ARB      ║ 4,097,359,817        ║ $9,707,750,555.71     ║ $0.9708       ║ no data                  ║             487 ║
╠═══════╬══════════╬══════════════════════╬═══════════════════════╬═══════════════╬══════════════════════════╬═════════════════╣
║    38 ║ CRO      ║ 26,571,560,696       ║ $5,047,951,197.18     ║ $0.1683       ║ 99                       ║             433 ║
╠═══════╬══════════╬══════════════════════╬═══════════════════════╬═══════════════╬══════════════════════════╬═════════════════╣
║    39 ║ KAS      ║ 28,704,026,601       ║ $4,085,704,728.30     ║ $0.1613       ║ 33                       ║             419 ║
╠═══════╬══════════╬══════════════════════╬═══════════════════════╬═══════════════╬══════════════════════════╬═════════════════╣
║    40 ║ VET      ║ 80,985,041,177       ║ $4,919,694,940.15     ║ $0.0572       ║ 33                       ║             418 ║
╠═══════╬══════════╬══════════════════════╬═══════════════════════╬═══════════════╬══════════════════════════╬═════════════════╣
║    41 ║ POL      ║ 8,352,869,756        ║ $5,990,005,289.94     ║ $0.5808       ║ no data                  ║             400 ║
╠═══════╬══════════╬══════════════════════╬═══════════════════════╬═══════════════╬══════════════════════════╬═════════════════╣
║    42 ║ APT      ║ 536,084,855          ║ $13,149,998,061.53    ║ $11.6356      ║ 506                      ║             311 ║
╠═══════╬══════════╬══════════════════════╬═══════════════════════╬═══════════════╬══════════════════════════╬═════════════════╣
║    43 ║ NEAR     ║ 1,188,295,576        ║ $7,997,146,398.25     ║ $6.5314       ║ 340                      ║             250 ║
╠═══════╬══════════╬══════════════════════╬═══════════════════════╬═══════════════╬══════════════════════════╬═════════════════╣
║    44 ║ UNI      ║ 600,483,073          ║ $15,661,960,561.45    ║ $15.662       ║ no data                  ║             206 ║
╠═══════╬══════════╬══════════════════════╬═══════════════════════╬═══════════════╬══════════════════════════╬═════════════════╣
║    45 ║ HBAR     ║ 38,228,257,945       ║ $14,205,642,428.73    ║ $0.2841       ║ 478                      ║             178 ║
╠═══════╬══════════╬══════════════════════╬═══════════════════════╬═══════════════╬══════════════════════════╬═════════════════╣
║    46 ║ SUI      ║ 2,927,660,018        ║ $38,508,260,560.12    ║ $3.8508       ║ 1549                     ║             172 ║
╠═══════╬══════════╬══════════════════════╬═══════════════════════╬═══════════════╬══════════════════════════╬═════════════════╣
║    47 ║ TAO      ║ 21,000,000           ║ $4,574,529,789.45     ║ $580.3243     ║ 246                      ║             159 ║
╠═══════╬══════════╬══════════════════════╬═══════════════════════╬═══════════════╬══════════════════════════╬═════════════════╣
║    48 ║ XLM      ║ 30,161,094,439       ║ $20,257,985,085.83    ║ $0.4051       ║ 170                      ║             159 ║
╠═══════╬══════════╬══════════════════════╬═══════════════════════╬═══════════════╬══════════════════════════╬═════════════════╣
║    49 ║ DOT      ║ 1,527,202,210        ║ $12,926,529,423.79    ║ $8.4642       ║ 114                      ║             150 ║
╠═══════╬══════════╬══════════════════════╬═══════════════════════╬═══════════════╬══════════════════════════╬═════════════════╣
║    50 ║ LINK     ║ 626,849,970          ║ $23,084,841,842.27    ║ $23.0848      ║ 934                      ║             134 ║
╠═══════╬══════════╬══════════════════════╬═══════════════════════╬═══════════════╬══════════════════════════╬═════════════════╣
║    51 ║ AVAX     ║ 447,755,292          ║ $20,287,642,696.91    ║ $45.3092      ║ 168                      ║              96 ║
╠═══════╬══════════╬══════════════════════╬═══════════════════════╬═══════════════╬══════════════════════════╬═════════════════╣
║    52 ║ TRX      ║ 86,262,438,049       ║ $23,346,282,160.34    ║ $0.2707       ║ 31                       ║              83 ║
╠═══════╬══════════╬══════════════════════╬═══════════════════════╬═══════════════╬══════════════════════════╬═════════════════╣
║    53 ║ ADA      ║ 35,102,215,549       ║ $45,316,066,365.96    ║ $1.007        ║ no data                  ║              55 ║
╠═══════╬══════════╬══════════════════════╬═══════════════════════╬═══════════════╬══════════════════════════╬═════════════════╣
║    54 ║ SOL      ║ 476,106,751          ║ $127,821,219,853.26   ║ $216.7076     ║ no data                  ║              19 ║
╠═══════╬══════════╬══════════════════════╬═══════════════════════╬═══════════════╬══════════════════════════╬═════════════════╣
║    55 ║ ETH      ║ 122,056,395          ║ $447,685,890,613.90   ║ $3716.9333    ║ 231                      ║               4 ║
╠═══════╬══════════╬══════════════════════╬═══════════════════════╬═══════════════╬══════════════════════════╬═════════════════╣
║    56 ║ BTC      ║ 19,792,881           ║ $1,938,280,112,257.84 ║ $97,924.42    ║ 573                      ║               0 ║
╚═══════╩══════════╩══════════════════════╩═══════════════════════╩═══════════════╩══════════════════════════╩═════════════════╝